[00:03:57] [Server thread/INFO]: Villager EntityVillager['Mason'/433, l='ServerLevel[The World]', x=-302.46, y=65.50, z=-220.64] died, message: 'Mason tried to swim in lava'
[00:33:03] [Async Chat Thread - #9/INFO]: <bruce8866> 1025 55 -37
[00:33:08] [Async Chat Thread - #9/INFO]: <bruce8866> cjo6ur8 j2/41025 55 -37
[00:33:21] [Async Chat Thread - #9/INFO]: <bruce8866> 回家動1025 55 -37
[00:37:55] [Server thread/INFO]: scrx1316 has made the advancement [Hidden in the Depths]
[00:38:08] [Server thread/INFO]: bruce8866 has made the advancement [Hidden in the Depths]
[01:00:48] [Server thread/INFO]: bruce8866 experienced kinetic energy
[01:24:10] [Server thread/INFO]: bruce8866 has completed the challenge [Hot Tourist Destinations]
[01:25:59] [Server thread/WARN]: bruce8866 moved too quickly! -1.1608847191978384,-4.281239109474086,-27.057800820832497
[01:25:59] [Server thread/WARN]: bruce8866 moved too quickly! -0.8706796208298329,-4.123055385318281,-26.025980708292792
[01:26:28] [Server thread/WARN]: bruce8866 moved wrongly!
[02:08:16] [Server thread/INFO]: scrx1316 lost connection: Disconnected
[02:08:16] [Server thread/INFO]: scrx1316 left the game
[02:09:19] [User Authenticator #36/INFO]: UUID of player scrx1316 is d3fa8ae6-9188-3ea7-bbe3-ef2465d94d83
[02:09:19] [Server thread/INFO]: scrx1316[/25.57.24.164:1619] logged in with entity id 744778 at ([The World]-298.38469151792026, 69.0, -237.20977981076507)
[02:10:13] [Server thread/INFO]: Villager EntityVillager['Villager'/80759, l='ServerLevel[The World]', x=-302.30, y=75.56, z=-239.30] died, message: 'Villager was slain by scrx1316 using [萬用斧]'
[02:10:17] [Server thread/INFO]: Villager EntityVillager['Villager'/438, l='ServerLevel[The World]', x=-302.52, y=75.66, z=-238.88] died, message: 'Villager was slain by scrx1316 using [萬用斧]'
[02:10:19] [Server thread/INFO]: Villager EntityVillager['Villager'/649969, l='ServerLevel[The World]', x=-302.49, y=75.85, z=-238.30] died, message: 'Villager was slain by scrx1316 using [萬用斧]'
[02:10:22] [Server thread/INFO]: Villager EntityVillager['Villager'/424, l='ServerLevel[The World]', x=-301.70, y=75.56, z=-237.51] died, message: 'Villager was slain by scrx1316 using [萬用斧]'
[02:10:24] [Server thread/INFO]: Villager EntityVillager['Villager'/510456, l='ServerLevel[The World]', x=-302.49, y=75.69, z=-238.30] died, message: 'Villager was slain by scrx1316 using [萬用斧]'
[02:10:25] [Server thread/INFO]: Villager EntityVillager['Villager'/529162, l='ServerLevel[The World]', x=-302.70, y=75.56, z=-238.84] died, message: 'Villager was slain by scrx1316 using [萬用斧]'
[02:10:26] [Server thread/INFO]: Villager EntityVillager['Villager'/76947, l='ServerLevel[The World]', x=-302.53, y=75.56, z=-238.94] died, message: 'Villager was slain by scrx1316 using [萬用斧]'
[02:10:28] [Server thread/INFO]: Villager EntityVillager['Villager'/645347, l='ServerLevel[The World]', x=-302.49, y=75.56, z=-238.30] died, message: 'Villager was slain by scrx1316 using [萬用斧]'
[02:10:30] [Server thread/INFO]: Villager EntityVillager['Villager'/477620, l='ServerLevel[The World]', x=-302.54, y=75.56, z=-238.30] died, message: 'Villager was slain by scrx1316 using [萬用斧]'
[02:10:33] [Server thread/INFO]: Villager EntityVillager['Villager'/682080, l='ServerLevel[The World]', x=-302.49, y=75.56, z=-238.30] died, message: 'Villager was slain by scrx1316 using [萬用斧]'
[02:10:35] [Server thread/INFO]: Villager EntityVillager['Villager'/161353, l='ServerLevel[The World]', x=-302.49, y=75.56, z=-238.30] died, message: 'Villager was slain by scrx1316 using [萬用斧]'
[02:10:37] [Server thread/INFO]: Villager EntityVillager['Villager'/102332, l='ServerLevel[The World]', x=-302.70, y=75.69, z=-238.30] died, message: 'Villager was slain by scrx1316 using [萬用斧]'
[02:10:38] [Server thread/INFO]: Villager EntityVillager['Villager'/89346, l='ServerLevel[The World]', x=-302.69, y=75.60, z=-238.31] died, message: 'Villager was slain by scrx1316 using [萬用斧]'
[02:10:40] [Server thread/INFO]: Villager EntityVillager['Villager'/443, l='ServerLevel[The World]', x=-302.70, y=75.56, z=-238.43] died, message: 'Villager was slain by scrx1316 using [萬用斧]'
[02:10:44] [Server thread/INFO]: Villager EntityVillager['Villager'/445, l='ServerLevel[The World]', x=-301.28, y=75.60, z=-239.55] died, message: 'Villager was slain by scrx1316 using [萬用斧]'
[02:10:45] [Server thread/INFO]: Villager EntityVillager['Villager'/99762, l='ServerLevel[The World]', x=-302.70, y=75.69, z=-239.70] died, message: 'Villager was slain by scrx1316 using [萬用斧]'
[02:10:47] [Server thread/INFO]: Villager EntityVillager['Villager'/94966, l='ServerLevel[The World]', x=-300.70, y=75.82, z=-239.30] died, message: 'Villager was slain by scrx1316 using [萬用斧]'
[02:10:49] [Server thread/INFO]: Villager EntityVillager['Villager'/412088, l='ServerLevel[The World]', x=-300.70, y=75.56, z=-239.30] died, message: 'Villager was slain by scrx1316 using [萬用斧]'
[02:10:52] [Server thread/INFO]: Villager EntityVillager['Villager'/275608, l='ServerLevel[The World]', x=-300.70, y=75.56, z=-239.30] died, message: 'Villager was slain by scrx1316 using [萬用斧]'
[02:10:54] [Server thread/INFO]: Villager EntityVillager['Villager'/444, l='ServerLevel[The World]', x=-300.70, y=75.88, z=-239.30] died, message: 'Villager was slain by scrx1316 using [萬用斧]'
[02:10:57] [Server thread/INFO]: Villager EntityVillager['Villager'/371610, l='ServerLevel[The World]', x=-300.70, y=75.88, z=-239.30] died, message: 'Villager was slain by scrx1316 using [萬用斧]'
[02:11:00] [Server thread/INFO]: Villager EntityVillager['Villager'/361555, l='ServerLevel[The World]', x=-302.49, y=75.56, z=-239.02] died, message: 'Villager was slain by scrx1316 using [萬用斧]'
[02:11:01] [Server thread/INFO]: Villager EntityVillager['Villager'/442, l='ServerLevel[The World]', x=-302.49, y=75.56, z=-238.30] died, message: 'Villager was slain by scrx1316 using [萬用斧]'
[02:11:02] [Server thread/INFO]: Villager EntityVillager['Villager'/470309, l='ServerLevel[The World]', x=-302.48, y=75.56, z=-239.70] died, message: 'Villager was slain by scrx1316 using [萬用斧]'
[02:11:04] [Server thread/INFO]: Villager EntityVillager['Villager'/452511, l='ServerLevel[The World]', x=-302.70, y=75.56, z=-239.70] died, message: 'Villager was slain by scrx1316 using [萬用斧]'
[02:11:05] [Server thread/INFO]: Villager EntityVillager['Villager'/671942, l='ServerLevel[The World]', x=-301.51, y=75.56, z=-239.49] died, message: 'Villager was slain by scrx1316 using [萬用斧]'
[02:11:07] [Server thread/INFO]: Villager EntityVillager['Villager'/263446, l='ServerLevel[The World]', x=-302.70, y=75.56, z=-239.07] died, message: 'Villager was slain by scrx1316 using [萬用斧]'
[02:11:11] [Server thread/INFO]: Villager EntityVillager['Villager'/158403, l='ServerLevel[The World]', x=-301.95, y=75.56, z=-239.50] died, message: 'Villager was slain by scrx1316 using [萬用斧]'
[02:11:12] [Server thread/INFO]: Villager EntityVillager['Villager'/358465, l='ServerLevel[The World]', x=-301.11, y=75.56, z=-239.70] died, message: 'Villager was slain by scrx1316 using [萬用斧]'
[02:11:14] [Server thread/INFO]: Villager EntityVillager['Villager'/17829, l='ServerLevel[The World]', x=-301.32, y=75.60, z=-239.69] died, message: 'Villager was slain by scrx1316 using [萬用斧]'
[02:11:17] [Server thread/INFO]: Villager EntityVillager['Villager'/439, l='ServerLevel[The World]', x=-300.30, y=75.88, z=-239.70] died, message: 'Villager was slain by scrx1316 using [萬用斧]'
[02:11:18] [Server thread/INFO]: Villager EntityVillager['Villager'/38453, l='ServerLevel[The World]', x=-300.70, y=75.56, z=-239.30] died, message: 'Villager was slain by scrx1316 using [萬用斧]'
[02:11:20] [Server thread/INFO]: Villager EntityVillager['Villager'/145419, l='ServerLevel[The World]', x=-300.55, y=75.60, z=-239.48] died, message: 'Villager was slain by scrx1316 using [萬用斧]'
[02:11:22] [Server thread/INFO]: Villager EntityVillager['Villager'/560446, l='ServerLevel[The World]', x=-300.51, y=75.56, z=-238.95] died, message: 'Villager was slain by scrx1316 using [萬用斧]'
[02:11:30] [Server thread/INFO]: Villager EntityVillager['Villager'/743052, l='ServerLevel[The World]', x=-302.18, y=75.56, z=-237.15] died, message: 'Villager was slain by scrx1316 using [萬用斧]'
[02:11:32] [Server thread/INFO]: Villager EntityVillager['Villager'/21102, l='ServerLevel[The World]', x=-301.30, y=75.56, z=-237.51] died, message: 'Villager was slain by scrx1316 using [萬用斧]'
[02:19:15] [Server thread/WARN]: scrx1316 moved wrongly!
[02:27:04] [Server thread/INFO]: bruce8866 issued server command: /time set night
[02:27:04] [Server thread/INFO]: [bruce8866: Set the time to 13000]
[02:43:17] [Server thread/INFO]: bruce8866 issued server command: /time set night
[02:43:17] [Server thread/INFO]: [bruce8866: Set the time to 13000]
[02:45:18] [Server thread/INFO]: scrx1316 lost connection: Disconnected
[02:45:18] [Server thread/INFO]: scrx1316 left the game
[03:14:10] [Server thread/INFO]: OTARO lost connection: Disconnected
[03:14:10] [Server thread/INFO]: OTARO left the game
[03:44:47] [Server thread/INFO]: bruce8866 lost connection: Disconnected
[03:44:47] [Server thread/INFO]: bruce8866 left the game
[04:17:46] [User Authenticator #37/INFO]: UUID of player bruce8866 is e6306138-10b0-3f47-beee-72fd1ffe7eac
[04:17:46] [Server thread/INFO]: bruce8866[/192.168.1.151:12156] logged in with entity id 780131 at ([The World_nether]1024.3239982546497, 116.0, -27.30000001192093)
[04:37:00] [Server thread/INFO]: bruce8866 has made the advancement [Those Were the Days]
[04:37:24] [Server thread/INFO]: bruce8866 issued server command: /dynmap
[04:39:55] [Server thread/INFO]: bruce8866 issued server command: /dynmap radiusrender 100
[04:40:26] [Server thread/INFO]: bruce8866 has made the advancement [War Pigs]
[04:59:02] [Server thread/INFO]: bruce8866 lost connection: Disconnected
[04:59:02] [Server thread/INFO]: bruce8866 left the game
[05:02:18] [User Authenticator #38/INFO]: UUID of player bruce8866 is e6306138-10b0-3f47-beee-72fd1ffe7eac
[05:02:19] [Server thread/INFO]: bruce8866[/192.168.1.151:12430] logged in with entity id 784372 at ([The World_nether]1872.0896057825557, 65.0, -1167.2342330727022)
[05:02:40] [Server thread/INFO]: bruce8866 lost connection: Disconnected
[05:02:40] [Server thread/INFO]: bruce8866 left the game
[05:05:32] [User Authenticator #39/INFO]: UUID of player bruce8866 is e6306138-10b0-3f47-beee-72fd1ffe7eac
[05:05:32] [Server thread/INFO]: bruce8866[/192.168.1.151:12508] logged in with entity id 784485 at ([The World_nether]1867.3781506193088, 68.0, -1160.6686822023032)
[05:05:58] [Server thread/INFO]: bruce8866 issued server command: /gamemode spectator
[05:05:58] [Server thread/INFO]: [bruce8866: Set own game mode to Spectator Mode]
[05:06:59] [Server thread/INFO]: bruce8866 issued server command: /gamemode survival
[05:06:59] [Server thread/INFO]: [bruce8866: Set own game mode to Survival Mode]
[05:08:53] [Server thread/INFO]: bruce8866 lost connection: Disconnected
[05:08:53] [Server thread/INFO]: bruce8866 left the game
[05:10:35] [User Authenticator #40/INFO]: UUID of player bruce8866 is e6306138-10b0-3f47-beee-72fd1ffe7eac
[05:10:35] [Server thread/INFO]: bruce8866[/192.168.1.151:12533] logged in with entity id 784870 at ([The World_nether]1830.084338217011, 59.0, -1367.0712954883206)
[05:11:04] [Server thread/INFO]: bruce8866 lost connection: Disconnected
[05:11:04] [Server thread/INFO]: bruce8866 left the game
[05:11:44] [User Authenticator #41/INFO]: UUID of player bruce8866 is e6306138-10b0-3f47-beee-72fd1ffe7eac
[05:11:44] [Server thread/INFO]: bruce8866[/192.168.1.151:12586] logged in with entity id 785023 at ([The World_nether]1839.6023169655361, 54.0, -1389.226211358504)
[05:12:14] [Server thread/WARN]: bruce8866 moved wrongly!
[05:15:41] [Server thread/INFO]: bruce8866 lost connection: Disconnected
[05:15:41] [Server thread/INFO]: bruce8866 left the game
[05:15:46] [User Authenticator #42/INFO]: UUID of player bruce8866 is e6306138-10b0-3f47-beee-72fd1ffe7eac
[05:15:47] [Server thread/INFO]: bruce8866[/192.168.1.151:12629] logged in with entity id 785829 at ([The World_nether]1546.300000011921, 60.0, -761.3000000119209)
[05:15:51] [Server thread/INFO]: bruce8866 lost connection: Disconnected
[05:15:51] [Server thread/INFO]: bruce8866 left the game
[05:15:59] [User Authenticator #43/INFO]: UUID of player bruce8866 is e6306138-10b0-3f47-beee-72fd1ffe7eac
[05:15:59] [Server thread/INFO]: bruce8866[/192.168.1.151:12638] logged in with entity id 785952 at ([The World_nether]1549.488506964606, 57.0, -755.1941535014084)
[05:16:04] [Server thread/INFO]: bruce8866 lost connection: Disconnected
[05:16:04] [Server thread/INFO]: bruce8866 left the game
[05:16:26] [User Authenticator #44/INFO]: UUID of player bruce8866 is e6306138-10b0-3f47-beee-72fd1ffe7eac
[05:16:26] [Server thread/INFO]: bruce8866[/192.168.1.151:12648] logged in with entity id 786082 at ([The World_nether]1547.300000011921, 55.2807999920845, -754.6999999880791)
[05:20:44] [Server thread/INFO]: bruce8866 has made the advancement [Who is Cutting Onions?]
[09:43:59] [Server thread/INFO]: bruce8866 lost connection: Disconnected
[09:43:59] [Server thread/INFO]: bruce8866 left the game
[14:53:05] [User Authenticator #45/INFO]: UUID of player OTARO is 70856b12-d4dc-3fc1-a2a2-b248ec62e0bd
[14:53:05] [Server thread/INFO]: OTARO[/25.90.226.250:10316] logged in with entity id 893698 at ([The World]-242.11708949877482, 77.0, -246.3345172049145)
[16:03:55] [Server thread/WARN]: OTARO moved too quickly! 6.816107484364437,0.0,8.805016166118406
[16:19:18] [User Authenticator #46/INFO]: UUID of player scrx1316 is d3fa8ae6-9188-3ea7-bbe3-ef2465d94d83
[16:19:19] [Server thread/INFO]: scrx1316[/25.57.24.164:2288] logged in with entity id 915397 at ([The World]-303.2004057400612, 80.0, -239.44294656976965)
[16:20:03] [Server thread/INFO]: Villager EntityVillager['Villager'/849084, l='ServerLevel[The World]', x=-301.70, y=75.50, z=-238.30] died, message: 'Villager was slain by scrx1316 using [萬用斧]'
[16:35:58] [Server thread/INFO]: Villager EntityVillager['Librarian'/440, l='ServerLevel[The World]', x=-240.50, y=63.00, z=-233.49] died, message: 'Librarian was shot by scrx1316'
[16:52:40] [Server thread/INFO]: Villager EntityVillager['Librarian'/215667, l='ServerLevel[The World]', x=-302.49, y=65.69, z=-220.50] died, message: 'Librarian tried to swim in lava'
[16:53:52] [Server thread/WARN]: OTARO moved too quickly! 0.6106877598114693,2.5,-9.802575873136362
[17:07:28] [Server thread/INFO]: scrx1316 has made the advancement [A Throwaway Joke]
[17:35:51] [User Authenticator #47/INFO]: UUID of player bruce8866 is e6306138-10b0-3f47-beee-72fd1ffe7eac
[17:35:52] [Server thread/INFO]: bruce8866[/192.168.1.151:2285] logged in with entity id 960395 at ([The World]-254.72047812012738, 77.0, -241.564712285337)
[17:55:36] [Server thread/INFO]: bruce8866 issued server command: /difficulty
[18:44:45] [Server thread/WARN]: Boat (vehicle of bruce8866) moved wrongly! 0.4005118988338836
[18:44:45] [Server thread/WARN]: Boat (vehicle of bruce8866) moved wrongly! 0.6701562445362015
[18:44:45] [Server thread/WARN]: Boat (vehicle of bruce8866) moved wrongly! 0.7145049656655829
[18:50:00] [Server thread/WARN]: Entity EntityPlayer['bruce8866'/960395, l='ServerLevel[The World_the_end]', x=100.50, y=49.00, z=0.50](bruce8866 at 100.5,49.0,0.5) left loaded chunk area
[18:50:00] [Server thread/WARN]: bruce8866 moved too quickly! 799.0144012320794,10.0,-1164.8579490160414
[18:50:00] [Server thread/WARN]: bruce8866 moved too quickly! 799.0144012320794,10.0,-1164.8579490160414
[18:52:41] [Server thread/INFO]: OTARO lost connection: Disconnected
[18:52:41] [Server thread/INFO]: OTARO left the game
[19:16:04] [User Authenticator #48/INFO]: UUID of player OTARO is 70856b12-d4dc-3fc1-a2a2-b248ec62e0bd
[19:16:04] [Server thread/INFO]: OTARO[/25.90.226.250:2426] logged in with entity id 1013952 at ([The World]-714.9330562802952, 37.0, 1168.7238483685408)
[19:48:41] [Server thread/WARN]: scrx1316 moved too quickly! 800.147358651682,9.85526527938898,-1164.0237510686713
[20:52:04] [Server thread/INFO]: scrx1316 lost connection: Disconnected
[20:52:04] [Server thread/INFO]: scrx1316 left the game
[20:52:26] [User Authenticator #49/INFO]: UUID of player scrx1316 is d3fa8ae6-9188-3ea7-bbe3-ef2465d94d83
[20:52:27] [Server thread/INFO]: scrx1316[/25.57.24.164:4787] logged in with entity id 1087146 at ([The World]-253.71234728103042, 77.0, -247.03695679774953)
[20:56:20] [Server thread/WARN]: OTARO moved too quickly! 729.1813278182095,14.233632006042477,1698.8213147372917
[21:02:20] [Server thread/WARN]: bruce8866 moved too quickly! 799.0374519791612,9.791825251955458,-1165.31235042302
[21:14:07] [Server thread/INFO]: OTARO has made the advancement [Free the End]
[21:18:04] [Server thread/WARN]: bruce8866 moved too quickly! 799.1333098509541,10.0,-1164.7797385653505
[21:23:00] [Server thread/INFO]: bruce8866 issued server command: /dynmap help
[21:23:20] [Server thread/INFO]: bruce8866 issued server command: /dynmap radiusrender 100
[21:32:58] [Server thread/INFO]: OTARO lost connection: Disconnected
[21:32:58] [Server thread/INFO]: OTARO left the game
[21:34:25] [Server thread/WARN]: bruce8866 moved too quickly! 799.0603506275404,9.747796659746271,-1164.3378071213467
[21:34:25] [Server thread/WARN]: bruce8866 moved too quickly! 799.0603506275404,9.747796659746271,-1164.3378071213467
[21:34:25] [Server thread/WARN]: bruce8866 moved too quickly! 799.0603506275404,9.747796659746271,-1164.3378071213467
[21:40:46] [User Authenticator #50/INFO]: UUID of player OTARO is 70856b12-d4dc-3fc1-a2a2-b248ec62e0bd
[21:40:46] [Server thread/INFO]: OTARO[/25.90.226.250:5969] logged in with entity id 1111505 at ([The World]-241.00093922861086, 64.0, -206.90934580388966)
[21:41:18] [Server thread/INFO]: Villager EntityVillager['Villager'/248, l='ServerLevel[The World]', x=-257.50, y=69.00, z=-231.50] died, message: 'Villager was shot by scrx1316 using [三重（ㄔㄨㄥˊ）擊]'
[21:44:01] [Server thread/INFO]: Villager EntityVillager['Cleric'/853673, l='ServerLevel[The World]', x=-311.54, y=70.00, z=-213.23] died, message: 'Cleric was shot by scrx1316'
[21:57:46] [Server thread/INFO]: OTARO experienced kinetic energy
[22:00:10] [Server thread/WARN]: scrx1316 moved wrongly!
[22:02:40] [Async Chat Thread - #10/INFO]: <bruce8866> 1237 64 132
[22:03:03] [Server thread/INFO]: [WEB] : 555
[22:06:46] [Server thread/INFO]: scrx1316 has made the advancement [Those Were the Days]
[22:13:30] [Server thread/INFO]: OTARO lost connection: Disconnected
[22:13:30] [Server thread/INFO]: OTARO left the game
[22:14:52] [User Authenticator #51/INFO]: UUID of player OTARO is 70856b12-d4dc-3fc1-a2a2-b248ec62e0bd
[22:14:52] [Server thread/INFO]: OTARO[/25.90.226.250:6781] logged in with entity id 1125347 at ([The World]-229.25591224236905, 5.0, -205.32996883034954)
[22:17:53] [Server thread/INFO]: bruce8866 issued server command: /give OTARO
[22:18:11] [Server thread/INFO]: OTARO lost connection: Disconnected
[22:18:11] [Server thread/INFO]: OTARO left the game
[22:18:30] [User Authenticator #52/INFO]: UUID of player OTARO is 70856b12-d4dc-3fc1-a2a2-b248ec62e0bd
[22:18:30] [Server thread/INFO]: OTARO[/25.90.226.250:6858] logged in with entity id 1127315 at ([The World_nether]1025.6876922289518, 103.0, -34.44573811211896)
[22:18:33] [Server thread/INFO]: bruce8866 issued server command: /gamemode creative OTARO
[22:18:33] [Server thread/INFO]: [bruce8866: Set OTARO's game mode to Creative Mode]
[22:32:55] [Server thread/INFO]: bruce8866 issued server command: /gamemode survival OTARO
[22:32:55] [Server thread/INFO]: [bruce8866: Set OTARO's game mode to Survival Mode]
[22:49:07] [Server thread/INFO]: OTARO burned to death
[22:52:50] [Server thread/INFO]: [WEB] OTARO: 1297  14  465
[22:58:09] [Server thread/INFO]: OTARO fell from a high place
[23:05:58] [Server thread/WARN]: scrx1316 moved too quickly! 5.637931282755176,-6.827058507776286,56.32632433089614
[23:06:43] [Server thread/INFO]: scrx1316 has completed the challenge [Hot Tourist Destinations]
[23:16:24] [Server thread/INFO]: OTARO lost connection: Disconnected
[23:16:24] [Server thread/INFO]: OTARO left the game
[23:18:23] [Server thread/INFO]: scrx1316 lost connection: Disconnected
[23:18:23] [Server thread/INFO]: scrx1316 left the game
[23:18:30] [User Authenticator #53/INFO]: UUID of player scrx1316 is d3fa8ae6-9188-3ea7-bbe3-ef2465d94d83
[23:18:30] [Server thread/INFO]: scrx1316[/25.57.24.164:6156] logged in with entity id 1154759 at ([The World_nether]983.861092345737, 91.0, 313.30000001192093)
[23:19:32] [Server thread/INFO]: scrx1316 has made the advancement [War Pigs]
[23:26:03] [User Authenticator #54/INFO]: UUID of player OTARO is 70856b12-d4dc-3fc1-a2a2-b248ec62e0bd
[23:26:03] [Server thread/INFO]: OTARO[/25.90.226.250:8378] logged in with entity id 1157215 at ([The World_nether]1022.0169716040983, 45.0, -47.70068237124424)
[23:26:22] [Server thread/INFO]: OTARO tried to swim in lava
[23:27:27] [Async Chat Thread - #11/INFO]: <bruce8866> 537 74 394
