[00:09:48] [User Authenticator #2/INFO]: UUID of player bruce8866 is e6306138-10b0-3f47-beee-72fd1ffe7eac
[00:09:48] [Server thread/INFO]: bruce8866[/192.168.1.151:1474] logged in with entity id 2981 at ([The World]-535.2069834248497, 63.0, -877.9203370769425)
[00:11:02] [Server thread/INFO]: bruce8866 issued server command: /dynmap radiusrender 100
[00:14:32] [User Authenticator #3/INFO]: UUID of player scrx1316 is d3fa8ae6-9188-3ea7-bbe3-ef2465d94d83
[00:14:32] [Server thread/INFO]: scrx1316[/25.57.24.164:3437] logged in with entity id 4749 at ([The World]-644.9609331938867, 115.0, -107.40400698334483)
[00:16:29] [Server thread/INFO]: scrx1316 lost connection: Disconnected
[00:16:29] [Server thread/INFO]: scrx1316 left the game
[00:20:08] [User Authenticator #4/INFO]: UUID of player scrx1316 is d3fa8ae6-9188-3ea7-bbe3-ef2465d94d83
[00:20:08] [Server thread/INFO]: scrx1316[/25.57.24.164:3472] logged in with entity id 5901 at ([The World]-642.8054711714535, 114.0, -105.05713003120572)
[00:34:55] [Server thread/INFO]: scrx1316 lost connection: Disconnected
[00:34:55] [Server thread/INFO]: scrx1316 left the game
[00:35:18] [User Authenticator #5/INFO]: UUID of player scrx1316 is d3fa8ae6-9188-3ea7-bbe3-ef2465d94d83
[00:35:18] [Server thread/INFO]: scrx1316[/25.57.24.164:3600] logged in with entity id 13196 at ([The World]-239.5, 79.0, -236.5)
[00:50:15] [User Authenticator #6/INFO]: UUID of player OTARO is 70856b12-d4dc-3fc1-a2a2-b248ec62e0bd
[00:50:15] [Server thread/INFO]: OTARO[/25.90.226.250:3578] logged in with entity id 19204 at ([The World]-229.25591224236905, 5.0, -205.32996883034954)
[00:54:21] [Server thread/INFO]: bruce8866 issued server command: /dynmap radiusrender 1000
[00:59:24] [Server thread/INFO]: OTARO lost connection: Disconnected
[00:59:24] [Server thread/INFO]: OTARO left the game
[01:00:10] [User Authenticator #7/INFO]: UUID of player OTARO is 70856b12-d4dc-3fc1-a2a2-b248ec62e0bd
[01:00:11] [Server thread/INFO]: OTARO[/25.90.226.250:3789] logged in with entity id 23475 at ([The World_nether]-26.7575665900968, 68.0, -34.36441231666192)
[01:14:25] [Server thread/INFO]: Villager EntityVillager['Shepherd'/660, l='ServerLevel[The World]', x=-324.47, y=64.00, z=-184.81] died, message: 'Shepherd hit the ground too hard'
[01:21:15] [Server thread/INFO]: OTARO lost connection: Disconnected
[01:21:15] [Server thread/INFO]: OTARO left the game
[01:21:31] [User Authenticator #8/INFO]: UUID of player OTARO is 70856b12-d4dc-3fc1-a2a2-b248ec62e0bd
[01:21:31] [Server thread/INFO]: OTARO[/25.90.226.250:4101] logged in with entity id 31774 at ([The World]-313.9942529927076, 71.0, -210.21469783343753)
[01:32:12] [Server thread/INFO]: Villager EntityVillager['Farmer'/406, l='ServerLevel[The World]', x=-292.30, y=78.94, z=-245.50] died, message: 'Farmer was killed by Witch using magic'
[02:12:05] [Server thread/INFO]: Villager EntityVillager['Mason'/420, l='ServerLevel[The World]', x=-302.49, y=65.69, z=-220.48] died, message: 'Mason tried to swim in lava'
[02:33:27] [Server thread/INFO]: OTARO lost connection: Disconnected
[02:33:27] [Server thread/INFO]: OTARO left the game
[02:34:04] [User Authenticator #9/INFO]: UUID of player OTARO is 70856b12-d4dc-3fc1-a2a2-b248ec62e0bd
[02:34:05] [Server thread/INFO]: OTARO[/25.90.226.250:5206] logged in with entity id 66565 at ([The World_nether]-27.648873161429893, 78.0, -27.48750001192093)
[02:38:19] [Server thread/INFO]: scrx1316 lost connection: Disconnected
[02:38:19] [Server thread/INFO]: scrx1316 left the game
[02:50:12] [Async Chat Thread - #0/INFO]: <bruce8866> -416 -182
[02:50:51] [Server thread/INFO]: bruce8866 issued server command: /dynmap radiusrender 50
[02:51:29] [Server thread/INFO]: bruce8866 issued server command: /dynmap radiusrender 50
[02:51:48] [Server thread/INFO]: bruce8866 issued server command: /dynmap radiusrender 30
[02:51:59] [Server thread/INFO]: bruce8866 issued server command: /dynmap radiusrender 30
[02:52:09] [Server thread/INFO]: bruce8866 issued server command: /dynmap radiusrender 30
[02:52:17] [Server thread/INFO]: bruce8866 issued server command: /dynmap radiusrender 30
[02:52:25] [Server thread/INFO]: bruce8866 issued server command: /dynmap radiusrender 30
[02:52:45] [Server thread/INFO]: bruce8866 issued server command: /dynmap radiusrender 100
[03:29:09] [Server thread/INFO]: OTARO lost connection: Disconnected
[03:29:09] [Server thread/INFO]: OTARO left the game
[03:40:58] [Server thread/INFO]: bruce8866 lost connection: Disconnected
[03:40:58] [Server thread/INFO]: bruce8866 left the game
[04:14:08] [User Authenticator #10/INFO]: UUID of player bruce8866 is e6306138-10b0-3f47-beee-72fd1ffe7eac
[04:14:08] [Server thread/INFO]: bruce8866[/192.168.1.151:9118] logged in with entity id 79443 at ([The World]-250.5707750219479, 74.0, -265.45536703531536)
[05:28:09] [Server thread/INFO]: bruce8866 issued server command: /dynmap fullrender
[05:29:46] [Server thread/INFO]: bruce8866 issued server command: /dynmap cancelrender
[05:30:29] [Server thread/INFO]: bruce8866 issued server command: /dynmap cancelrender
[05:30:31] [Server thread/INFO]: bruce8866 issued server command: /dynmap cancelrender
[05:31:01] [Server thread/INFO]: bruce8866 issued server command: /dynmap purgequeue
[05:31:13] [Server thread/INFO]: bruce8866 issued server command: /dynmap cancelrender world
[05:31:32] [Server thread/INFO]: bruce8866 issued server command: /dynmap cancelrender The World_nether
[05:31:39] [Server thread/INFO]: bruce8866 issued server command: /dynmap cancelrender TheWorld_nether
[05:31:43] [Server thread/INFO]: bruce8866 issued server command: /dynmap cancelrender Th_World_nether
[05:31:47] [Server thread/INFO]: bruce8866 issued server command: /dynmap cancelrender The_World_nether
[05:31:55] [Server thread/INFO]: bruce8866 issued server command: /dynmap cancelrender The-World_nether
[05:32:01] [Server thread/INFO]: bruce8866 issued server command: /dynmap cancelrender a
[05:32:08] [Server thread/INFO]: bruce8866 issued server command: /dynmap cancelrender
[05:32:26] [Server thread/INFO]: bruce8866 issued server command: /dynmap fullrender world:flat
[05:33:18] [Server thread/INFO]: bruce8866 issued server command: /dynmap cancelrender World_nether
[05:33:37] [Server thread/INFO]: bruce8866 issued server command: /dynmap fullrender World_nether:flat
[05:33:42] [Server thread/INFO]: bruce8866 issued server command: /dynmap fullrender The World_nether:flat
[05:33:58] [Server thread/INFO]: bruce8866 issued server command: /dynmap fullrender The,World_nether:flat
[05:34:40] [Server thread/INFO]: bruce8866 issued server command: /dynmap fullrender "The World_nether":flat
[05:34:57] [Server thread/INFO]: bruce8866 issued server command: /dynmap cancelrender
[05:35:17] [Server thread/INFO]: bruce8866 issued server command: /dynmap fullrender The,World_nether:surface
[05:35:24] [Server thread/INFO]: bruce8866 issued server command: /dynmap fullrender "The World_nether":surface
[05:35:42] [Async Chat Thread - #1/INFO]: <bruce8866> .
[05:35:44] [Server thread/INFO]: bruce8866 issued server command: /dynmap fullrender "The World_nether":surface
[05:36:04] [Server thread/INFO]: bruce8866 issued server command: /dynmap fullrender "The World_nether":Surface
[05:36:15] [Server thread/INFO]: bruce8866 issued server command: /dynmap fullrender "The World_nether":flat
[07:05:23] [Server thread/INFO]: bruce8866 issued server command: /weather rain
[07:05:23] [Server thread/INFO]: [bruce8866: Set the weather to rain]
[07:05:32] [Server thread/INFO]: bruce8866 issued server command: /weather thunder
[07:05:32] [Server thread/INFO]: [bruce8866: Set the weather to rain & thunder]
[07:24:37] [Server thread/INFO]: bruce8866 lost connection: Disconnected
[07:24:37] [Server thread/INFO]: bruce8866 left the game
[16:06:33] [Server thread/INFO]: Villager EntityVillager['Villager'/538, l='ServerLevel[The World]', x=-352.45, y=73.00, z=-190.01] died, message: 'Villager hit the ground too hard'
[16:44:47] [User Authenticator #11/INFO]: UUID of player bruce8866 is e6306138-10b0-3f47-beee-72fd1ffe7eac
[16:44:47] [Server thread/INFO]: bruce8866[/192.168.1.151:3969] logged in with entity id 120611 at ([The World]3412.799204030558, 69.0, -1450.546311134391)
[17:19:47] [User Authenticator #12/INFO]: UUID of player OTARO is 70856b12-d4dc-3fc1-a2a2-b248ec62e0bd
[17:19:47] [Server thread/INFO]: OTARO[/25.90.226.250:6491] logged in with entity id 125708 at ([The World]-251.4009835540655, 77.0, -244.54385706883252)
[17:20:00] [Server thread/INFO]: OTARO lost connection: Disconnected
[17:20:00] [Server thread/INFO]: OTARO left the game
[17:20:12] [User Authenticator #13/INFO]: UUID of player OTARO is 70856b12-d4dc-3fc1-a2a2-b248ec62e0bd
[17:20:12] [Server thread/INFO]: OTARO[/25.90.226.250:6511] logged in with entity id 125832 at ([The World]-251.4009835540655, 77.0, -244.54385706883252)
[17:20:22] [Server thread/INFO]: bruce8866 lost connection: Disconnected
[17:20:22] [Server thread/INFO]: bruce8866 left the game
[17:21:18] [Server thread/WARN]: OTARO moved too quickly! 0.810734966461041,-1.4215999984741217,10.207565368087899
[17:25:05] [User Authenticator #14/INFO]: UUID of player scrx1316 is d3fa8ae6-9188-3ea7-bbe3-ef2465d94d83
[17:25:05] [Server thread/INFO]: scrx1316[/25.57.24.164:7097] logged in with entity id 126658 at ([The World]-256.30652661616523, 66.0, -222.52972747826865)
[17:41:12] [Server thread/INFO]: OTARO lost connection: Disconnected
[17:41:12] [Server thread/INFO]: OTARO left the game
[17:41:43] [User Authenticator #15/INFO]: UUID of player OTARO is 70856b12-d4dc-3fc1-a2a2-b248ec62e0bd
[17:41:43] [Server thread/INFO]: OTARO[/25.90.226.250:7196] logged in with entity id 137248 at ([The World]-643.1232667525842, 86.0, -101.21112722381352)
[17:44:34] [Server thread/INFO]: scrx1316 lost connection: Disconnected
[17:44:34] [Server thread/INFO]: scrx1316 left the game
[17:46:48] [User Authenticator #16/INFO]: UUID of player scrx1316 is d3fa8ae6-9188-3ea7-bbe3-ef2465d94d83
[17:46:48] [Server thread/INFO]: scrx1316[/25.57.24.164:7356] logged in with entity id 139994 at ([The World]-647.4218590897032, 83.0, -121.32409178934013)
[17:50:38] [Server thread/INFO]: OTARO fell from a high place
[18:08:55] [Server thread/INFO]: scrx1316 lost connection: Disconnected
[18:08:55] [Server thread/INFO]: scrx1316 left the game
[18:44:05] [User Authenticator #17/INFO]: UUID of player bruce8866 is e6306138-10b0-3f47-beee-72fd1ffe7eac
[18:44:05] [Server thread/INFO]: bruce8866[/192.168.1.151:7626] logged in with entity id 152164 at ([The World]3409.8604541057143, 63.0, -1454.133747251737)
[18:48:33] [Server thread/INFO]: bruce8866 issued server command: /dynmap fullrender "The World":flat
[19:17:48] [Async Chat Thread - #2/INFO]: <bruce8866> 到底是我沒聲音
[19:17:57] [Async Chat Thread - #2/INFO]: <bruce8866> 還是你聽不到
[19:18:24] [Async Chat Thread - #2/INFO]: <OTARO> 不我不到
[19:23:45] [Server thread/INFO]: OTARO lost connection: Disconnected
[19:23:45] [Server thread/INFO]: OTARO left the game
[19:33:54] [Server thread/INFO]: Scanning for legacy world dragon fight...
[19:33:54] [Server thread/INFO]: Found that the dragon has been killed in this world already.
[19:35:47] [User Authenticator #18/INFO]: UUID of player scrx1316 is d3fa8ae6-9188-3ea7-bbe3-ef2465d94d83
[19:35:47] [Server thread/INFO]: scrx1316[/25.57.24.164:8257] logged in with entity id 164578 at ([The World]-637.7270957123749, 83.0, -100.2628748705525)
[19:36:10] [Server thread/WARN]: scrx1316 moved wrongly!
[19:54:43] [Server thread/WARN]: scrx1316 moved wrongly!
[19:55:05] [Server thread/WARN]: scrx1316 moved wrongly!
[20:02:32] [User Authenticator #19/INFO]: UUID of player OTARO is 70856b12-d4dc-3fc1-a2a2-b248ec62e0bd
[20:02:32] [Server thread/INFO]: OTARO[/25.90.226.250:9278] logged in with entity id 178371 at ([The World]-240.77606249586702, 71.0, -248.31250547773672)
[20:16:57] [Server thread/INFO]: scrx1316 lost connection: Disconnected
[20:16:57] [Server thread/INFO]: scrx1316 left the game
[20:48:19] [Server thread/INFO]: Villager EntityVillager['Villager'/190581, l='ServerLevel[The World]', x=-300.70, y=75.56, z=-237.70] died, message: 'Villager suffocated in a wall'
[20:53:26] [Server thread/INFO]: OTARO fell from a high place
[21:07:31] [Server thread/WARN]: bruce8866 moved too quickly! 801.5586539423538,9.987849587678177,-1164.1800632044315
[21:07:31] [Server thread/WARN]: bruce8866 moved too quickly! 801.5586539423538,9.987849587678177,-1164.1800632044315
[21:07:31] [Server thread/WARN]: bruce8866 moved too quickly! 801.5586539423538,9.987849587678177,-1164.1800632044315
[21:15:48] [Server thread/WARN]: Entity EntityPlayer['bruce8866'/152164, l='ServerLevel[The World_the_end]', x=100.50, y=49.00, z=0.50](bruce8866 at 100.5,49.0,0.5) left loaded chunk area
[21:15:48] [Server thread/WARN]: bruce8866 moved too quickly! 799.1820840480835,10.0,-1165.2651347519022
[21:15:48] [Server thread/WARN]: bruce8866 moved too quickly! 799.1820840480835,10.0,-1165.2651347519022
[21:15:48] [Server thread/WARN]: bruce8866 moved too quickly! 799.1820840480835,10.0,-1165.2651347519022
[21:25:08] [Server thread/INFO]: bruce8866 issued server command: /dynmap fullrender "The World_end":flat
[21:25:15] [Server thread/INFO]: bruce8866 issued server command: /dynmap fullrender "The World_the_end":flat
[21:40:53] [Async Chat Thread - #3/INFO]: <bruce8866> --help
[21:40:56] [Server thread/INFO]: bruce8866 issued server command: /--help
[21:59:55] [Server thread/WARN]: Entity EntityPlayer['bruce8866'/152164, l='ServerLevel[The World_the_end]', x=100.50, y=49.00, z=0.50](bruce8866 at 100.5,49.0,0.5) left loaded chunk area
[21:59:55] [Server thread/WARN]: bruce8866 moved too quickly! 799.4577143242504,9.823240724935758,-1164.0299766204625
[21:59:55] [Server thread/WARN]: bruce8866 moved too quickly! 799.4577143242504,9.823240724935758,-1164.0299766204625
[21:59:55] [Server thread/WARN]: bruce8866 moved too quickly! 799.4577143242504,9.823240724935758,-1164.0299766204625
[21:59:55] [Server thread/WARN]: bruce8866 moved too quickly! 799.4577143242504,9.823240724935758,-1164.0299766204625
[22:00:58] [Async Chat Thread - #4/INFO]: <bruce8866> w s
[22:06:41] [Async Chat Thread - #5/INFO]: <bruce8866> w
[22:06:43] [Server thread/WARN]: bruce8866 moved too quickly! 799.7053884864922,9.975575911786315,-1164.0846409453839
[22:06:43] [Server thread/WARN]: bruce8866 moved too quickly! 799.7053884864922,9.975575911786315,-1164.0846409453839
[22:07:00] [Async Chat Thread - #5/INFO]: <bruce8866> s e
[22:17:19] [Server thread/WARN]: bruce8866 moved too quickly! 799.1733328182818,10.078400001525878,-1165.2914810942286
[22:17:19] [Server thread/WARN]: bruce8866 moved too quickly! 799.1733328182818,10.078400001525878,-1165.2914810942286
[22:17:19] [Server thread/WARN]: bruce8866 moved too quickly! 799.1733328182818,10.078400001525878,-1165.2914810942286
[22:17:19] [Server thread/WARN]: bruce8866 moved too quickly! 799.1733328182818,10.078400001525878,-1165.2914810942286
[22:20:28] [Server thread/WARN]: bruce8866 moved too quickly! -2.9609388900486806,13.446415357687613,33.358612309798445
[22:20:28] [Server thread/WARN]: bruce8866 moved too quickly! -2.8882884945426213,13.156480687705312,31.73509154223018
[22:20:28] [Server thread/WARN]: bruce8866 moved too quickly! -2.8882884945426213,13.156480687705312,31.73509154223018
[22:35:18] [Server thread/INFO]: bruce8866 issued server command: /dynmap render
[22:35:45] [Server thread/INFO]: OTARO lost connection: Disconnected
[22:35:45] [Server thread/INFO]: OTARO left the game
[22:36:56] [Server thread/INFO]: bruce8866 issued server command: /dynmap radiusrender 50
[22:58:39] [Server thread/INFO]: bruce8866 issued server command: /forceload add
[22:59:34] [User Authenticator #20/INFO]: UUID of player scrx1316 is d3fa8ae6-9188-3ea7-bbe3-ef2465d94d83
[22:59:34] [Server thread/INFO]: scrx1316[/25.57.24.164:9878] logged in with entity id 242517 at ([The World]-239.19699780991894, 75.0, -238.9387266670041)
[23:00:36] [Async Chat Thread - #6/INFO]: <bruce8866> -703 1173
[23:06:32] [Server thread/WARN]: Entity EntityPlayer['scrx1316'/242517, l='ServerLevel[The World_the_end]', x=100.50, y=49.00, z=0.50](scrx1316 at 100.5,49.0,0.5) left loaded chunk area
[23:11:53] [Server thread/WARN]: bruce8866 moved too quickly! 799.1324906255496,9.85526527938898,-1164.9607241515512
[23:16:06] [Server thread/INFO]: bruce8866 issued server command: /tps
[23:19:52] [Server thread/INFO]: bruce8866 issued server command: /tps
[23:20:33] [Server thread/INFO]: bruce8866 issued server command: /tps
[23:20:40] [Server thread/INFO]: bruce8866 issued server command: /tps
[23:21:15] [Server thread/WARN]: Entity EntityPlayer['scrx1316'/242517, l='ServerLevel[The World_the_end]', x=100.50, y=49.00, z=0.50](scrx1316 at 100.5,49.0,0.5) left loaded chunk area
[23:21:23] [Server thread/WARN]: bruce8866 moved wrongly!
[23:21:33] [Server thread/WARN]: bruce8866 moved wrongly!
[23:33:25] [Server thread/INFO]: bruce8866 issued server command: /tps
[23:39:59] [Server thread/WARN]: Entity EntityPlayer['bruce8866'/152164, l='ServerLevel[The World_the_end]', x=100.50, y=49.00, z=0.50](bruce8866 at 100.5,49.0,0.5) left loaded chunk area
[23:39:59] [Server thread/WARN]: bruce8866 moved too quickly! 799.1644276419657,10.0,-1165.6293850285533
[23:39:59] [Server thread/WARN]: bruce8866 moved too quickly! 799.1644276419657,10.0,-1165.6293850285533
[23:39:59] [Server thread/WARN]: bruce8866 moved too quickly! 799.1644276419657,10.0,-1165.6293850285533
[23:46:48] [User Authenticator #21/INFO]: UUID of player OTARO is 70856b12-d4dc-3fc1-a2a2-b248ec62e0bd
[23:46:48] [Server thread/INFO]: OTARO[/25.90.226.250:3166] logged in with entity id 277140 at ([The World]-236.696909976939, 64.0, -201.45587944831505)
[23:49:13] [Server thread/INFO]: bruce8866 issued server command: /dynmap radiusrender 50
[23:53:53] [Server thread/INFO]: OTARO lost connection: Disconnected
[23:53:53] [Server thread/INFO]: OTARO left the game
[23:54:46] [User Authenticator #22/INFO]: UUID of player OTARO is 70856b12-d4dc-3fc1-a2a2-b248ec62e0bd
[23:54:46] [Server thread/INFO]: OTARO[/25.90.226.250:3309] logged in with entity id 281327 at ([The World]-602.5479492169052, 132.0, -130.39771704428188)
