[13:21:17] [main/INFO]: Loading for game Minecraft 1.16.2
[13:21:17] [ForkJoinPool-1-worker-2/WARN]: The mod "cotton-logging" contains invalid entries in its mod json:
- Unsupported root entry "licence" at line 7 column 12
[13:21:17] [ForkJoinPool-1-worker-2/WARN]: The mod "cotton-config" contains invalid entries in its mod json:
- Unsupported root entry "licence" at line 7 column 12
[13:21:17] [main/INFO]: [FabricLoader] Loading 50 mods: fabric-renderer-api-v1@0.3.0+8bcfced84e, fabric-keybindings-v0@0.2.0+3fa9f7c54e, fabricloader@0.11.1, bbor@2.4-1.16.3, fabric-structure-api-v1@1.0.1+fb0d9b0e4e, com_github_shevek_parallelgzip@master-SNAPSHOT, fabric-containers-v0@0.1.8+045df74f4e, fabric-object-builder-api-v1@1.7.0+432ea1884e, java@8, fabric-game-rule-api-v1@1.0.1+91555cd14e, fabric-api-base@0.1.3+12a8474c4e, fabric-rendering-data-attachment-v1@0.1.3+b7f9825d4e, fabric-textures-v0@1.0.4+eae12eb84e, fabric-rendering-fluids-v1@0.1.11+fb0d9b0e4e, cotton-logging@1.0.0-rc.4, fabric-blockrenderlayer-v1@1.1.4+c6a8ea894e, fabric-lifecycle-events-v1@1.2.0+74cc3b204e, fabric-renderer-registries-v1@2.1.0+e2862de64e, fabric-loot-tables-v1@1.0.1+432ea1884e, fabric@0.20.1+build.401-1.16, carpet@1.4.23, fabric-particles-v1@0.2.2+fb0d9b0e4e, fabric-networking-v0@0.1.10+e00ecb5f4e, cotton-config@1.0.0-rc.7, fabric-networking-blockentity-v0@0.2.5+b50ffc7b4e, minecraft@1.16.2, fabric-screen-handler-api-v1@1.1.0+872498414e, fabric-command-api-v1@1.0.8+5ce533984e, jankson@3.0.0+j1.2.0, fabric-tool-attribute-api-v1@1.2.2+ccce563e4e, fabric-renderer-indigo@0.4.0+8bcfced84e, org_apache_commons_commons-compress@1.19, fabric-item-api-v1@1.1.0+29679fd64e, fabric-events-interaction-v0@0.4.0+e2e6cdad4e, fabric-crash-report-info-v1@0.1.2+b7f9825d4e, fabric-rendering-v0@1.1.0+534104904e, fabric-key-binding-api-v1@1.0.1+730711c64e, fabric-rendering-v1@1.3.0+432ea1884e, org_tukaani_xz@1.8, fabric-resource-loader-v0@0.3.1+facf3bbf4e, fabric-content-registries-v0@0.1.9+059ea8664e, fabric-tag-extensions-v0@1.0.3+ac8e8c594e, fabric-commands-v0@0.2.0+52d308364e, fabric-registry-sync-v0@0.4.5+fcdfdfa14e, textile_backup@2.0.0-1.16.2, fabric-mining-levels-v0@0.1.2+b764ce994e, fabric-events-lifecycle-v0@0.2.0+16acbe5b4e, fabric-item-groups-v0@0.2.0+438f96364e, fabric-models-v0@0.1.0+dfdb52d64e, fabric-object-builders-v0@0.7.0+432ea1884e
[13:21:17] [main/WARN]: Mod `com_github_shevek_parallelgzip` (master-SNAPSHOT) does not respect SemVer - comparison support is limited.
[13:21:17] [main/INFO]: SpongePowered MIXIN Subsystem Version=0.8.2 Source=file:/E:/Minecradfr%20server/1.16.4%20Spigot/fabric-server-launch.jar Service=Knot/Fabric Env=SERVER
[13:21:28] [main/INFO]: [Textile Backup] Starting Textile Backup by Szum123321.
[13:21:29] [main/INFO]: Environment: authHost='https://authserver.mojang.com', accountsHost='https://api.mojang.com', sessionHost='https://sessionserver.mojang.com', name='PROD'
[13:21:30] [main/WARN]: Ambiguity between arguments [teleport, destination] and [teleport, targets] with inputs: [Player, 0123, @e, dd12be42-52a9-4a91-a8a1-11c01849e498]
[13:21:30] [main/WARN]: Ambiguity between arguments [teleport, location] and [teleport, destination] with inputs: [0.1 -0.5 .9, 0 0 0]
[13:21:30] [main/WARN]: Ambiguity between arguments [teleport, location] and [teleport, targets] with inputs: [0.1 -0.5 .9, 0 0 0]
[13:21:30] [main/WARN]: Ambiguity between arguments [teleport, targets] and [teleport, destination] with inputs: [Player, 0123, dd12be42-52a9-4a91-a8a1-11c01849e498]
[13:21:30] [main/WARN]: Ambiguity between arguments [teleport, targets, location] and [teleport, targets, destination] with inputs: [0.1 -0.5 .9, 0 0 0]
[13:21:31] [main/INFO]: Reloading ResourceManager: Default, bukkit, Fabric Tool Attribute API (v1)
[13:21:32] [Worker-Main-5/INFO]: Loaded 7 recipes
[13:21:33] [Worker-Main-5/INFO]: Loaded 927 advancements
[13:21:34] [Server thread/INFO]: Starting minecraft server version 1.16.2
[13:21:34] [Server thread/INFO]: Loading properties
[13:21:34] [Server thread/INFO]: Default game type: SURVIVAL
[13:21:34] [Server thread/INFO]: Generating keypair
[13:21:34] [Server thread/INFO]: Starting Minecraft server on *:38126
[13:21:34] [Server thread/INFO]: Using default channel type
[13:21:34] [Server thread/WARN]: **** SERVER IS RUNNING IN OFFLINE/INSECURE MODE!
[13:21:34] [Server thread/WARN]: The server will make no attempt to authenticate usernames. Beware.
[13:21:34] [Server thread/WARN]: While this makes the game possible to play without internet access, it also opens up the ability for hackers to connect with any username they choose.
[13:21:34] [Server thread/WARN]: To change this, set "online-mode" to "true" in the server.properties file.
[13:21:35] [Server thread/INFO]: Preparing level "The World"
[13:21:35] [Server thread/INFO]: [CM]: loaded setting onePlayerSleeping as true from carpet.conf
[13:21:35] [Server thread/INFO]: [CM]: loaded setting commandPlayer as true from carpet.conf
[13:21:35] [Server thread/INFO]: [CM]: loaded setting leadFix as true from carpet.conf
[13:21:35] [Server thread/INFO]: [CM]: loaded setting antiCheatDisabled as true from carpet.conf
[13:21:35] [Server thread/INFO]: [CM]: loaded setting persistentParrots as true from carpet.conf
[13:21:35] [Server thread/INFO]: [CM]: loaded setting defaultLoggers as tps from carpet.conf
[13:21:35] [Server thread/INFO]: [CM]: loaded setting language as zh_tw from carpet.conf
[13:21:35] [Server thread/INFO]: [CM]: loaded setting placementRotationFix as true from carpet.conf
[13:21:35] [Server thread/INFO]: [CM]: loaded setting ctrlQCraftingFix as true from carpet.conf
[13:21:35] [Server thread/INFO]: [CM]: loaded setting flippinCactus as true from carpet.conf
[13:21:35] [Server thread/INFO]: create world dimension: minecraft:overworld (seed: -41683371)
[13:21:35] [Server thread/INFO]: create world dimension: minecraft:the_nether (seed: -41683371)
[13:21:35] [Server thread/INFO]: create world dimension: minecraft:the_end (seed: -41683371)
[13:21:35] [Server thread/INFO]: Preparing start region for dimension minecraft:overworld
[13:21:36] [Server thread/INFO]: Preparing spawn area: 0%
[13:21:36] [Server thread/INFO]: Preparing spawn area: 0%
[13:21:36] [Server thread/INFO]: Preparing spawn area: 0%
[13:21:36] [Server thread/INFO]: Preparing spawn area: 24%
[13:21:38] [Server thread/INFO]: Time elapsed: 3378 ms
[13:21:38] [Server thread/INFO]: Done (3.695s)! For help, type "help"
[13:21:41] [Server thread/WARN]: Can't keep up! Is the server overloaded? Running 2106ms or 42 ticks behind
[13:21:43] [Server thread/INFO]: bruce8866[/61.228.170.24:8930] logged in with entity id 639 at (-2.6889566529907345, 64.0, -41.88786254847132)
[13:21:44] [Server thread/INFO]: bruce8866 joined the game
[13:22:08] [Server thread/WARN]: Can't keep up! Is the server overloaded? Running 12057ms or 241 ticks behind
[13:59:12] [Server thread/INFO]: LMY008117[/120.97.130.18:5903] logged in with entity id 7430 at (-238.5, 79.0, -236.5)
[13:59:12] [Server thread/INFO]: LMY008117 joined the game
[13:59:14] [Netty Server IO #7/WARN]: Player LMY008117 joined with another carpet version: 1.4.8+v200811
[14:00:25] [Server thread/WARN]: Can't keep up! Is the server overloaded? Running 2002ms or 40 ticks behind
[14:00:47] [Server thread/WARN]: Can't keep up! Is the server overloaded? Running 2012ms or 40 ticks behind
[14:01:21] [Server thread/WARN]: Can't keep up! Is the server overloaded? Running 2001ms or 40 ticks behind
[14:01:50] [Server thread/WARN]: Can't keep up! Is the server overloaded? Running 2001ms or 40 ticks behind
[14:02:08] [Server thread/WARN]: Can't keep up! Is the server overloaded? Running 2004ms or 40 ticks behind
[14:02:27] [Server thread/WARN]: Can't keep up! Is the server overloaded? Running 4243ms or 84 ticks behind
[14:12:17] [Server thread/WARN]: Fetching packet for removed entity class_1542['Air'/12830, l='ServerLevel[The World]', x=-590.80, y=80.00, z=-114.80]
[14:14:18] [Server thread/WARN]: Can't keep up! Is the server overloaded? Running 2001ms or 40 ticks behind
[14:14:59] [Server thread/WARN]: Can't keep up! Is the server overloaded? Running 2006ms or 40 ticks behind
[14:15:25] [Server thread/WARN]: Can't keep up! Is the server overloaded? Running 2001ms or 40 ticks behind
[14:16:01] [Server thread/WARN]: Can't keep up! Is the server overloaded? Running 2004ms or 40 ticks behind
[14:16:40] [Server thread/WARN]: Can't keep up! Is the server overloaded? Running 2004ms or 40 ticks behind
[14:17:10] [Server thread/WARN]: Can't keep up! Is the server overloaded? Running 2002ms or 40 ticks behind
[14:17:40] [Server thread/WARN]: Can't keep up! Is the server overloaded? Running 2004ms or 40 ticks behind
[14:18:17] [Server thread/WARN]: Can't keep up! Is the server overloaded? Running 2003ms or 40 ticks behind
[14:18:47] [Server thread/WARN]: Can't keep up! Is the server overloaded? Running 2002ms or 40 ticks behind
[14:19:59] [Server thread/WARN]: Can't keep up! Is the server overloaded? Running 2005ms or 40 ticks behind
[14:20:35] [Server thread/WARN]: Can't keep up! Is the server overloaded? Running 2002ms or 40 ticks behind
[14:21:27] [Server thread/WARN]: Can't keep up! Is the server overloaded? Running 2005ms or 40 ticks behind
[14:22:15] [Server thread/WARN]: Can't keep up! Is the server overloaded? Running 2003ms or 40 ticks behind
[14:22:42] [Server thread/WARN]: Can't keep up! Is the server overloaded? Running 2001ms or 40 ticks behind
[14:23:21] [Server thread/WARN]: Can't keep up! Is the server overloaded? Running 2005ms or 40 ticks behind
[14:24:29] [Server thread/WARN]: Can't keep up! Is the server overloaded? Running 2001ms or 40 ticks behind
[14:29:44] [Server thread/WARN]: Can't keep up! Is the server overloaded? Running 2004ms or 40 ticks behind
[14:30:54] [Server thread/WARN]: Can't keep up! Is the server overloaded? Running 2004ms or 40 ticks behind
[14:31:42] [Server thread/WARN]: Can't keep up! Is the server overloaded? Running 2003ms or 40 ticks behind
[14:32:03] [Server thread/INFO]: <bruce8866> l
[14:32:42] [Server thread/WARN]: Can't keep up! Is the server overloaded? Running 2005ms or 40 ticks behind
[14:33:07] [Server thread/WARN]: Can't keep up! Is the server overloaded? Running 9640ms or 192 ticks behind
[14:37:34] [Server thread/INFO]: bruce8866 lost connection: Disconnected
[14:37:34] [Server thread/INFO]: bruce8866 left the game
[14:40:25] [Server thread/INFO]: bruce8866[/61.228.170.24:10196] logged in with entity id 22236 at (-28.0885359532382, 72.0, -40.69999998807907)
[14:40:25] [Server thread/INFO]: bruce8866 joined the game
[14:40:27] [Netty Server IO #2/WARN]: Player bruce8866 joined with another carpet version: 1.4.8+v200811
[15:16:49] [Server thread/WARN]: Can't keep up! Is the server overloaded? Running 2030ms or 40 ticks behind
[15:17:07] [Server thread/WARN]: Can't keep up! Is the server overloaded? Running 3142ms or 62 ticks behind
[16:11:27] [Server thread/INFO]: [bruce8866: Teleported bruce8866 to 919.5, 67.0, -2276.5]
[16:11:41] [Server thread/WARN]: Can't keep up! Is the server overloaded? Running 2790ms or 55 ticks behind
[16:21:50] [Server thread/INFO]: <bruce8866> 1009 -2274
[16:22:12] [Server thread/INFO]: <bruce8866> 1009 -2258
[16:56:27] [Server thread/INFO]: LMY008117 lost connection: Disconnected
[16:56:27] [Server thread/INFO]: LMY008117 left the game
[16:57:50] [Server thread/INFO]: bruce8866 was slain by Wither Skeleton
[16:58:32] [Server thread/INFO]: bruce8866 lost connection: Disconnected
[16:58:32] [Server thread/INFO]: bruce8866 left the game
[16:58:36] [Server thread/INFO]: bruce8866[/61.228.170.24:11896] logged in with entity id 40626 at (-33.5, 66.0, -35.5)
[16:58:36] [Server thread/INFO]: bruce8866 joined the game
[16:58:36] [Netty Server IO #5/WARN]: Player bruce8866 joined with another carpet version: 1.4.8+v200811
[16:58:47] [Server thread/INFO]: [bruce8866: Teleported bruce8866 to 919.5, 67.0, -2276.5]
[16:59:11] [Server thread/INFO]: LMY008117[/120.97.130.21:2150] logged in with entity id 41019 at (937.3439419522182, 66.0, -2276.543449363766)
[16:59:11] [Server thread/INFO]: LMY008117 joined the game
[16:59:12] [Netty Server IO #6/WARN]: Player LMY008117 joined with another carpet version: 1.4.8+v200811
[17:02:40] [Server thread/INFO]: LMY008117 lost connection: Disconnected
[17:02:40] [Server thread/INFO]: LMY008117 left the game
[17:02:42] [Server thread/INFO]: LMY008117[/120.97.130.19:57561] logged in with entity id 41447 at (920.4794380310503, 66.0, -2276.4315635169114)
[17:02:42] [Server thread/INFO]: LMY008117 joined the game
[17:02:44] [Netty Server IO #0/WARN]: Player LMY008117 joined with another carpet version: 1.4.8+v200811
[17:17:34] [Server thread/INFO]: LMY008117 lost connection: Disconnected
[17:17:34] [Server thread/INFO]: LMY008117 left the game
[17:20:50] [Server thread/INFO]: LMY008117[/120.97.130.21:44797] logged in with entity id 42686 at (920.4125163517684, 66.0, -2277.321278670887)
[17:20:50] [Server thread/INFO]: LMY008117 joined the game
[17:20:51] [Netty Server IO #2/WARN]: Player LMY008117 joined with another carpet version: 1.4.8+v200811
[17:30:03] [Server thread/INFO]: [bruce8866: Teleported bruce8866 to -459.5, 69.0, -2053.5]
[17:31:30] [Server thread/INFO]: [bruce8866: Teleported bruce8866 to -1283.5, 73.0, -1146.5]
[17:31:52] [Server thread/INFO]: [bruce8866: Teleported bruce8866 to -1256.5, 71.0, -432.5]
[17:34:54] [Server thread/INFO]: [bruce8866: Teleported bruce8866 to -459.5, 69.0, -2053.5]
[17:37:00] [Server thread/INFO]: [bruce8866: Teleported bruce8866 to -1256.5, 71.0, -432.5]
[17:46:48] [Server thread/INFO]: LMY008117 has completed the challenge [Hot Tourist Destinations]
[17:48:26] [Server thread/WARN]: Can't keep up! Is the server overloaded? Running 2005ms or 40 ticks behind
[17:48:47] [Server thread/INFO]: bruce8866 lost connection: Disconnected
[17:48:47] [Server thread/INFO]: bruce8866 left the game
[17:59:12] [Server thread/INFO]: LMY008117 lost connection: Disconnected
[17:59:12] [Server thread/INFO]: LMY008117 left the game
[21:11:40] [Server thread/INFO]: LMY008117[/223.137.209.137:46667] logged in with entity id 54436 at (-29.926688661235495, 69.0, -30.170187839687443)
[21:11:40] [Server thread/INFO]: LMY008117 joined the game
[21:11:40] [Netty Server IO #6/WARN]: Player LMY008117 joined with another carpet version: 1.4.8+v200811
[21:33:34] [Server thread/INFO]: LMY008117 lost connection: Timed out
[21:33:34] [Server thread/INFO]: LMY008117 left the game
[21:33:37] [Server thread/INFO]: LMY008117[/223.137.209.137:49345] logged in with entity id 57792 at (-16.5, 63.7125, 14.165925029780105)
[21:33:37] [Server thread/INFO]: LMY008117 joined the game
[21:33:38] [Netty Server IO #7/WARN]: Player LMY008117 joined with another carpet version: 1.4.8+v200811
[21:34:28] [Server thread/INFO]: LMY008117 lost connection: Timed out
[21:34:28] [Server thread/INFO]: LMY008117 left the game
[21:34:31] [Server thread/INFO]: LMY008117[/223.137.209.137:45859] logged in with entity id 58003 at (-25.5, 72.0, -36.5)
[21:34:31] [Server thread/INFO]: LMY008117 joined the game
[21:34:32] [Netty Server IO #0/WARN]: Player LMY008117 joined with another carpet version: 1.4.8+v200811
[21:35:02] [Server thread/INFO]: LMY008117 lost connection: Timed out
[21:35:02] [Server thread/INFO]: LMY008117 left the game
[21:35:04] [Server thread/INFO]: LMY008117[/223.137.209.137:48931] logged in with entity id 58180 at (-32.911847394252135, 66.0, -34.59183878406174)
[21:35:04] [Server thread/INFO]: LMY008117 joined the game
[21:35:06] [Netty Server IO #1/WARN]: Player LMY008117 joined with another carpet version: 1.4.8+v200811
[21:43:30] [Server thread/WARN]: Can't keep up! Is the server overloaded? Running 2037ms or 40 ticks behind
[22:25:26] [Server thread/INFO]: LMY008117 lost connection: Disconnected
[22:25:26] [Server thread/INFO]: LMY008117 left the game
