[00:10:21] [Server thread/INFO]: LMY008117 has reached the goal [You Need a Mint]
[00:14:57] [Server thread/INFO]: LMY008117 lost connection: Disconnected
[00:14:57] [Server thread/INFO]: LMY008117 left the game
[01:44:52] [Server thread/INFO]: [Textile Backup] Backup started by: Timer on: 29.01.2021_01-44-52
[01:44:52] [Server thread/INFO]: [Textile Backup] Saving server...
[01:44:53] [Server thread/INFO]: ThreadedAnvilChunkStorage (The World): All chunks are saved
[01:44:53] [Server thread/INFO]: ThreadedAnvilChunkStorage (DIM-1): All chunks are saved
[01:44:54] [Server thread/INFO]: ThreadedAnvilChunkStorage (DIM1): All chunks are saved
[01:44:54] [pool-3-thread-1/INFO]: [Textile Backup] Starting backup
[01:46:56] [pool-3-thread-1/INFO]: [Textile Backup] Deleting: 20.01.2021_23-07-00.zip
[01:46:56] [pool-3-thread-1/INFO]: [Textile Backup] Done!
[13:44:51] [Server thread/INFO]: Unknown or incomplete command, see below for error
[13:44:51] [Server thread/INFO]: -+<--[HERE]
[13:44:53] [Server thread/INFO]: Unknown or incomplete command, see below for error
[13:44:53] [Server thread/INFO]: -<--[HERE]
[18:54:08] [Server thread/INFO]: Unknown or incomplete command, see below for error
[18:54:08] [Server thread/INFO]: <--[HERE]
[18:54:08] [Server thread/INFO]: Unknown or incomplete command, see below for error
[18:54:08] [Server thread/INFO]: <--[HERE]
[18:54:08] [Server thread/INFO]: Unknown or incomplete command, see below for error
[18:54:08] [Server thread/INFO]: <--[HERE]
[18:54:08] [Server thread/INFO]: Unknown or incomplete command, see below for error
[18:54:08] [Server thread/INFO]: <--[HERE]
