[13:39:24] [main/INFO]: Loading for game Minecraft 1.16.2
[13:39:25] [ForkJoinPool-1-worker-2/WARN]: The mod "cotton-logging" contains invalid entries in its mod json:
- Unsupported root entry "licence" at line 7 column 12
[13:39:25] [ForkJoinPool-1-worker-1/WARN]: The mod "cotton-config" contains invalid entries in its mod json:
- Unsupported root entry "licence" at line 7 column 12
[13:39:25] [main/INFO]: [FabricLoader] Loading 50 mods: fabric-renderer-api-v1@0.3.0+8bcfced84e, fabric-keybindings-v0@0.2.0+3fa9f7c54e, fabricloader@0.11.1, fabric-structure-api-v1@1.0.1+fb0d9b0e4e, bbor@2.4-1.16.3, com_github_shevek_parallelgzip@master-SNAPSHOT, fabric-containers-v0@0.1.8+045df74f4e, fabric-object-builder-api-v1@1.7.0+432ea1884e, java@8, fabric-game-rule-api-v1@1.0.1+91555cd14e, fabric-api-base@0.1.3+12a8474c4e, fabric-rendering-data-attachment-v1@0.1.3+b7f9825d4e, fabric-textures-v0@1.0.4+eae12eb84e, fabric-rendering-fluids-v1@0.1.11+fb0d9b0e4e, cotton-logging@1.0.0-rc.4, fabric-blockrenderlayer-v1@1.1.4+c6a8ea894e, fabric-lifecycle-events-v1@1.2.0+74cc3b204e, fabric-renderer-registries-v1@2.1.0+e2862de64e, fabric-loot-tables-v1@1.0.1+432ea1884e, fabric@0.20.1+build.401-1.16, carpet@1.4.23, fabric-particles-v1@0.2.2+fb0d9b0e4e, fabric-networking-v0@0.1.10+e00ecb5f4e, cotton-config@1.0.0-rc.7, fabric-networking-blockentity-v0@0.2.5+b50ffc7b4e, minecraft@1.16.2, fabric-screen-handler-api-v1@1.1.0+872498414e, fabric-command-api-v1@1.0.8+5ce533984e, jankson@3.0.0+j1.2.0, fabric-tool-attribute-api-v1@1.2.2+ccce563e4e, fabric-renderer-indigo@0.4.0+8bcfced84e, org_apache_commons_commons-compress@1.19, fabric-item-api-v1@1.1.0+29679fd64e, fabric-events-interaction-v0@0.4.0+e2e6cdad4e, fabric-crash-report-info-v1@0.1.2+b7f9825d4e, fabric-rendering-v0@1.1.0+534104904e, fabric-key-binding-api-v1@1.0.1+730711c64e, fabric-rendering-v1@1.3.0+432ea1884e, org_tukaani_xz@1.8, fabric-resource-loader-v0@0.3.1+facf3bbf4e, fabric-content-registries-v0@0.1.9+059ea8664e, fabric-tag-extensions-v0@1.0.3+ac8e8c594e, fabric-registry-sync-v0@0.4.5+fcdfdfa14e, fabric-commands-v0@0.2.0+52d308364e, textile_backup@2.0.0-1.16.2, fabric-mining-levels-v0@0.1.2+b764ce994e, fabric-events-lifecycle-v0@0.2.0+16acbe5b4e, fabric-models-v0@0.1.0+dfdb52d64e, fabric-item-groups-v0@0.2.0+438f96364e, fabric-object-builders-v0@0.7.0+432ea1884e
[13:39:25] [main/WARN]: Mod `com_github_shevek_parallelgzip` (master-SNAPSHOT) does not respect SemVer - comparison support is limited.
[13:39:25] [main/INFO]: SpongePowered MIXIN Subsystem Version=0.8.2 Source=file:/E:/Minecradfr%20server/1.16.4%20Spigot/fabric-server-launch.jar Service=Knot/Fabric Env=SERVER
[13:39:33] [main/INFO]: [Textile Backup] Starting Textile Backup by Szum123321.
[13:39:34] [main/INFO]: Environment: authHost='https://authserver.mojang.com', accountsHost='https://api.mojang.com', sessionHost='https://sessionserver.mojang.com', name='PROD'
[13:39:35] [main/WARN]: Ambiguity between arguments [teleport, destination] and [teleport, targets] with inputs: [Player, 0123, @e, dd12be42-52a9-4a91-a8a1-11c01849e498]
[13:39:35] [main/WARN]: Ambiguity between arguments [teleport, location] and [teleport, destination] with inputs: [0.1 -0.5 .9, 0 0 0]
[13:39:35] [main/WARN]: Ambiguity between arguments [teleport, location] and [teleport, targets] with inputs: [0.1 -0.5 .9, 0 0 0]
[13:39:35] [main/WARN]: Ambiguity between arguments [teleport, targets] and [teleport, destination] with inputs: [Player, 0123, dd12be42-52a9-4a91-a8a1-11c01849e498]
[13:39:35] [main/WARN]: Ambiguity between arguments [teleport, targets, location] and [teleport, targets, destination] with inputs: [0.1 -0.5 .9, 0 0 0]
[13:39:35] [main/INFO]: Reloading ResourceManager: Default, bukkit, Fabric Tool Attribute API (v1)
[13:39:36] [Worker-Main-4/INFO]: Loaded 7 recipes
[13:39:37] [Worker-Main-4/INFO]: Loaded 927 advancements
[13:39:38] [Server thread/INFO]: Starting minecraft server version 1.16.2
[13:39:38] [Server thread/INFO]: Loading properties
[13:39:38] [Server thread/INFO]: Default game type: SURVIVAL
[13:39:38] [Server thread/INFO]: Generating keypair
[13:39:38] [Server thread/INFO]: Starting Minecraft server on *:38126
[13:39:38] [Server thread/INFO]: Using default channel type
[13:39:39] [Server thread/WARN]: **** SERVER IS RUNNING IN OFFLINE/INSECURE MODE!
[13:39:39] [Server thread/WARN]: The server will make no attempt to authenticate usernames. Beware.
[13:39:39] [Server thread/WARN]: While this makes the game possible to play without internet access, it also opens up the ability for hackers to connect with any username they choose.
[13:39:39] [Server thread/WARN]: To change this, set "online-mode" to "true" in the server.properties file.
[13:39:39] [Server thread/INFO]: Preparing level "The World"
[13:39:39] [Server thread/INFO]: [CM]: loaded setting commandPlayer as true from carpet.conf
[13:39:39] [Server thread/INFO]: [CM]: loaded setting leadFix as true from carpet.conf
[13:39:39] [Server thread/INFO]: [CM]: loaded setting language as zh_tw from carpet.conf
[13:39:39] [Server thread/INFO]: [CM]: loaded setting placementRotationFix as true from carpet.conf
[13:39:39] [Server thread/INFO]: [CM]: loaded setting ctrlQCraftingFix as true from carpet.conf
[13:39:39] [Server thread/INFO]: [CM]: loaded setting flippinCactus as true from carpet.conf
[13:39:39] [Server thread/INFO]: create world dimension: minecraft:overworld (seed: -41683371)
[13:39:39] [Server thread/INFO]: create world dimension: minecraft:the_nether (seed: -41683371)
[13:39:39] [Server thread/INFO]: create world dimension: minecraft:the_end (seed: -41683371)
[13:39:39] [Server thread/INFO]: Preparing start region for dimension minecraft:overworld
[13:39:41] [Server thread/INFO]: Preparing spawn area: 0%
[13:39:41] [Server thread/INFO]: Preparing spawn area: 0%
[13:39:41] [Server thread/INFO]: Preparing spawn area: 0%
[13:39:41] [Server thread/INFO]: Preparing spawn area: 0%
[13:39:43] [Server thread/INFO]: Time elapsed: 3254 ms
[13:39:43] [Server thread/INFO]: Done (3.753s)! For help, type "help"
[13:39:45] [Server thread/WARN]: Can't keep up! Is the server overloaded? Running 2054ms or 41 ticks behind
[13:40:03] [Server thread/WARN]: Can't keep up! Is the server overloaded? Running 2843ms or 56 ticks behind
[13:40:09] [Server thread/INFO]: Made bruce8866 no longer a server operator
[13:40:42] [Server thread/INFO]: Nothing changed. The player is not an operator
[13:43:33] [Server thread/INFO]: bruce8866[/192.168.1.151:9338] logged in with entity id 805 at (-671.1534672541776, 48.5, -133.4932854625151)
[13:43:33] [Server thread/INFO]: bruce8866 joined the game
[13:43:44] [Server thread/INFO]: [bruce8866: bruce8866 subscribed to tps.]
[13:45:37] [Server thread/INFO]: Villager class_1646['Villager'/879, l='ServerLevel[The World]', x=-650.70, y=56.00, z=-93.70] died, message: 'Villager was squished too much'
[13:48:12] [Server thread/INFO]: bruce8866 lost connection: Disconnected
[13:48:12] [Server thread/INFO]: bruce8866 left the game
[13:57:45] [Server thread/INFO]: bruce8866[/192.168.1.151:10024] logged in with entity id 2430 at (-638.2550574390954, 21.0, -108.59896585596445)
[13:57:45] [Server thread/INFO]: bruce8866 joined the game
[13:58:07] [Server thread/INFO]: Made bruce8866 a server operator
[13:58:46] [Server thread/INFO]: [Textile Backup] Backup started by: bruce8866 on: 22.01.2021_13-58-46
[13:58:46] [Server thread/INFO]: [Textile Backup] Saving server...
[13:58:55] [Server thread/INFO]: ThreadedAnvilChunkStorage (The World): All chunks are saved
[13:58:55] [Server thread/INFO]: ThreadedAnvilChunkStorage (DIM-1): All chunks are saved
[13:58:55] [Server thread/INFO]: ThreadedAnvilChunkStorage (DIM1): All chunks are saved
[13:58:55] [Server thread/WARN]: Can't keep up! Is the server overloaded? Running 9663ms or 193 ticks behind
[13:58:55] [pool-3-thread-1/INFO]: [Textile Backup] Starting backup
[13:59:53] [Server thread/WARN]: Can't keep up! Is the server overloaded? Running 2015ms or 40 ticks behind
[14:00:42] [pool-3-thread-1/INFO]: [Textile Backup] Deleting: 20.01.2021_14-04-20#firstBackup.zip
[14:00:42] [pool-3-thread-1/INFO]: [Textile Backup] Done!
[14:03:34] [Server thread/INFO]: [bruce8866: ]
[14:03:34] [Server thread/INFO]: [bruce8866: Average tick time: 40.543ms]
[14:03:34] [Server thread/INFO]: [bruce8866: Top 10 counts:]
[14:03:34] [Server thread/INFO]: [bruce8866:  - chest in overworld: 489.0]
[14:03:34] [Server thread/INFO]: [bruce8866:  - hopper in overworld: 371.0]
[14:03:34] [Server thread/INFO]: [bruce8866:  - chicken in overworld: 108.0]
[14:03:34] [Server thread/INFO]: [bruce8866:  - sheep in overworld: 94.0]
[14:03:34] [Server thread/INFO]: [bruce8866:  - cow in overworld: 94.0]
[14:03:34] [Server thread/INFO]: [bruce8866:  - item_frame in overworld: 90.0]
[14:03:34] [Server thread/INFO]: [bruce8866:  - minecart in overworld: 86.0]
[14:03:34] [Server thread/INFO]: [bruce8866:  - villager in overworld: 78.0]
[14:03:34] [Server thread/INFO]: [bruce8866:  - cat in overworld: 66.0]
[14:03:34] [Server thread/INFO]: [bruce8866:  - pig in overworld: 66.0]
[14:03:34] [Server thread/INFO]: [bruce8866: Top 10 CPU hogs:]
[14:03:34] [Server thread/INFO]: [bruce8866:  - minecart in overworld: 7.99ms]
[14:03:34] [Server thread/INFO]: [bruce8866:  - villager in overworld: 6.14ms]
[14:03:34] [Server thread/INFO]: [bruce8866:  - iron_golem in overworld: 3.19ms]
[14:03:34] [Server thread/INFO]: [bruce8866:  - cow in overworld: 2.24ms]
[14:03:34] [Server thread/INFO]: [bruce8866:  - zombie in overworld: 1.96ms]
[14:03:34] [Server thread/INFO]: [bruce8866:  - sheep in overworld: 1.67ms]
[14:03:34] [Server thread/INFO]: [bruce8866:  - chicken in overworld: 1.55ms]
[14:03:34] [Server thread/INFO]: [bruce8866:  - cat in overworld: 1.48ms]
[14:03:34] [Server thread/INFO]: [bruce8866:  - pig in overworld: 1.30ms]
[14:03:34] [Server thread/INFO]: [bruce8866:  - horse in overworld: 1.27ms]
[14:05:24] [Server thread/INFO]: [bruce8866: ]
[14:05:24] [Server thread/INFO]: [bruce8866: Average tick time: 41.243ms]
[14:05:24] [Server thread/INFO]: [bruce8866: Top 10 counts:]
[14:05:24] [Server thread/INFO]: [bruce8866:  - chest in overworld: 489.0]
[14:05:24] [Server thread/INFO]: [bruce8866:  - hopper in overworld: 371.0]
[14:05:24] [Server thread/INFO]: [bruce8866:  - chicken in overworld: 108.0]
[14:05:24] [Server thread/INFO]: [bruce8866:  - sheep in overworld: 94.0]
[14:05:24] [Server thread/INFO]: [bruce8866:  - cow in overworld: 94.0]
[14:05:24] [Server thread/INFO]: [bruce8866:  - item_frame in overworld: 90.0]
[14:05:24] [Server thread/INFO]: [bruce8866:  - minecart in overworld: 86.0]
[14:05:24] [Server thread/INFO]: [bruce8866:  - villager in overworld: 78.0]
[14:05:24] [Server thread/INFO]: [bruce8866:  - cat in overworld: 66.0]
[14:05:24] [Server thread/INFO]: [bruce8866:  - pig in overworld: 66.0]
[14:05:24] [Server thread/INFO]: [bruce8866: Top 10 CPU hogs:]
[14:05:24] [Server thread/INFO]: [bruce8866:  - minecart in overworld: 8.55ms]
[14:05:24] [Server thread/INFO]: [bruce8866:  - villager in overworld: 6.29ms]
[14:05:24] [Server thread/INFO]: [bruce8866:  - iron_golem in overworld: 2.85ms]
[14:05:24] [Server thread/INFO]: [bruce8866:  - zombie in overworld: 2.64ms]
[14:05:24] [Server thread/INFO]: [bruce8866:  - cow in overworld: 2.09ms]
[14:05:24] [Server thread/INFO]: [bruce8866:  - sheep in overworld: 1.67ms]
[14:05:24] [Server thread/INFO]: [bruce8866:  - chicken in overworld: 1.47ms]
[14:05:24] [Server thread/INFO]: [bruce8866:  - cat in overworld: 1.47ms]
[14:05:24] [Server thread/INFO]: [bruce8866:  - horse in overworld: 1.33ms]
[14:05:24] [Server thread/INFO]: [bruce8866:  - pig in overworld: 1.26ms]
[14:06:34] [Server thread/INFO]: [bruce8866: ]
[14:06:34] [Server thread/INFO]: [bruce8866: Avg. server tick time: 41.126ms]
[14:06:34] [Server thread/INFO]: [bruce8866: Network: 0.126ms]
[14:06:34] [Server thread/INFO]: [bruce8866: Async Tasks: 0.138ms]
[14:06:34] [Server thread/INFO]: [bruce8866: overworld:]
[14:06:34] [Server thread/INFO]: [bruce8866:  - Spawning and Random Ticks: 2.233ms]
[14:06:34] [Server thread/INFO]: [bruce8866:  - Unloading: 0.015ms]
[14:06:34] [Server thread/INFO]: [bruce8866:  - Blocks: 3.401ms]
[14:06:34] [Server thread/INFO]: [bruce8866:  - Entities: 33.744ms]
[14:06:34] [Server thread/INFO]: [bruce8866:  - Block Entities: 1.156ms]
[14:06:34] [Server thread/INFO]: [bruce8866: the_nether:]
[14:06:34] [Server thread/INFO]: [bruce8866:  - Spawning and Random Ticks: 0.016ms]
[14:06:34] [Server thread/INFO]: [bruce8866: The Rest, whatever that might be: 0.298ms]
[14:11:28] [Server thread/ERROR]: Input does not contain a key [type]: MapLike[{name:"minecraft:flower",config:{tries:64,yspread:3,xspread:7,need_water:0b,zspread:7,blacklist:[],project:1b,block_placer:{type:"minecraft:simple_block_placer"},state_provider:{type:"minecraft:plain_flower_provider"},whitelist:[],can_replace:0b}}]
[14:11:28] [Server thread/ERROR]: Input does not contain a key [type]: MapLike[{name:"minecraft:flower",config:{tries:64,yspread:3,xspread:7,need_water:0b,zspread:7,blacklist:[],project:1b,block_placer:{type:"minecraft:simple_block_placer"},state_provider:{type:"minecraft:plain_flower_provider"},whitelist:[],can_replace:0b}}]
[14:11:28] [Server thread/ERROR]: Input does not contain a key [type]: MapLike[{name:"minecraft:block_pile",config:{state_provider:{state:{Properties:{axis:"y"},Name:"minecraft:hay_block"},type:"minecraft:simple_state_provider"}}}]
[14:11:28] [Server thread/ERROR]: Input does not contain a key [type]: MapLike[{name:"minecraft:block_pile",config:{state_provider:{state:{Properties:{axis:"y"},Name:"minecraft:hay_block"},type:"minecraft:simple_state_provider"}}}]
[14:11:28] [Server thread/ERROR]: Input does not contain a key [type]: MapLike[{name:"minecraft:normal_tree",config:{height_rand_b:0,foliage_height:3,trunk_height:-1,base_height:4,trunk_top_offset_random:0,leaves_provider:{state:{Properties:{distance:"7",persistent:"false"},Name:"minecraft:oak_leaves"},type:"minecraft:simple_state_provider"},trunk_height_random:0,trunk_provider:{state:{Properties:{axis:"y"},Name:"minecraft:oak_log"},type:"minecraft:simple_state_provider"},decorators:[],foliage_height_random:0,height_rand_a:2,trunk_top_offset:0,max_water_depth:0,foliage_placer:{type:"minecraft:blob_foliage_placer",radius:2,radius_random:0},ignore_vines:1b}}]
[14:11:28] [Server thread/ERROR]: Input does not contain a key [type]: MapLike[{name:"minecraft:block_pile",config:{state_provider:{state:{Properties:{axis:"y"},Name:"minecraft:hay_block"},type:"minecraft:simple_state_provider"}}}]
[14:11:28] [Server thread/ERROR]: Input does not contain a key [type]: MapLike[{name:"minecraft:flower",config:{tries:64,yspread:3,xspread:7,need_water:0b,zspread:7,blacklist:[],project:1b,block_placer:{type:"minecraft:simple_block_placer"},state_provider:{type:"minecraft:plain_flower_provider"},whitelist:[],can_replace:0b}}]
[14:11:28] [Server thread/ERROR]: Input does not contain a key [type]: MapLike[{name:"minecraft:flower",config:{tries:64,yspread:3,xspread:7,need_water:0b,zspread:7,blacklist:[],project:1b,block_placer:{type:"minecraft:simple_block_placer"},state_provider:{type:"minecraft:plain_flower_provider"},whitelist:[],can_replace:0b}}]
[14:11:28] [Server thread/ERROR]: Input does not contain a key [type]: MapLike[{name:"minecraft:normal_tree",config:{height_rand_b:0,foliage_height:3,trunk_height:-1,base_height:4,trunk_top_offset_random:0,leaves_provider:{state:{Properties:{distance:"7",persistent:"false"},Name:"minecraft:oak_leaves"},type:"minecraft:simple_state_provider"},trunk_height_random:0,trunk_provider:{state:{Properties:{axis:"y"},Name:"minecraft:oak_log"},type:"minecraft:simple_state_provider"},decorators:[],foliage_height_random:0,height_rand_a:2,trunk_top_offset:0,max_water_depth:0,foliage_placer:{type:"minecraft:blob_foliage_placer",radius:2,radius_random:0},ignore_vines:1b}}]
[14:14:49] [Server thread/INFO]: [bruce8866: Initial point set to: [ -235.3, 78.7, -239.0]]
[14:15:22] [Server thread/INFO]: [bruce8866: ]
[14:16:52] [Server thread/INFO]: [bruce8866: 目前啟用的 Carpet Mod 選項:]
[14:16:52] [Server thread/INFO]: [bruce8866: - 機器人控制 (commandPlayer) [true] [false] [ops]]
[14:16:52] [Server thread/INFO]: [bruce8866: - ctrlQ合成修復 (ctrlQCraftingFix) [true] [false]]
[14:16:52] [Server thread/INFO]: [bruce8866: - 仙人掌扳手 (flippinCactus) [true] [false]]
[14:16:52] [Server thread/INFO]: [bruce8866: - 語言 (language) [none] [zh_cn] [zh_tw]]
[14:16:52] [Server thread/INFO]: [bruce8866: - 栓繩修復 (leadFix) [true] [false]]
[14:16:52] [Server thread/INFO]: [bruce8866: - 放置旋轉問題修復 (placementRotationFix) [true] [false]]
[14:16:52] [Server thread/INFO]: [bruce8866: Carpet Mod 版本: 1.4.23+v210115]
[14:16:52] [Server thread/INFO]: [bruce8866: 瀏覽分類:
[發射器] [特性] [優化] [scarpet腳本程式語言] [生存用] [玩家端] [實驗用] [TNT] [BUG修復] [創造用] [指令]]
[14:17:01] [Server thread/INFO]: [bruce8866: Carpet Mod中符合"生存用"的選項：:]
[14:17:01] [Server thread/INFO]: [bruce8866: - 關閉伺服器作弊檢測 (antiCheatDisabled) [true] [false]]
[14:17:01] [Server thread/INFO]: [bruce8866: - 放置地毯顯示進階數據 (carpets) [true] [false]]
[14:17:01] [Server thread/INFO]: [bruce8866: - cleanLogs [true] [false]]
[14:17:01] [Server thread/INFO]: [bruce8866: - ctrlQ合成修復 (ctrlQCraftingFix) [true] [false]]
[14:17:01] [Server thread/INFO]: [bruce8866: - 默認開啟的遊戲數據追蹤器 (defaultLoggers) [none] [tps] [mobcaps,tps]]
[14:17:01] [Server thread/INFO]: [bruce8866: - 仙人掌扳手 (flippinCactus) [true] [false]]
[14:17:01] [Server thread/INFO]: [bruce8866: - 工具缺失修復 (missingTools) [true] [false]]
[14:17:01] [Server thread/INFO]: [bruce8866: - 單個玩家睡覺跳過夜晚 (onePlayerSleeping) [true] [false]]
[14:17:01] [Server thread/INFO]: [bruce8866: - 鸚鵡停留 (persistentParrots) [true] [false]]
[14:17:01] [Server thread/INFO]: [bruce8866: - 生存模式地獄門傳送延遲 (portalSurvivalDelay) [1] [40] [80] [72000]]
[14:17:01] [Server thread/INFO]: [bruce8866: - 更平暢玩家端動畫 (smoothClientAnimations) [true] [false]]
[14:17:01] [Server thread/INFO]: [bruce8866: - 可堆疊界伏盒 (stackableShulkerBoxes) [true] [false]]
[14:17:20] [Server thread/INFO]: [bruce8866: antiCheatDisabled: true, [設為預設?]]
[14:17:24] [Server thread/INFO]: [bruce8866: 規則關閉伺服器作弊檢測 (antiCheatDisabled)將會被默認設置為true]
[14:17:30] [Server thread/INFO]: [bruce8866: ]
[14:17:30] [Server thread/INFO]: [bruce8866: 放置地毯顯示進階數據 (carpets)]
[14:17:30] [Server thread/INFO]: [bruce8866: 通過把地毯放置在地上取得更進階信息]
[14:17:30] [Server thread/INFO]: [bruce8866: 分類: [生存用]]
[14:17:30] [Server thread/INFO]: [bruce8866: 當前的值: false (default value)]
[14:17:30] [Server thread/INFO]: [bruce8866: Options: [ true false ]]
[14:17:38] [Server thread/INFO]: [bruce8866: carpets: true, [設為預設?]]
[14:18:05] [Server thread/INFO]: [bruce8866: stackableShulkerBoxes: true, [設為預設?]]
[14:18:22] [Server thread/INFO]: [bruce8866: onePlayerSleeping: true, [設為預設?]]
[14:18:24] [Server thread/INFO]: [bruce8866: 規則單個玩家睡覺跳過夜晚 (onePlayerSleeping)將會被默認設置為true]
[14:18:43] [Server thread/INFO]: [bruce8866: defaultLoggers: mobcaps,tps, [設為預設?]]
[14:19:04] [Server thread/INFO]: [bruce8866: bruce8866 subscribed to mobcaps.]
[14:19:26] [Server thread/INFO]: [bruce8866: 規則默認開啟的遊戲數據追蹤器 (defaultLoggers)將會被默認設置為tps]
[14:21:49] [Server thread/INFO]: [bruce8866: bruce8866 unsubscribed from mobcaps.]
[14:21:54] [Server thread/INFO]: [bruce8866: bruce8866 unsubscribed from tps.]
[14:21:57] [Server thread/INFO]: [bruce8866: bruce8866 subscribed to tps.]
[14:22:11] [Server thread/INFO]: [bruce8866: bruce8866 unsubscribed from tps.]
[14:22:15] [Server thread/INFO]: [bruce8866: bruce8866 subscribed to mobcaps.]
[14:22:20] [Server thread/INFO]: [bruce8866: bruce8866 unsubscribed from mobcaps.]
[14:22:20] [Server thread/INFO]: [bruce8866: bruce8866 subscribed to tps.]
[14:28:03] [Server thread/INFO]: [bruce8866: Can only manipulate existing players]
[14:28:25] [Server thread/INFO]: [bruce8866: Can only manipulate existing players]
[14:29:01] [Server thread/INFO]: OTARO[local] logged in with entity id 14718 at (-235.6396876174189, 64.0, -200.27157782687672)
[14:29:01] [Server thread/INFO]: OTARO joined the game
[14:30:15] [Server thread/WARN]: Can't keep up! Is the server overloaded? Running 2589ms or 51 ticks behind
[14:30:42] [Server thread/WARN]: Can't keep up! Is the server overloaded? Running 12046ms or 240 ticks behind
[14:30:45] [Server thread/INFO]: [bruce8866: Player OTARO is already logged on]
[14:31:16] [Server thread/INFO]: OTARO lost connection: Killed
[14:31:16] [Server thread/INFO]: OTARO left the game
[14:31:19] [Server thread/INFO]: OTARO[local] logged in with entity id 15683 at (-76.69999998807907, 253.0, -27.301315398015575)
[14:31:19] [Server thread/INFO]: OTARO joined the game
[14:34:22] [Server thread/INFO]: <bruce8866> .
[14:34:25] [Server thread/INFO]: [bruce8866: ]
[14:34:25] [Server thread/INFO]: [bruce8866: Average tick time: 19.944ms]
[14:34:25] [Server thread/INFO]: [bruce8866: Top 10 counts:]
[14:34:25] [Server thread/INFO]: [bruce8866:  - hopper in the_nether: 122.0]
[14:34:25] [Server thread/INFO]: [bruce8866:  - zombified_piglin in the_nether: 52.5]
[14:34:25] [Server thread/INFO]: [bruce8866:  - strider in the_nether: 43.0]
[14:34:25] [Server thread/INFO]: [bruce8866:  - chest in the_nether: 40.0]
[14:34:25] [Server thread/INFO]: [bruce8866:  - piglin in the_nether: 7.1]
[14:34:25] [Server thread/INFO]: [bruce8866:  - ender_chest in the_nether: 4.0]
[14:34:25] [Server thread/INFO]: [bruce8866:  - wolf in the_nether: 3.0]
[14:34:25] [Server thread/INFO]: [bruce8866:  - item in the_nether: 2.1]
[14:34:25] [Server thread/INFO]: [bruce8866:  - player in the_nether: 2.0]
[14:34:25] [Server thread/INFO]: [bruce8866:  - mob_spawner in the_nether: 2.0]
[14:34:25] [Server thread/INFO]: [bruce8866: Top 10 CPU hogs:]
[14:34:25] [Server thread/INFO]: [bruce8866:  - strider in the_nether: 3.50ms]
[14:34:25] [Server thread/INFO]: [bruce8866:  - zombified_piglin in the_nether: 3.44ms]
[14:34:25] [Server thread/INFO]: [bruce8866:  - piglin in the_nether: 1.31ms]
[14:34:25] [Server thread/INFO]: [bruce8866:  - hopper in the_nether: 0.56ms]
[14:34:25] [Server thread/INFO]: [bruce8866:  - wolf in the_nether: 0.40ms]
[14:34:25] [Server thread/INFO]: [bruce8866:  - player in the_nether: 0.23ms]
[14:34:25] [Server thread/INFO]: [bruce8866:  - villager in the_nether: 0.17ms]
[14:34:25] [Server thread/INFO]: [bruce8866:  - ghast in the_nether: 0.10ms]
[14:34:25] [Server thread/INFO]: [bruce8866:  - hopper_minecart in the_nether: 0.08ms]
[14:34:25] [Server thread/INFO]: [bruce8866:  - cat in the_nether: 0.08ms]
[14:37:45] [Server thread/INFO]: [bruce8866: Player bruce8866 is already logged on]
[14:44:08] [Server thread/INFO]: bruce8866 lost connection: Disconnected
[14:44:08] [Server thread/INFO]: bruce8866 left the game
[17:01:35] [Server thread/INFO]: bruce8866[/61.228.162.196:14754] logged in with entity id 31906 at (-78.30000001192093, 253.0, -27.302310845054212)
[17:01:35] [Server thread/INFO]: bruce8866 joined the game
[17:01:52] [Server thread/INFO]: bruce8866 lost connection: Disconnected
[17:01:52] [Server thread/INFO]: bruce8866 left the game
[17:16:35] [Server thread/INFO]: bruce8866[/61.228.162.196:14919] logged in with entity id 33605 at (-78.30000001192093, 253.0, -27.302310845054212)
[17:16:35] [Server thread/INFO]: bruce8866 joined the game
[17:18:21] [Server thread/INFO]: <bruce8866> .
[17:21:53] [Server thread/INFO]: Villager class_1646['Villager'/417, l='ServerLevel[The World]', x=-301.70, y=71.00, z=-229.30] died, message: 'Villager was squished too much'
[17:25:19] [Server thread/INFO]: OTARO lost connection: You logged in from another location
[17:25:19] [Server thread/INFO]: OTARO left the game
[17:25:19] [Server thread/INFO]: OTARO[/120.97.130.28:13193] logged in with entity id 37606 at (-76.69999998807907, 253.0, -27.301315398015575)
[17:25:19] [Server thread/INFO]: OTARO joined the game
[17:26:42] [Server thread/INFO]: [bruce8866: ]
[17:26:42] [Server thread/INFO]: [bruce8866: Average tick time: 57.080ms]
[17:26:42] [Server thread/INFO]: [bruce8866: Top 10 counts:]
[17:26:42] [Server thread/INFO]: [bruce8866:  - chest in overworld: 636.5]
[17:26:42] [Server thread/INFO]: [bruce8866:  - hopper in overworld: 403.0]
[17:26:42] [Server thread/INFO]: [bruce8866:  - villager in overworld: 167.0]
[17:26:42] [Server thread/INFO]: [bruce8866:  - hopper in the_nether: 122.0]
[17:26:42] [Server thread/INFO]: [bruce8866:  - item_frame in overworld: 99.0]
[17:26:42] [Server thread/INFO]: [bruce8866:  - cat in overworld: 97.0]
[17:26:42] [Server thread/INFO]: [bruce8866:  - minecart in overworld: 89.0]
[17:26:42] [Server thread/INFO]: [bruce8866:  - cow in overworld: 77.0]
[17:26:42] [Server thread/INFO]: [bruce8866:  - iron_golem in overworld: 66.2]
[17:26:42] [Server thread/INFO]: [bruce8866:  - zombified_piglin in the_nether: 63.3]
[17:26:42] [Server thread/INFO]: [bruce8866: Top 10 CPU hogs:]
[17:26:42] [Server thread/INFO]: [bruce8866:  - villager in overworld: 17.01ms]
[17:26:42] [Server thread/INFO]: [bruce8866:  - minecart in overworld: 8.71ms]
[17:26:42] [Server thread/INFO]: [bruce8866:  - cow in overworld: 2.23ms]
[17:26:42] [Server thread/INFO]: [bruce8866:  - cat in overworld: 2.18ms]
[17:26:42] [Server thread/INFO]: [bruce8866:  - iron_golem in overworld: 2.17ms]
[17:26:42] [Server thread/INFO]: [bruce8866:  - zombie in overworld: 2.06ms]
[17:26:42] [Server thread/INFO]: [bruce8866:  - zombified_piglin in the_nether: 1.67ms]
[17:26:42] [Server thread/INFO]: [bruce8866:  - horse in overworld: 1.50ms]
[17:26:42] [Server thread/INFO]: [bruce8866:  - strider in the_nether: 1.26ms]
[17:26:42] [Server thread/INFO]: [bruce8866:  - hopper in overworld: 0.96ms]
[17:26:42] [Server thread/WARN]: Can't keep up! Is the server overloaded? Running 2002ms or 40 ticks behind
[17:27:02] [Server thread/WARN]: Can't keep up! Is the server overloaded? Running 2002ms or 40 ticks behind
[17:27:19] [Server thread/WARN]: Can't keep up! Is the server overloaded? Running 2757ms or 55 ticks behind
[17:27:37] [Server thread/WARN]: Can't keep up! Is the server overloaded? Running 2032ms or 40 ticks behind
[17:27:55] [Server thread/WARN]: Can't keep up! Is the server overloaded? Running 2727ms or 54 ticks behind
[17:28:12] [Server thread/WARN]: Can't keep up! Is the server overloaded? Running 2021ms or 40 ticks behind
[17:28:31] [Server thread/WARN]: Can't keep up! Is the server overloaded? Running 2001ms or 40 ticks behind
[17:28:49] [Server thread/WARN]: Can't keep up! Is the server overloaded? Running 2006ms or 40 ticks behind
[17:29:07] [Server thread/WARN]: Can't keep up! Is the server overloaded? Running 2563ms or 51 ticks behind
[17:29:12] [Server thread/INFO]: bruce8866 lost connection: Disconnected
[17:29:12] [Server thread/INFO]: bruce8866 left the game
[17:38:15] [Server thread/INFO]: bruce8866[/61.228.162.196:1235] logged in with entity id 42359 at (-637.4930819344534, 32.5, -135.6628861253241)
[17:38:15] [Server thread/INFO]: bruce8866 joined the game
[17:39:02] [Server thread/WARN]: Can't keep up! Is the server overloaded? Running 2005ms or 40 ticks behind
[17:39:07] [Server thread/WARN]: Fetching packet for removed entity class_1542['Iron Ingot'/42827, l='ServerLevel[The World]', x=-639.72, y=32.00, z=-140.24]
[17:40:41] [Server thread/INFO]: bruce8866 lost connection: Disconnected
[17:40:41] [Server thread/INFO]: bruce8866 left the game
[18:24:13] [Server thread/INFO]: Villager class_1646['Villager'/419, l='ServerLevel[The World]', x=-301.70, y=71.00, z=-229.30] died, message: 'Villager was squished too much'
[18:32:31] [Server thread/INFO]: OTARO lost connection: Disconnected
[18:32:31] [Server thread/INFO]: OTARO left the game
[18:33:09] [Server thread/INFO]: OTARO[/120.97.130.18:17716] logged in with entity id 53059 at (1857.4565711448884, 63.0, 586.1567582576797)
[18:33:09] [Server thread/INFO]: OTARO joined the game
[19:02:00] [Server thread/INFO]: bruce8866[/61.228.162.196:2043] logged in with entity id 57166 at (-241.10417701404833, 68.0, -225.65032081660235)
[19:02:00] [Server thread/INFO]: bruce8866 joined the game
[19:02:01] [Netty Server IO #0/WARN]: Player bruce8866 joined with another carpet version: 1.4.8+v200811
[19:02:21] [Server thread/INFO]: [bruce8866: ]
[19:02:21] [Server thread/INFO]: [bruce8866: Average tick time: 50.337ms]
[19:02:21] [Server thread/INFO]: [bruce8866: Top 10 counts:]
[19:02:21] [Server thread/INFO]: [bruce8866:  - chest in overworld: 493.0]
[19:02:21] [Server thread/INFO]: [bruce8866:  - hopper in overworld: 371.0]
[19:02:21] [Server thread/INFO]: [bruce8866:  - hopper in the_nether: 122.0]
[19:02:21] [Server thread/INFO]: [bruce8866:  - cat in overworld: 90.0]
[19:02:21] [Server thread/INFO]: [bruce8866:  - minecart in overworld: 86.0]
[19:02:21] [Server thread/INFO]: [bruce8866:  - item_frame in overworld: 82.0]
[19:02:21] [Server thread/INFO]: [bruce8866:  - villager in overworld: 78.0]
[19:02:21] [Server thread/INFO]: [bruce8866:  - cow in overworld: 73.0]
[19:02:21] [Server thread/INFO]: [bruce8866:  - zombified_piglin in the_nether: 62.5]
[19:02:21] [Server thread/INFO]: [bruce8866:  - iron_golem in overworld: 62.3]
[19:02:21] [Server thread/INFO]: [bruce8866: Top 10 CPU hogs:]
[19:02:21] [Server thread/INFO]: [bruce8866:  - minecart in overworld: 8.85ms]
[19:02:21] [Server thread/INFO]: [bruce8866:  - villager in overworld: 7.89ms]
[19:02:21] [Server thread/INFO]: [bruce8866:  - cat in overworld: 2.72ms]
[19:02:21] [Server thread/INFO]: [bruce8866:  - iron_golem in overworld: 2.51ms]
[19:02:21] [Server thread/INFO]: [bruce8866:  - cow in overworld: 2.35ms]
[19:02:21] [Server thread/INFO]: [bruce8866:  - zombified_piglin in the_nether: 1.63ms]
[19:02:21] [Server thread/INFO]: [bruce8866:  - zombie in overworld: 1.60ms]
[19:02:21] [Server thread/INFO]: [bruce8866:  - horse in overworld: 1.19ms]
[19:02:21] [Server thread/INFO]: [bruce8866:  - strider in the_nether: 1.11ms]
[19:02:21] [Server thread/INFO]: [bruce8866:  - pig in overworld: 0.97ms]
[19:06:18] [Server thread/INFO]: <bruce8866> 豬人塔海龜蛋被採掉了
[19:06:45] [Server thread/INFO]: <bruce8866> 你白掛了
[19:06:54] [Server thread/INFO]: <OTARO> ggggg
[19:07:06] [Server thread/WARN]: Fetching packet for removed entity class_1542['Iron Ingot'/59494, l='ServerLevel[The World]', x=-639.81, y=32.00, z=-139.89]
[19:07:14] [Server thread/WARN]: Can't keep up! Is the server overloaded? Running 2004ms or 40 ticks behind
[19:07:31] [Server thread/WARN]: Can't keep up! Is the server overloaded? Running 2295ms or 45 ticks behind
[19:07:49] [Server thread/WARN]: Can't keep up! Is the server overloaded? Running 2790ms or 55 ticks behind
[19:08:26] [Server thread/INFO]: <bruce8866> 我是勸你左手給我小心點鉿
[19:08:34] [Server thread/INFO]: <bruce8866> 蛤
[19:08:59] [Server thread/INFO]: <OTARO> 我剛去守衛者塔裝了分類機，但結構對了確不給分類。
[19:10:49] [Server thread/WARN]: Can't keep up! Is the server overloaded? Running 3181ms or 63 ticks behind
[19:11:08] [Server thread/WARN]: Can't keep up! Is the server overloaded? Running 3401ms or 68 ticks behind
[19:11:37] [Server thread/INFO]: <bruce8866> 你知道
[19:11:51] [Server thread/INFO]: <bruce8866> 這個燈跟螢光石依樣
[19:11:56] [Server thread/INFO]: <bruce8866> 都是不能被充能的
[19:12:46] [Server thread/INFO]: <bruce8866> 還有這整陀也太醜
[19:12:58] [Server thread/INFO]: <bruce8866> 你這樣旁邊建築不就蓋好看的
[19:13:00] [Server thread/INFO]: <bruce8866> 喔不對
[19:13:04] [Server thread/INFO]: <bruce8866> 蓋好玩的
[19:13:25] [Server thread/INFO]: <bruce8866> 幹嘛不往下蓋
[19:16:04] [Server thread/INFO]: <bruce8866> 5k4ek
[19:16:07] [Server thread/INFO]: <bruce8866> 這個
[19:16:20] [Server thread/INFO]: <bruce8866> 只有這格影響
[19:16:40] [Server thread/INFO]: <bruce8866> 跟紅石火把納格
[19:21:52] [Server thread/INFO]: <bruce8866> 喔不對
[19:21:55] [Server thread/INFO]: <bruce8866> 這格也要
[19:23:19] [Server thread/INFO]: <bruce8866> 反正這種在紅石機關裡都有特殊意義
[19:23:34] [Server thread/INFO]: <bruce8866> 向螢光石可以讓訊號往上走
[19:24:46] [Server thread/INFO]: <OTARO> ok
[19:24:54] [Server thread/INFO]: <OTARO> 搞定
[19:24:59] [Server thread/INFO]: <bruce8866> 還沒好嗎
[19:25:08] [Server thread/INFO]: <bruce8866> 這
[19:29:25] [Server thread/WARN]: Fetching packet for removed entity class_1542['Bone'/68435, l='ServerLevel[The World]', x=-217.52, y=12.44, z=-232.79]
[19:30:07] [Server thread/INFO]: Villager class_1646['Villager'/425, l='ServerLevel[The World]', x=-301.70, y=71.00, z=-229.30] died, message: 'Villager was squished too much'
[19:30:34] [Server thread/INFO]: scrx1316[/36.231.227.4:6435] logged in with entity id 69299 at (-611.8376161586046, 67.0, -87.89892880948082)
[19:30:34] [Server thread/INFO]: scrx1316 joined the game
[19:30:49] [Server thread/WARN]: Can't keep up! Is the server overloaded? Running 2018ms or 40 ticks behind
[19:31:16] [Server thread/WARN]: Can't keep up! Is the server overloaded? Running 11910ms or 238 ticks behind
[19:31:35] [Server thread/WARN]: Can't keep up! Is the server overloaded? Running 3925ms or 78 ticks behind
[19:31:53] [Server thread/WARN]: Can't keep up! Is the server overloaded? Running 3572ms or 71 ticks behind
[19:32:12] [Server thread/WARN]: Can't keep up! Is the server overloaded? Running 3974ms or 79 ticks behind
[19:32:23] [Server thread/INFO]: <bruce8866> ...?
[19:32:31] [Server thread/INFO]: <scrx1316> ?
[19:32:32] [Server thread/WARN]: Can't keep up! Is the server overloaded? Running 4526ms or 90 ticks behind
[19:32:33] [Server thread/INFO]: <bruce8866> 自己承認喔
[19:32:38] [Server thread/INFO]: <bruce8866> 我的貓怎麼溺死了
[19:32:51] [Server thread/WARN]: Can't keep up! Is the server overloaded? Running 3887ms or 77 ticks behind
[19:33:05] [Server thread/INFO]: <scrx1316> 我ㄅ知道
[19:33:09] [Server thread/WARN]: Can't keep up! Is the server overloaded? Running 3814ms or 76 ticks behind
[19:33:13] [Server thread/INFO]: <scrx1316> 我才剛上線
[19:33:22] [Server thread/INFO]: <bruce8866> 幾秒前
[19:33:29] [Server thread/WARN]: Can't keep up! Is the server overloaded? Running 4279ms or 85 ticks behind
[19:33:31] [Server thread/INFO]: <bruce8866> 額現在是十幾秒前
[19:33:34] [Server thread/INFO]: <scrx1316> 你的貓在哪？
[19:33:38] [Server thread/INFO]: <bruce8866> idk
[19:33:48] [Server thread/WARN]: Can't keep up! Is the server overloaded? Running 4527ms or 90 ticks behind
[19:34:02] [Server thread/INFO]: <scrx1316> 我在看你的鐵人塔怎麼沒生鐵人
[19:34:09] [Server thread/WARN]: Can't keep up! Is the server overloaded? Running 5589ms or 111 ticks behind
[19:34:18] [Server thread/INFO]: <bruce8866> 他要經過兩次才會生一次
[19:34:28] [Server thread/WARN]: Can't keep up! Is the server overloaded? Running 4615ms or 92 ticks behind
[19:34:44] [Server thread/INFO]: <OTARO> 你們怎都不進dis
[19:34:47] [Server thread/WARN]: Can't keep up! Is the server overloaded? Running 4139ms or 82 ticks behind
[19:34:58] [Server thread/INFO]: <scrx1316> 我等等還要收房間
[19:35:07] [Server thread/WARN]: Can't keep up! Is the server overloaded? Running 4439ms or 88 ticks behind
[19:35:07] [Server thread/INFO]: <bruce8866> k
[19:35:19] [Server thread/INFO]: <scrx1316> 阿 掛著也是可啦
[19:35:26] [Server thread/WARN]: Can't keep up! Is the server overloaded? Running 4502ms or 90 ticks behind
[19:35:32] [Server thread/INFO]: <bruce8866> 等你能弄
[19:35:41] [Server thread/INFO]: <bruce8866> 再來說說要怎開洞
[19:35:46] [Server thread/WARN]: Can't keep up! Is the server overloaded? Running 4759ms or 95 ticks behind
[19:35:58] [Server thread/INFO]: <scrx1316> 賀
[19:36:05] [Server thread/WARN]: Can't keep up! Is the server overloaded? Running 3601ms or 72 ticks behind
[19:36:24] [Server thread/WARN]: Can't keep up! Is the server overloaded? Running 4091ms or 81 ticks behind
[19:36:43] [Server thread/WARN]: Can't keep up! Is the server overloaded? Running 3908ms or 78 ticks behind
[19:37:02] [Server thread/WARN]: Can't keep up! Is the server overloaded? Running 4115ms or 82 ticks behind
[19:37:20] [Server thread/WARN]: Can't keep up! Is the server overloaded? Running 3432ms or 68 ticks behind
[19:37:40] [Server thread/WARN]: Can't keep up! Is the server overloaded? Running 4867ms or 97 ticks behind
[19:37:58] [Server thread/WARN]: Can't keep up! Is the server overloaded? Running 3426ms or 68 ticks behind
[19:38:17] [Server thread/WARN]: Can't keep up! Is the server overloaded? Running 3598ms or 71 ticks behind
[19:38:35] [Server thread/WARN]: Can't keep up! Is the server overloaded? Running 2972ms or 59 ticks behind
[19:38:54] [Server thread/WARN]: Can't keep up! Is the server overloaded? Running 4017ms or 80 ticks behind
[19:39:13] [Server thread/WARN]: Can't keep up! Is the server overloaded? Running 3773ms or 75 ticks behind
[19:39:32] [Server thread/WARN]: Can't keep up! Is the server overloaded? Running 3973ms or 79 ticks behind
[19:39:50] [Server thread/WARN]: Can't keep up! Is the server overloaded? Running 3684ms or 73 ticks behind
[19:40:09] [Server thread/WARN]: Can't keep up! Is the server overloaded? Running 4006ms or 80 ticks behind
[19:40:28] [Server thread/WARN]: Can't keep up! Is the server overloaded? Running 3750ms or 75 ticks behind
[19:40:47] [Server thread/WARN]: Can't keep up! Is the server overloaded? Running 3824ms or 76 ticks behind
[19:41:05] [Server thread/WARN]: Can't keep up! Is the server overloaded? Running 3658ms or 73 ticks behind
[19:41:24] [Server thread/WARN]: Can't keep up! Is the server overloaded? Running 3685ms or 73 ticks behind
[19:41:43] [Server thread/WARN]: Can't keep up! Is the server overloaded? Running 3726ms or 74 ticks behind
[19:42:01] [Server thread/WARN]: Can't keep up! Is the server overloaded? Running 3738ms or 74 ticks behind
[19:42:20] [Server thread/WARN]: Can't keep up! Is the server overloaded? Running 3770ms or 75 ticks behind
[19:42:39] [Server thread/WARN]: Can't keep up! Is the server overloaded? Running 3548ms or 70 ticks behind
[19:42:58] [Server thread/WARN]: Can't keep up! Is the server overloaded? Running 3917ms or 78 ticks behind
[19:43:16] [Server thread/WARN]: Can't keep up! Is the server overloaded? Running 3702ms or 74 ticks behind
[19:43:35] [Server thread/WARN]: Can't keep up! Is the server overloaded? Running 3595ms or 71 ticks behind
[19:43:54] [Server thread/WARN]: Can't keep up! Is the server overloaded? Running 4064ms or 81 ticks behind
[19:44:13] [Server thread/WARN]: Can't keep up! Is the server overloaded? Running 4201ms or 84 ticks behind
[19:44:24] [Server thread/WARN]: Mismatch in destroy block pos: class_2338{x=-225, y=10, z=-192} class_2338{x=-225, y=9, z=-192}
[19:44:24] [Server thread/WARN]: Mismatch in destroy block pos: class_2338{x=-225, y=10, z=-192} class_2338{x=-225, y=9, z=-192}
[19:44:24] [Server thread/WARN]: Mismatch in destroy block pos: class_2338{x=-225, y=10, z=-192} class_2338{x=-225, y=9, z=-192}
[19:44:24] [Server thread/WARN]: Mismatch in destroy block pos: class_2338{x=-225, y=10, z=-192} class_2338{x=-225, y=9, z=-192}
[19:44:24] [Server thread/WARN]: Mismatch in destroy block pos: class_2338{x=-225, y=10, z=-192} class_2338{x=-225, y=9, z=-192}
[19:44:24] [Server thread/WARN]: Mismatch in destroy block pos: class_2338{x=-225, y=10, z=-192} class_2338{x=-225, y=9, z=-192}
[19:44:24] [Server thread/WARN]: Mismatch in destroy block pos: class_2338{x=-225, y=10, z=-192} class_2338{x=-225, y=9, z=-192}
[19:44:32] [Server thread/WARN]: Can't keep up! Is the server overloaded? Running 3846ms or 76 ticks behind
[19:44:50] [Server thread/WARN]: Can't keep up! Is the server overloaded? Running 3195ms or 63 ticks behind
[19:45:08] [Server thread/WARN]: Can't keep up! Is the server overloaded? Running 3186ms or 63 ticks behind
[19:45:28] [Server thread/WARN]: Can't keep up! Is the server overloaded? Running 4507ms or 90 ticks behind
[19:45:47] [Server thread/WARN]: Can't keep up! Is the server overloaded? Running 4046ms or 80 ticks behind
[19:45:53] [Server thread/INFO]: <scrx1316> 我搞定ㄌ
[19:45:59] [Server thread/INFO]: <scrx1316> 來ㄅ
[19:46:07] [Server thread/WARN]: Can't keep up! Is the server overloaded? Running 4818ms or 96 ticks behind
[19:46:22] [Server thread/INFO]: bruce8866 fell from a high place
[19:46:26] [Server thread/WARN]: Can't keep up! Is the server overloaded? Running 4665ms or 93 ticks behind
[19:48:11] [Server thread/WARN]: Can't keep up! Is the server overloaded? Running 2006ms or 40 ticks behind
[19:48:29] [Server thread/WARN]: Can't keep up! Is the server overloaded? Running 2346ms or 46 ticks behind
[19:48:47] [Server thread/WARN]: Can't keep up! Is the server overloaded? Running 3815ms or 76 ticks behind
[19:49:06] [Server thread/WARN]: Can't keep up! Is the server overloaded? Running 4157ms or 83 ticks behind
[19:49:26] [Server thread/WARN]: Can't keep up! Is the server overloaded? Running 4697ms or 93 ticks behind
[19:49:50] [Server thread/INFO]: [bruce8866: ]
[19:49:50] [Server thread/INFO]: [bruce8866: Average tick time: 97.279ms]
[19:49:50] [Server thread/INFO]: [bruce8866: Top 10 counts:]
[19:49:50] [Server thread/INFO]: [bruce8866:  - chest in overworld: 666.0]
[19:49:50] [Server thread/INFO]: [bruce8866:  - hopper in overworld: 436.0]
[19:49:50] [Server thread/INFO]: [bruce8866:  - villager in overworld: 169.0]
[19:49:50] [Server thread/INFO]: [bruce8866:  - zombified_piglin in the_nether: 97.8]
[19:49:50] [Server thread/INFO]: [bruce8866:  - cow in overworld: 97.0]
[19:49:50] [Server thread/INFO]: [bruce8866:  - cat in overworld: 96.0]
[19:49:50] [Server thread/INFO]: [bruce8866:  - item_frame in overworld: 95.0]
[19:49:50] [Server thread/INFO]: [bruce8866:  - item in overworld: 92.7]
[19:49:50] [Server thread/INFO]: [bruce8866:  - minecart in overworld: 89.0]
[19:49:50] [Server thread/INFO]: [bruce8866:  - chicken in overworld: 76.0]
[19:49:50] [Server thread/INFO]: [bruce8866: Top 10 CPU hogs:]
[19:49:50] [Server thread/INFO]: [bruce8866:  - villager in overworld: 19.73ms]
[19:49:50] [Server thread/INFO]: [bruce8866:  - minecart in overworld: 10.36ms]
[19:49:50] [Server thread/INFO]: [bruce8866:  - zombie in overworld: 3.32ms]
[19:49:50] [Server thread/INFO]: [bruce8866:  - iron_golem in overworld: 3.28ms]
[19:49:50] [Server thread/INFO]: [bruce8866:  - cat in overworld: 3.04ms]
[19:49:50] [Server thread/INFO]: [bruce8866:  - cow in overworld: 2.82ms]
[19:49:50] [Server thread/INFO]: [bruce8866:  - zombified_piglin in the_nether: 2.66ms]
[19:49:50] [Server thread/INFO]: [bruce8866:  - chicken in overworld: 1.57ms]
[19:49:50] [Server thread/INFO]: [bruce8866:  - horse in overworld: 1.52ms]
[19:49:50] [Server thread/INFO]: [bruce8866:  - creeper in overworld: 1.33ms]
[19:49:58] [Server thread/WARN]: Can't keep up! Is the server overloaded? Running 16878ms or 337 ticks behind
[19:50:03] [Server thread/INFO]: [bruce8866: ]
[19:50:03] [Server thread/INFO]: [bruce8866: Avg. server tick time: 63.976ms]
[19:50:03] [Server thread/INFO]: [bruce8866: Network: 0.269ms]
[19:50:03] [Server thread/INFO]: [bruce8866: Async Tasks: 1.498ms]
[19:50:03] [Server thread/INFO]: [bruce8866: overworld:]
[19:50:03] [Server thread/INFO]: [bruce8866:  - Spawning and Random Ticks: 2.681ms]
[19:50:03] [Server thread/INFO]: [bruce8866:  - Unloading: 0.095ms]
[19:50:03] [Server thread/INFO]: [bruce8866:  - Blocks: 0.101ms]
[19:50:03] [Server thread/INFO]: [bruce8866:  - Entities: 52.050ms]
[19:50:03] [Server thread/INFO]: [bruce8866:  - Block Entities: 1.337ms]
[19:50:03] [Server thread/INFO]: [bruce8866: the_nether:]
[19:50:03] [Server thread/INFO]: [bruce8866:  - Spawning and Random Ticks: 2.115ms]
[19:50:03] [Server thread/INFO]: [bruce8866:  - Unloading: 0.138ms]
[19:50:03] [Server thread/INFO]: [bruce8866:  - Blocks: 0.082ms]
[19:50:03] [Server thread/INFO]: [bruce8866:  - Entities: 3.020ms]
[19:50:03] [Server thread/INFO]: [bruce8866:  - Block Entities: 0.138ms]
[19:50:03] [Server thread/INFO]: [bruce8866: The Rest, whatever that might be: 0.452ms]
[19:50:19] [Server thread/WARN]: Can't keep up! Is the server overloaded? Running 5685ms or 113 ticks behind
[19:50:39] [Server thread/WARN]: Can't keep up! Is the server overloaded? Running 5392ms or 107 ticks behind
[19:51:00] [Server thread/WARN]: Can't keep up! Is the server overloaded? Running 5661ms or 113 ticks behind
[19:51:19] [Server thread/WARN]: Can't keep up! Is the server overloaded? Running 4740ms or 94 ticks behind
[19:51:39] [Server thread/WARN]: Can't keep up! Is the server overloaded? Running 4787ms or 95 ticks behind
[19:51:58] [Server thread/WARN]: Can't keep up! Is the server overloaded? Running 4153ms or 83 ticks behind
[19:52:16] [Server thread/WARN]: Can't keep up! Is the server overloaded? Running 3192ms or 63 ticks behind
[19:52:35] [Server thread/WARN]: Can't keep up! Is the server overloaded? Running 3599ms or 71 ticks behind
[19:52:54] [Server thread/WARN]: Can't keep up! Is the server overloaded? Running 4434ms or 88 ticks behind
[19:53:14] [Server thread/WARN]: Can't keep up! Is the server overloaded? Running 4468ms or 89 ticks behind
[19:53:33] [Server thread/WARN]: Can't keep up! Is the server overloaded? Running 4078ms or 81 ticks behind
[19:53:38] [Server thread/INFO]: <bruce8866> OTARO
[19:53:52] [Server thread/WARN]: Can't keep up! Is the server overloaded? Running 4536ms or 90 ticks behind
[19:54:12] [Server thread/WARN]: Can't keep up! Is the server overloaded? Running 4707ms or 94 ticks behind
[19:54:31] [Server thread/WARN]: Can't keep up! Is the server overloaded? Running 4046ms or 80 ticks behind
[19:54:49] [Server thread/WARN]: Can't keep up! Is the server overloaded? Running 3071ms or 61 ticks behind
[19:54:53] [Server thread/INFO]: [bruce8866: ]
[19:54:53] [Server thread/INFO]: [bruce8866: Avg. server tick time: 59.981ms]
[19:54:53] [Server thread/INFO]: [bruce8866: Network: 0.274ms]
[19:54:53] [Server thread/INFO]: [bruce8866: Async Tasks: 0.788ms]
[19:54:53] [Server thread/INFO]: [bruce8866: overworld:]
[19:54:53] [Server thread/INFO]: [bruce8866:  - Spawning and Random Ticks: 4.479ms]
[19:54:53] [Server thread/INFO]: [bruce8866:  - Unloading: 0.011ms]
[19:54:53] [Server thread/INFO]: [bruce8866:  - Blocks: 1.553ms]
[19:54:53] [Server thread/INFO]: [bruce8866:  - Entities: 51.050ms]
[19:54:53] [Server thread/INFO]: [bruce8866:  - Block Entities: 1.333ms]
[19:54:53] [Server thread/INFO]: [bruce8866: the_nether:]
[19:54:53] [Server thread/INFO]: [bruce8866:  - Spawning and Random Ticks: 0.060ms]
[19:54:53] [Server thread/INFO]: [bruce8866:  - Unloading: 0.062ms]
[19:54:53] [Server thread/INFO]: [bruce8866: The Rest, whatever that might be: 0.371ms]
[19:55:07] [Server thread/WARN]: Can't keep up! Is the server overloaded? Running 3387ms or 67 ticks behind
[19:55:26] [Server thread/WARN]: Can't keep up! Is the server overloaded? Running 3428ms or 68 ticks behind
[19:55:45] [Server thread/WARN]: Can't keep up! Is the server overloaded? Running 4156ms or 83 ticks behind
[19:56:04] [Server thread/INFO]: [bruce8866: ]
[19:56:04] [Server thread/INFO]: [bruce8866: Average tick time: 62.052ms]
[19:56:04] [Server thread/INFO]: [bruce8866: Top 10 counts:]
[19:56:04] [Server thread/INFO]: [bruce8866:  - chest in overworld: 647.0]
[19:56:04] [Server thread/INFO]: [bruce8866:  - hopper in overworld: 403.0]
[19:56:04] [Server thread/INFO]: [bruce8866:  - villager in overworld: 169.0]
[19:56:04] [Server thread/INFO]: [bruce8866:  - cat in overworld: 96.0]
[19:56:04] [Server thread/INFO]: [bruce8866:  - cow in overworld: 96.0]
[19:56:04] [Server thread/INFO]: [bruce8866:  - item_frame in overworld: 91.0]
[19:56:04] [Server thread/INFO]: [bruce8866:  - minecart in overworld: 89.0]
[19:56:04] [Server thread/INFO]: [bruce8866:  - chicken in overworld: 82.0]
[19:56:04] [Server thread/INFO]: [bruce8866:  - iron_golem in overworld: 71.8]
[19:56:04] [Server thread/INFO]: [bruce8866:  - item in overworld: 64.1]
[19:56:04] [Server thread/INFO]: [bruce8866: Top 10 CPU hogs:]
[19:56:04] [Server thread/INFO]: [bruce8866:  - villager in overworld: 17.74ms]
[19:56:04] [Server thread/INFO]: [bruce8866:  - minecart in overworld: 8.83ms]
[19:56:04] [Server thread/INFO]: [bruce8866:  - iron_golem in overworld: 3.45ms]
[19:56:04] [Server thread/INFO]: [bruce8866:  - zombie in overworld: 2.92ms]
[19:56:04] [Server thread/INFO]: [bruce8866:  - cat in overworld: 2.57ms]
[19:56:04] [Server thread/INFO]: [bruce8866:  - cow in overworld: 2.43ms]
[19:56:04] [Server thread/INFO]: [bruce8866:  - creeper in overworld: 1.50ms]
[19:56:04] [Server thread/INFO]: [bruce8866:  - skeleton in overworld: 1.46ms]
[19:56:04] [Server thread/INFO]: [bruce8866:  - chicken in overworld: 1.33ms]
[19:56:04] [Server thread/INFO]: [bruce8866:  - cod in overworld: 1.27ms]
[19:56:04] [Server thread/WARN]: Can't keep up! Is the server overloaded? Running 4083ms or 81 ticks behind
[19:56:25] [Server thread/WARN]: Can't keep up! Is the server overloaded? Running 5928ms or 118 ticks behind
[19:56:44] [Server thread/WARN]: Can't keep up! Is the server overloaded? Running 3958ms or 79 ticks behind
[19:57:03] [Server thread/WARN]: Can't keep up! Is the server overloaded? Running 4169ms or 83 ticks behind
[19:57:22] [Server thread/WARN]: Can't keep up! Is the server overloaded? Running 3717ms or 74 ticks behind
[19:57:40] [Server thread/WARN]: Can't keep up! Is the server overloaded? Running 3245ms or 64 ticks behind
[19:57:57] [Server thread/WARN]: Can't keep up! Is the server overloaded? Running 2559ms or 51 ticks behind
[19:58:15] [Server thread/WARN]: Can't keep up! Is the server overloaded? Running 2545ms or 50 ticks behind
[19:58:33] [Server thread/WARN]: Can't keep up! Is the server overloaded? Running 3095ms or 61 ticks behind
[19:58:51] [Server thread/WARN]: Can't keep up! Is the server overloaded? Running 2946ms or 58 ticks behind
[19:59:01] [Server thread/INFO]: Villager class_1646['Villager'/69392, l='ServerLevel[The World]', x=-650.30, y=56.00, z=-93.70] died, message: 'Villager was squished too much'
[19:59:09] [Server thread/WARN]: Can't keep up! Is the server overloaded? Running 3021ms or 60 ticks behind
[19:59:26] [Server thread/WARN]: Can't keep up! Is the server overloaded? Running 2541ms or 50 ticks behind
[19:59:44] [Server thread/WARN]: Can't keep up! Is the server overloaded? Running 2609ms or 52 ticks behind
[20:00:01] [Server thread/WARN]: Can't keep up! Is the server overloaded? Running 2451ms or 49 ticks behind
[20:00:19] [Server thread/WARN]: Can't keep up! Is the server overloaded? Running 2984ms or 59 ticks behind
[20:00:37] [Server thread/WARN]: Can't keep up! Is the server overloaded? Running 2185ms or 43 ticks behind
[20:00:54] [Server thread/WARN]: Can't keep up! Is the server overloaded? Running 2791ms or 55 ticks behind
[20:01:12] [Server thread/WARN]: Can't keep up! Is the server overloaded? Running 2365ms or 47 ticks behind
[20:01:26] [Server thread/WARN]: Mismatch in destroy block pos: class_2338{x=-630, y=62, z=-132} class_2338{x=-629, y=62, z=-132}
[20:01:26] [Server thread/WARN]: Mismatch in destroy block pos: class_2338{x=-630, y=62, z=-132} class_2338{x=-629, y=62, z=-132}
[20:01:26] [Server thread/WARN]: Mismatch in destroy block pos: class_2338{x=-630, y=62, z=-132} class_2338{x=-629, y=62, z=-132}
[20:01:26] [Server thread/WARN]: Mismatch in destroy block pos: class_2338{x=-630, y=62, z=-132} class_2338{x=-629, y=62, z=-132}
[20:01:26] [Server thread/WARN]: Mismatch in destroy block pos: class_2338{x=-630, y=62, z=-132} class_2338{x=-629, y=62, z=-132}
[20:01:26] [Server thread/WARN]: Mismatch in destroy block pos: class_2338{x=-630, y=62, z=-132} class_2338{x=-629, y=62, z=-132}
[20:01:26] [Server thread/WARN]: Mismatch in destroy block pos: class_2338{x=-630, y=62, z=-132} class_2338{x=-629, y=62, z=-132}
[20:01:26] [Server thread/WARN]: Mismatch in destroy block pos: class_2338{x=-630, y=62, z=-132} class_2338{x=-629, y=62, z=-132}
[20:01:26] [Server thread/WARN]: Mismatch in destroy block pos: class_2338{x=-630, y=62, z=-132} class_2338{x=-629, y=62, z=-132}
[20:01:26] [Server thread/WARN]: Mismatch in destroy block pos: class_2338{x=-630, y=62, z=-132} class_2338{x=-629, y=62, z=-132}
[20:01:26] [Server thread/WARN]: Mismatch in destroy block pos: class_2338{x=-630, y=62, z=-132} class_2338{x=-629, y=62, z=-132}
[20:01:26] [Server thread/WARN]: Mismatch in destroy block pos: class_2338{x=-630, y=62, z=-132} class_2338{x=-629, y=62, z=-132}
[20:01:26] [Server thread/WARN]: Mismatch in destroy block pos: class_2338{x=-630, y=62, z=-132} class_2338{x=-629, y=62, z=-132}
[20:01:26] [Server thread/WARN]: Mismatch in destroy block pos: class_2338{x=-630, y=62, z=-132} class_2338{x=-629, y=62, z=-132}
[20:01:27] [Server thread/WARN]: Mismatch in destroy block pos: class_2338{x=-630, y=62, z=-132} class_2338{x=-629, y=62, z=-132}
[20:01:27] [Server thread/WARN]: Mismatch in destroy block pos: class_2338{x=-630, y=62, z=-132} class_2338{x=-629, y=62, z=-132}
[20:01:27] [Server thread/WARN]: Mismatch in destroy block pos: class_2338{x=-630, y=62, z=-132} class_2338{x=-629, y=62, z=-132}
[20:01:27] [Server thread/WARN]: Mismatch in destroy block pos: class_2338{x=-630, y=62, z=-132} class_2338{x=-629, y=62, z=-132}
[20:01:27] [Server thread/WARN]: Mismatch in destroy block pos: class_2338{x=-630, y=62, z=-132} class_2338{x=-629, y=62, z=-132}
[20:01:27] [Server thread/WARN]: Mismatch in destroy block pos: class_2338{x=-630, y=62, z=-132} class_2338{x=-629, y=62, z=-132}
[20:01:27] [Server thread/WARN]: Mismatch in destroy block pos: class_2338{x=-630, y=62, z=-132} class_2338{x=-629, y=62, z=-132}
[20:01:27] [Server thread/WARN]: Mismatch in destroy block pos: class_2338{x=-630, y=62, z=-132} class_2338{x=-629, y=62, z=-132}
[20:01:27] [Server thread/WARN]: Mismatch in destroy block pos: class_2338{x=-630, y=62, z=-132} class_2338{x=-629, y=62, z=-132}
[20:01:27] [Server thread/WARN]: Mismatch in destroy block pos: class_2338{x=-630, y=62, z=-132} class_2338{x=-629, y=62, z=-132}
[20:01:27] [Server thread/WARN]: Mismatch in destroy block pos: class_2338{x=-630, y=62, z=-132} class_2338{x=-629, y=62, z=-132}
[20:01:27] [Server thread/WARN]: Mismatch in destroy block pos: class_2338{x=-630, y=62, z=-132} class_2338{x=-629, y=62, z=-132}
[20:01:27] [Server thread/WARN]: Mismatch in destroy block pos: class_2338{x=-630, y=62, z=-132} class_2338{x=-629, y=62, z=-132}
[20:01:27] [Server thread/WARN]: Mismatch in destroy block pos: class_2338{x=-632, y=61, z=-135} class_2338{x=-629, y=62, z=-132}
[20:01:30] [Server thread/WARN]: Can't keep up! Is the server overloaded? Running 3092ms or 61 ticks behind
[20:01:48] [Server thread/WARN]: Can't keep up! Is the server overloaded? Running 3378ms or 67 ticks behind
[20:02:06] [Server thread/WARN]: Mismatch in destroy block pos: class_2338{x=-636, y=62, z=-134} class_2338{x=-635, y=61, z=-135}
[20:02:06] [Server thread/WARN]: Mismatch in destroy block pos: class_2338{x=-636, y=62, z=-134} class_2338{x=-635, y=61, z=-135}
[20:02:06] [Server thread/WARN]: Mismatch in destroy block pos: class_2338{x=-636, y=62, z=-134} class_2338{x=-635, y=61, z=-135}
[20:02:06] [Server thread/WARN]: Mismatch in destroy block pos: class_2338{x=-636, y=62, z=-134} class_2338{x=-635, y=61, z=-135}
[20:02:06] [Server thread/WARN]: Can't keep up! Is the server overloaded? Running 3092ms or 61 ticks behind
[20:02:19] [Server thread/WARN]: Mismatch in destroy block pos: class_2338{x=-632, y=59, z=-128} class_2338{x=-633, y=60, z=-129}
[20:02:24] [Server thread/WARN]: Can't keep up! Is the server overloaded? Running 3198ms or 63 ticks behind
[20:02:30] [Server thread/WARN]: Mismatch in destroy block pos: class_2338{x=-635, y=60, z=-131} class_2338{x=-636, y=59, z=-130}
[20:02:41] [Server thread/WARN]: Mismatch in destroy block pos: class_2338{x=-639, y=58, z=-127} class_2338{x=-637, y=61, z=-126}
[20:02:55] [Server thread/WARN]: Can't keep up! Is the server overloaded? Running 2004ms or 40 ticks behind
[20:03:15] [Server thread/WARN]: Mismatch in destroy block pos: class_2338{x=-625, y=60, z=-126} class_2338{x=-624, y=62, z=-128}
[20:03:15] [Server thread/WARN]: Mismatch in destroy block pos: class_2338{x=-625, y=60, z=-126} class_2338{x=-624, y=62, z=-128}
[20:03:15] [Server thread/WARN]: Mismatch in destroy block pos: class_2338{x=-625, y=60, z=-126} class_2338{x=-624, y=62, z=-128}
[20:03:15] [Server thread/WARN]: Mismatch in destroy block pos: class_2338{x=-625, y=60, z=-126} class_2338{x=-624, y=62, z=-128}
[20:03:15] [Server thread/WARN]: Mismatch in destroy block pos: class_2338{x=-625, y=60, z=-126} class_2338{x=-624, y=62, z=-128}
[20:03:15] [Server thread/WARN]: Mismatch in destroy block pos: class_2338{x=-625, y=60, z=-126} class_2338{x=-624, y=62, z=-128}
[20:03:15] [Server thread/WARN]: Mismatch in destroy block pos: class_2338{x=-625, y=60, z=-126} class_2338{x=-624, y=62, z=-128}
[20:03:15] [Server thread/WARN]: Mismatch in destroy block pos: class_2338{x=-625, y=60, z=-126} class_2338{x=-624, y=62, z=-128}
[20:03:15] [Server thread/WARN]: Mismatch in destroy block pos: class_2338{x=-625, y=60, z=-126} class_2338{x=-624, y=62, z=-128}
[20:03:15] [Server thread/WARN]: Mismatch in destroy block pos: class_2338{x=-625, y=60, z=-126} class_2338{x=-624, y=62, z=-128}
[20:03:19] [Server thread/WARN]: Mismatch in destroy block pos: class_2338{x=-630, y=59, z=-131} class_2338{x=-630, y=58, z=-131}
[20:03:21] [Server thread/WARN]: Can't keep up! Is the server overloaded? Running 2003ms or 40 ticks behind
[20:03:37] [Server thread/WARN]: Mismatch in destroy block pos: class_2338{x=-629, y=57, z=-133} class_2338{x=-630, y=57, z=-132}
[20:03:38] [Server thread/WARN]: Mismatch in destroy block pos: class_2338{x=-628, y=56, z=-129} class_2338{x=-628, y=56, z=-130}
[20:03:38] [Server thread/WARN]: Mismatch in destroy block pos: class_2338{x=-628, y=56, z=-129} class_2338{x=-628, y=56, z=-130}
[20:03:38] [Server thread/WARN]: Mismatch in destroy block pos: class_2338{x=-627, y=56, z=-130} class_2338{x=-628, y=56, z=-130}
[20:03:44] [Server thread/WARN]: Mismatch in destroy block pos: class_2338{x=-623, y=58, z=-125} class_2338{x=-624, y=58, z=-126}
[20:03:44] [Server thread/WARN]: Mismatch in destroy block pos: class_2338{x=-623, y=58, z=-125} class_2338{x=-624, y=58, z=-126}
[20:03:45] [Server thread/WARN]: Mismatch in destroy block pos: class_2338{x=-623, y=58, z=-125} class_2338{x=-624, y=58, z=-126}
[20:03:45] [Server thread/WARN]: Mismatch in destroy block pos: class_2338{x=-623, y=58, z=-125} class_2338{x=-624, y=58, z=-126}
[20:03:45] [Server thread/WARN]: Mismatch in destroy block pos: class_2338{x=-623, y=58, z=-125} class_2338{x=-624, y=58, z=-126}
[20:03:45] [Server thread/WARN]: Mismatch in destroy block pos: class_2338{x=-623, y=58, z=-125} class_2338{x=-624, y=58, z=-126}
[20:03:45] [Server thread/WARN]: Mismatch in destroy block pos: class_2338{x=-623, y=58, z=-125} class_2338{x=-624, y=58, z=-126}
[20:03:55] [Server thread/WARN]: Can't keep up! Is the server overloaded? Running 2005ms or 40 ticks behind
[20:04:01] [Server thread/WARN]: Mismatch in destroy block pos: class_2338{x=-638, y=57, z=-134} class_2338{x=-635, y=58, z=-135}
[20:04:02] [Server thread/WARN]: Mismatch in destroy block pos: class_2338{x=-638, y=57, z=-134} class_2338{x=-635, y=58, z=-135}
[20:04:02] [Server thread/WARN]: Mismatch in destroy block pos: class_2338{x=-638, y=57, z=-134} class_2338{x=-635, y=58, z=-135}
[20:04:02] [Server thread/WARN]: Mismatch in destroy block pos: class_2338{x=-638, y=57, z=-134} class_2338{x=-635, y=58, z=-135}
[20:04:09] [Server thread/WARN]: Mismatch in destroy block pos: class_2338{x=-641, y=61, z=-138} class_2338{x=-641, y=60, z=-138}
[20:04:27] [Server thread/WARN]: Can't keep up! Is the server overloaded? Running 2005ms or 40 ticks behind
[20:04:28] [Server thread/WARN]: Mismatch in destroy block pos: class_2338{x=-627, y=56, z=-124} class_2338{x=-627, y=55, z=-124}
[20:04:28] [Server thread/WARN]: Mismatch in destroy block pos: class_2338{x=-627, y=56, z=-124} class_2338{x=-627, y=55, z=-124}
[20:04:28] [Server thread/WARN]: Mismatch in destroy block pos: class_2338{x=-627, y=56, z=-124} class_2338{x=-627, y=55, z=-124}
[20:04:28] [Server thread/WARN]: Mismatch in destroy block pos: class_2338{x=-627, y=56, z=-124} class_2338{x=-627, y=55, z=-124}
[20:04:28] [Server thread/WARN]: Mismatch in destroy block pos: class_2338{x=-627, y=56, z=-124} class_2338{x=-627, y=55, z=-124}
[20:04:28] [Server thread/WARN]: Mismatch in destroy block pos: class_2338{x=-627, y=56, z=-124} class_2338{x=-627, y=55, z=-124}
[20:04:34] [Server thread/WARN]: Mismatch in destroy block pos: class_2338{x=-626, y=62, z=-132} class_2338{x=-625, y=61, z=-132}
[20:04:34] [Server thread/WARN]: Mismatch in destroy block pos: class_2338{x=-626, y=62, z=-132} class_2338{x=-625, y=61, z=-132}
[20:04:34] [Server thread/WARN]: Mismatch in destroy block pos: class_2338{x=-626, y=62, z=-132} class_2338{x=-625, y=61, z=-132}
[20:04:34] [Server thread/WARN]: Mismatch in destroy block pos: class_2338{x=-626, y=62, z=-132} class_2338{x=-625, y=61, z=-132}
[20:04:34] [Server thread/WARN]: Mismatch in destroy block pos: class_2338{x=-626, y=62, z=-132} class_2338{x=-625, y=61, z=-132}
[20:04:34] [Server thread/WARN]: Mismatch in destroy block pos: class_2338{x=-626, y=62, z=-132} class_2338{x=-625, y=61, z=-132}
[20:04:59] [Server thread/WARN]: Can't keep up! Is the server overloaded? Running 2008ms or 40 ticks behind
[20:05:41] [Server thread/WARN]: Can't keep up! Is the server overloaded? Running 2015ms or 40 ticks behind
[20:06:15] [Server thread/WARN]: Can't keep up! Is the server overloaded? Running 2001ms or 40 ticks behind
[20:06:50] [Server thread/WARN]: Mismatch in destroy block pos: class_2338{x=-632, y=56, z=-135} class_2338{x=-633, y=56, z=-135}
[20:06:50] [Server thread/WARN]: Mismatch in destroy block pos: class_2338{x=-632, y=56, z=-135} class_2338{x=-633, y=56, z=-135}
[20:06:50] [Server thread/WARN]: Mismatch in destroy block pos: class_2338{x=-632, y=56, z=-135} class_2338{x=-633, y=56, z=-135}
[20:06:54] [Server thread/WARN]: Can't keep up! Is the server overloaded? Running 2003ms or 40 ticks behind
[20:07:26] [Server thread/WARN]: Can't keep up! Is the server overloaded? Running 2001ms or 40 ticks behind
[20:07:50] [Server thread/WARN]: Can't keep up! Is the server overloaded? Running 2011ms or 40 ticks behind
[20:09:02] [Server thread/WARN]: Can't keep up! Is the server overloaded? Running 2001ms or 40 ticks behind
[20:09:28] [Server thread/WARN]: Can't keep up! Is the server overloaded? Running 2001ms or 40 ticks behind
[20:09:56] [Server thread/WARN]: Can't keep up! Is the server overloaded? Running 2003ms or 40 ticks behind
[20:10:22] [Server thread/WARN]: Can't keep up! Is the server overloaded? Running 2005ms or 40 ticks behind
[20:10:23] [Server thread/WARN]: Mismatch in destroy block pos: class_2338{x=-628, y=60, z=-136} class_2338{x=-630, y=58, z=-135}
[20:10:23] [Server thread/WARN]: Mismatch in destroy block pos: class_2338{x=-628, y=60, z=-136} class_2338{x=-630, y=58, z=-135}
[20:10:43] [Server thread/WARN]: Can't keep up! Is the server overloaded? Running 2003ms or 40 ticks behind
[20:10:59] [Server thread/WARN]: Mismatch in destroy block pos: class_2338{x=-663, y=51, z=-97} class_2338{x=-663, y=50, z=-96}
[20:10:59] [Server thread/WARN]: Mismatch in destroy block pos: class_2338{x=-663, y=51, z=-97} class_2338{x=-663, y=50, z=-96}
[20:10:59] [Server thread/WARN]: Mismatch in destroy block pos: class_2338{x=-663, y=51, z=-97} class_2338{x=-663, y=50, z=-96}
[20:11:03] [Server thread/WARN]: Can't keep up! Is the server overloaded? Running 2010ms or 40 ticks behind
[20:11:24] [Server thread/WARN]: Can't keep up! Is the server overloaded? Running 2002ms or 40 ticks behind
[20:11:30] [Server thread/INFO]: Villager class_1646['Villager'/69393, l='ServerLevel[The World]', x=-650.30, y=56.00, z=-93.30] died, message: 'Villager was squished too much'
[20:11:42] [Server thread/WARN]: Can't keep up! Is the server overloaded? Running 2008ms or 40 ticks behind
[20:12:09] [Server thread/WARN]: Can't keep up! Is the server overloaded? Running 2016ms or 40 ticks behind
[20:12:31] [Server thread/WARN]: Can't keep up! Is the server overloaded? Running 2006ms or 40 ticks behind
[20:12:55] [Server thread/WARN]: Can't keep up! Is the server overloaded? Running 2186ms or 43 ticks behind
[20:13:27] [Server thread/WARN]: Can't keep up! Is the server overloaded? Running 2012ms or 40 ticks behind
[20:14:25] [Server thread/WARN]: Can't keep up! Is the server overloaded? Running 2005ms or 40 ticks behind
[20:14:50] [Server thread/WARN]: Can't keep up! Is the server overloaded? Running 2014ms or 40 ticks behind
[20:15:08] [Server thread/WARN]: Can't keep up! Is the server overloaded? Running 3380ms or 67 ticks behind
[20:15:27] [Server thread/WARN]: Can't keep up! Is the server overloaded? Running 3926ms or 78 ticks behind
[20:15:46] [Server thread/WARN]: Can't keep up! Is the server overloaded? Running 3959ms or 79 ticks behind
[20:16:04] [Server thread/WARN]: Can't keep up! Is the server overloaded? Running 3153ms or 63 ticks behind
[20:16:23] [Server thread/WARN]: Can't keep up! Is the server overloaded? Running 3981ms or 79 ticks behind
[20:16:42] [Server thread/WARN]: Can't keep up! Is the server overloaded? Running 3954ms or 79 ticks behind
[20:17:01] [Server thread/WARN]: Can't keep up! Is the server overloaded? Running 3746ms or 74 ticks behind
[20:17:19] [Server thread/WARN]: Can't keep up! Is the server overloaded? Running 3363ms or 67 ticks behind
[20:17:38] [Server thread/WARN]: Can't keep up! Is the server overloaded? Running 3544ms or 70 ticks behind
[20:17:55] [Server thread/WARN]: Can't keep up! Is the server overloaded? Running 2573ms or 51 ticks behind
[20:18:14] [Server thread/WARN]: Can't keep up! Is the server overloaded? Running 3065ms or 61 ticks behind
[20:18:31] [Server thread/WARN]: Can't keep up! Is the server overloaded? Running 2801ms or 56 ticks behind
[20:18:51] [Server thread/WARN]: Can't keep up! Is the server overloaded? Running 4305ms or 86 ticks behind
[20:19:09] [Server thread/WARN]: Can't keep up! Is the server overloaded? Running 3186ms or 63 ticks behind
[20:19:27] [Server thread/WARN]: Can't keep up! Is the server overloaded? Running 3491ms or 69 ticks behind
[20:19:45] [Server thread/WARN]: Can't keep up! Is the server overloaded? Running 2991ms or 59 ticks behind
[20:20:03] [Server thread/WARN]: Can't keep up! Is the server overloaded? Running 3208ms or 64 ticks behind
[20:20:21] [Server thread/WARN]: Can't keep up! Is the server overloaded? Running 2451ms or 49 ticks behind
[20:20:41] [Server thread/WARN]: Can't keep up! Is the server overloaded? Running 2001ms or 40 ticks behind
[20:20:59] [Server thread/WARN]: Can't keep up! Is the server overloaded? Running 2003ms or 40 ticks behind
[20:21:16] [Server thread/WARN]: Can't keep up! Is the server overloaded? Running 2001ms or 40 ticks behind
[20:21:25] [Server thread/INFO]: [OTARO: Player bruce8866 is already logged on]
[20:21:33] [Server thread/WARN]: Can't keep up! Is the server overloaded? Running 2004ms or 40 ticks behind
[20:21:50] [Server thread/WARN]: Can't keep up! Is the server overloaded? Running 2101ms or 42 ticks behind
[20:22:08] [Server thread/WARN]: Can't keep up! Is the server overloaded? Running 2018ms or 40 ticks behind
[20:22:17] [Server thread/INFO]: Steve[local] logged in with entity id 95873 at (-78.31866648471106, 253.0, -26.228391050279324)
[20:22:17] [Server thread/INFO]: Steve joined the game
[20:22:17] [Server thread/INFO]: Steve has made the advancement [We Need to Go Deeper]
[20:22:26] [Server thread/WARN]: Can't keep up! Is the server overloaded? Running 2435ms or 48 ticks behind
[20:22:43] [Server thread/WARN]: Can't keep up! Is the server overloaded? Running 2783ms or 55 ticks behind
[20:23:01] [Server thread/WARN]: Can't keep up! Is the server overloaded? Running 2880ms or 57 ticks behind
[20:23:19] [Server thread/WARN]: Can't keep up! Is the server overloaded? Running 2656ms or 53 ticks behind
[20:23:37] [Server thread/WARN]: Can't keep up! Is the server overloaded? Running 3452ms or 69 ticks behind
[20:23:56] [Server thread/WARN]: Can't keep up! Is the server overloaded? Running 3790ms or 75 ticks behind
[20:24:16] [Server thread/WARN]: Can't keep up! Is the server overloaded? Running 4742ms or 94 ticks behind
[20:24:35] [Server thread/WARN]: Can't keep up! Is the server overloaded? Running 3731ms or 74 ticks behind
[20:25:01] [Server thread/WARN]: Can't keep up! Is the server overloaded? Running 11323ms or 226 ticks behind
[20:25:20] [Server thread/WARN]: Can't keep up! Is the server overloaded? Running 4017ms or 80 ticks behind
[20:25:40] [Server thread/WARN]: Can't keep up! Is the server overloaded? Running 5061ms or 101 ticks behind
[20:25:59] [Server thread/WARN]: Can't keep up! Is the server overloaded? Running 4478ms or 89 ticks behind
[20:26:18] [Server thread/WARN]: Can't keep up! Is the server overloaded? Running 4055ms or 81 ticks behind
[20:26:36] [Server thread/WARN]: Can't keep up! Is the server overloaded? Running 2814ms or 56 ticks behind
[20:26:54] [Server thread/WARN]: Can't keep up! Is the server overloaded? Running 2963ms or 59 ticks behind
[20:27:12] [Server thread/WARN]: Can't keep up! Is the server overloaded? Running 2963ms or 59 ticks behind
[20:27:30] [Server thread/WARN]: Can't keep up! Is the server overloaded? Running 3090ms or 61 ticks behind
[20:27:48] [Server thread/WARN]: Can't keep up! Is the server overloaded? Running 2542ms or 50 ticks behind
[20:28:05] [Server thread/WARN]: Can't keep up! Is the server overloaded? Running 2810ms or 56 ticks behind
[20:28:23] [Server thread/WARN]: Can't keep up! Is the server overloaded? Running 2761ms or 55 ticks behind
[20:28:41] [Server thread/WARN]: Can't keep up! Is the server overloaded? Running 2993ms or 59 ticks behind
[20:28:59] [Server thread/WARN]: Can't keep up! Is the server overloaded? Running 2453ms or 49 ticks behind
[20:29:03] [Server thread/WARN]: Mismatch in destroy block pos: class_2338{x=-634, y=54, z=-125} class_2338{x=-635, y=54, z=-125}
[20:29:17] [Server thread/WARN]: Can't keep up! Is the server overloaded? Running 2979ms or 59 ticks behind
[20:29:34] [Server thread/WARN]: Can't keep up! Is the server overloaded? Running 2646ms or 52 ticks behind
[20:29:52] [Server thread/WARN]: Can't keep up! Is the server overloaded? Running 2790ms or 55 ticks behind
[20:30:10] [Server thread/WARN]: Can't keep up! Is the server overloaded? Running 2773ms or 55 ticks behind
[20:30:28] [Server thread/WARN]: Can't keep up! Is the server overloaded? Running 3048ms or 60 ticks behind
[20:30:45] [Server thread/WARN]: Can't keep up! Is the server overloaded? Running 2838ms or 56 ticks behind
[20:30:51] [Server thread/WARN]: Mismatch in destroy block pos: class_2338{x=-640, y=56, z=-132} class_2338{x=-640, y=55, z=-133}
[20:30:51] [Server thread/WARN]: Mismatch in destroy block pos: class_2338{x=-640, y=56, z=-132} class_2338{x=-640, y=55, z=-133}
[20:31:07] [Server thread/WARN]: Can't keep up! Is the server overloaded? Running 6451ms or 129 ticks behind
[20:31:27] [Server thread/WARN]: Can't keep up! Is the server overloaded? Running 4934ms or 98 ticks behind
[20:31:35] [Server thread/WARN]: Mismatch in destroy block pos: class_2338{x=-630, y=53, z=-129} class_2338{x=-628, y=53, z=-127}
[20:31:36] [Server thread/WARN]: Mismatch in destroy block pos: class_2338{x=-630, y=53, z=-129} class_2338{x=-628, y=53, z=-127}
[20:31:47] [Server thread/WARN]: Can't keep up! Is the server overloaded? Running 5362ms or 107 ticks behind
[20:32:07] [Server thread/WARN]: Can't keep up! Is the server overloaded? Running 4792ms or 95 ticks behind
[20:32:27] [Server thread/WARN]: Can't keep up! Is the server overloaded? Running 4951ms or 99 ticks behind
[20:32:29] [Server thread/INFO]: [bruce8866: ai_tracker app loaded with /ai_tracker command]
[20:32:29] [Server thread/INFO]: App ai_tracker loaded in 99 ms
[20:32:49] [Server thread/WARN]: Can't keep up! Is the server overloaded? Running 7076ms or 141 ticks behind
[20:33:10] [Server thread/WARN]: Can't keep up! Is the server overloaded? Running 6379ms or 127 ticks behind
[20:33:10] [Server thread/INFO]: scrx1316 lost connection: Disconnected
[20:33:10] [Server thread/INFO]: scrx1316 left the game
[20:33:13] [Server thread/INFO]: Villager class_1646['Villager'/418, l='ServerLevel[The World]', x=-301.30, y=71.00, z=-229.70] died, message: 'Villager was squished too much'
[20:33:16] [Server thread/INFO]: scrx1316[/36.231.227.4:8466] logged in with entity id 101347 at (-617.3975264784656, 67.0, -89.28250541495358)
[20:33:16] [Server thread/INFO]: scrx1316 joined the game
[20:33:31] [Server thread/WARN]: Can't keep up! Is the server overloaded? Running 5534ms or 110 ticks behind
[20:33:50] [Server thread/WARN]: Can't keep up! Is the server overloaded? Running 4459ms or 89 ticks behind
[20:34:09] [Server thread/WARN]: Can't keep up! Is the server overloaded? Running 3853ms or 77 ticks behind
[20:34:29] [Server thread/WARN]: Can't keep up! Is the server overloaded? Running 4635ms or 92 ticks behind
[20:34:34] [Server thread/INFO]: Villager class_1646['Villager'/69399, l='ServerLevel[The World]', x=-650.30, y=56.00, z=-93.70] died, message: 'Villager was squished too much'
[20:34:49] [Server thread/WARN]: Can't keep up! Is the server overloaded? Running 5397ms or 107 ticks behind
[20:35:10] [Server thread/WARN]: Can't keep up! Is the server overloaded? Running 6173ms or 123 ticks behind
[20:35:30] [Server thread/WARN]: Can't keep up! Is the server overloaded? Running 5026ms or 100 ticks behind
[20:35:50] [Server thread/WARN]: Can't keep up! Is the server overloaded? Running 4731ms or 94 ticks behind
[20:36:10] [Server thread/WARN]: Can't keep up! Is the server overloaded? Running 5493ms or 109 ticks behind
[20:36:30] [Server thread/WARN]: Can't keep up! Is the server overloaded? Running 4996ms or 99 ticks behind
[20:36:50] [Server thread/WARN]: Can't keep up! Is the server overloaded? Running 4990ms or 99 ticks behind
[20:37:10] [Server thread/WARN]: Can't keep up! Is the server overloaded? Running 4745ms or 94 ticks behind
[20:37:30] [Server thread/WARN]: Can't keep up! Is the server overloaded? Running 5378ms or 107 ticks behind
[20:37:52] [Server thread/WARN]: Can't keep up! Is the server overloaded? Running 6467ms or 129 ticks behind
[20:38:12] [Server thread/WARN]: Can't keep up! Is the server overloaded? Running 5071ms or 101 ticks behind
[20:38:32] [Server thread/WARN]: Can't keep up! Is the server overloaded? Running 5078ms or 101 ticks behind
[20:38:52] [Server thread/WARN]: Can't keep up! Is the server overloaded? Running 4834ms or 96 ticks behind
[20:39:11] [Server thread/WARN]: Can't keep up! Is the server overloaded? Running 4402ms or 88 ticks behind
[20:39:31] [Server thread/WARN]: Can't keep up! Is the server overloaded? Running 5043ms or 100 ticks behind
[20:39:51] [Server thread/WARN]: Can't keep up! Is the server overloaded? Running 4561ms or 91 ticks behind
[20:40:11] [Server thread/WARN]: Can't keep up! Is the server overloaded? Running 5111ms or 102 ticks behind
[20:40:31] [Server thread/WARN]: Can't keep up! Is the server overloaded? Running 4894ms or 97 ticks behind
[20:40:51] [Server thread/WARN]: Can't keep up! Is the server overloaded? Running 5036ms or 100 ticks behind
[20:41:10] [Server thread/WARN]: Can't keep up! Is the server overloaded? Running 4410ms or 88 ticks behind
[20:41:30] [Server thread/WARN]: Can't keep up! Is the server overloaded? Running 4666ms or 93 ticks behind
[20:41:49] [Server thread/WARN]: Can't keep up! Is the server overloaded? Running 4660ms or 93 ticks behind
[20:42:09] [Server thread/WARN]: Can't keep up! Is the server overloaded? Running 5038ms or 100 ticks behind
[20:42:29] [Server thread/WARN]: Can't keep up! Is the server overloaded? Running 4598ms or 91 ticks behind
[20:42:49] [Server thread/WARN]: Can't keep up! Is the server overloaded? Running 4914ms or 98 ticks behind
[20:43:08] [Server thread/WARN]: Can't keep up! Is the server overloaded? Running 4451ms or 89 ticks behind
[20:43:28] [Server thread/WARN]: Can't keep up! Is the server overloaded? Running 4674ms or 93 ticks behind
[20:43:47] [Server thread/WARN]: Can't keep up! Is the server overloaded? Running 4603ms or 92 ticks behind
[20:44:07] [Server thread/WARN]: Can't keep up! Is the server overloaded? Running 4825ms or 96 ticks behind
[20:44:27] [Server thread/WARN]: Can't keep up! Is the server overloaded? Running 5290ms or 105 ticks behind
[20:44:47] [Server thread/WARN]: Can't keep up! Is the server overloaded? Running 5063ms or 101 ticks behind
[20:45:08] [Server thread/WARN]: Can't keep up! Is the server overloaded? Running 5288ms or 105 ticks behind
[20:45:28] [Server thread/WARN]: Can't keep up! Is the server overloaded? Running 5083ms or 101 ticks behind
[20:45:48] [Server thread/WARN]: Can't keep up! Is the server overloaded? Running 4948ms or 98 ticks behind
[20:46:07] [Server thread/WARN]: Can't keep up! Is the server overloaded? Running 4120ms or 82 ticks behind
[20:46:26] [Server thread/WARN]: Can't keep up! Is the server overloaded? Running 4131ms or 82 ticks behind
[20:46:45] [Server thread/WARN]: Can't keep up! Is the server overloaded? Running 3736ms or 74 ticks behind
[20:47:03] [Server thread/WARN]: Can't keep up! Is the server overloaded? Running 3957ms or 79 ticks behind
[20:47:06] [Server thread/WARN]: Mismatch in destroy block pos: class_2338{x=-629, y=63, z=-137} class_2338{x=-629, y=63, z=-138}
[20:47:06] [Server thread/WARN]: Mismatch in destroy block pos: class_2338{x=-629, y=63, z=-137} class_2338{x=-629, y=63, z=-138}
[20:47:06] [Server thread/WARN]: Mismatch in destroy block pos: class_2338{x=-629, y=63, z=-137} class_2338{x=-629, y=63, z=-138}
[20:47:06] [Server thread/WARN]: Mismatch in destroy block pos: class_2338{x=-629, y=63, z=-137} class_2338{x=-629, y=63, z=-138}
[20:47:06] [Server thread/WARN]: Mismatch in destroy block pos: class_2338{x=-629, y=63, z=-137} class_2338{x=-629, y=63, z=-138}
[20:47:22] [Server thread/WARN]: Can't keep up! Is the server overloaded? Running 3994ms or 79 ticks behind
[20:47:24] [Server thread/INFO]: Villager class_1646['Villager'/69468, l='ServerLevel[The World]', x=-634.50, y=63.00, z=-147.50] died, message: 'Villager was blown up by bruce8866'
[20:47:42] [Server thread/WARN]: Can't keep up! Is the server overloaded? Running 4585ms or 91 ticks behind
[20:48:01] [Server thread/WARN]: Can't keep up! Is the server overloaded? Running 4229ms or 84 ticks behind
[20:48:21] [Server thread/WARN]: Can't keep up! Is the server overloaded? Running 4640ms or 92 ticks behind
[20:48:40] [Server thread/WARN]: Can't keep up! Is the server overloaded? Running 4329ms or 86 ticks behind
[20:49:00] [Server thread/WARN]: Can't keep up! Is the server overloaded? Running 4820ms or 96 ticks behind
[20:49:19] [Server thread/WARN]: Can't keep up! Is the server overloaded? Running 4358ms or 87 ticks behind
[20:49:38] [Server thread/WARN]: Can't keep up! Is the server overloaded? Running 4171ms or 83 ticks behind
[20:49:57] [Server thread/WARN]: Can't keep up! Is the server overloaded? Running 4009ms or 80 ticks behind
[20:50:17] [Server thread/WARN]: Can't keep up! Is the server overloaded? Running 4681ms or 93 ticks behind
[20:50:36] [Server thread/WARN]: Can't keep up! Is the server overloaded? Running 3990ms or 79 ticks behind
[20:50:56] [Server thread/WARN]: Can't keep up! Is the server overloaded? Running 4977ms or 99 ticks behind
[20:51:15] [Server thread/WARN]: Can't keep up! Is the server overloaded? Running 4041ms or 80 ticks behind
[20:51:35] [Server thread/WARN]: Can't keep up! Is the server overloaded? Running 4566ms or 91 ticks behind
[20:51:54] [Server thread/WARN]: Can't keep up! Is the server overloaded? Running 4509ms or 90 ticks behind
[20:52:13] [Server thread/WARN]: Can't keep up! Is the server overloaded? Running 4514ms or 90 ticks behind
[20:52:32] [Server thread/WARN]: Can't keep up! Is the server overloaded? Running 3899ms or 77 ticks behind
[20:52:52] [Server thread/WARN]: Can't keep up! Is the server overloaded? Running 4510ms or 90 ticks behind
[20:53:11] [Server thread/WARN]: Can't keep up! Is the server overloaded? Running 4087ms or 81 ticks behind
[20:53:30] [Server thread/WARN]: Can't keep up! Is the server overloaded? Running 4230ms or 84 ticks behind
[20:53:49] [Server thread/WARN]: Can't keep up! Is the server overloaded? Running 3944ms or 78 ticks behind
[20:54:08] [Server thread/WARN]: Can't keep up! Is the server overloaded? Running 4498ms or 89 ticks behind
[20:54:28] [Server thread/WARN]: Can't keep up! Is the server overloaded? Running 4243ms or 84 ticks behind
[20:54:47] [Server thread/WARN]: Can't keep up! Is the server overloaded? Running 4809ms or 96 ticks behind
[20:55:07] [Server thread/WARN]: Can't keep up! Is the server overloaded? Running 4678ms or 93 ticks behind
[20:55:27] [Server thread/WARN]: Can't keep up! Is the server overloaded? Running 4939ms or 98 ticks behind
[20:55:47] [Server thread/WARN]: Can't keep up! Is the server overloaded? Running 4734ms or 94 ticks behind
[20:56:07] [Server thread/WARN]: Can't keep up! Is the server overloaded? Running 4956ms or 99 ticks behind
[20:56:27] [Server thread/WARN]: Can't keep up! Is the server overloaded? Running 4892ms or 97 ticks behind
[20:56:46] [Server thread/WARN]: Can't keep up! Is the server overloaded? Running 4833ms or 96 ticks behind
[20:57:06] [Server thread/WARN]: Can't keep up! Is the server overloaded? Running 4921ms or 98 ticks behind
[20:57:27] [Server thread/WARN]: Can't keep up! Is the server overloaded? Running 5579ms or 111 ticks behind
[20:57:46] [Server thread/WARN]: Can't keep up! Is the server overloaded? Running 4414ms or 88 ticks behind
[20:58:05] [Server thread/WARN]: Can't keep up! Is the server overloaded? Running 4234ms or 84 ticks behind
[20:58:25] [Server thread/WARN]: Can't keep up! Is the server overloaded? Running 4460ms or 89 ticks behind
[20:58:43] [Server thread/WARN]: Can't keep up! Is the server overloaded? Running 3679ms or 73 ticks behind
[20:59:03] [Server thread/WARN]: Can't keep up! Is the server overloaded? Running 4216ms or 84 ticks behind
[20:59:22] [Server thread/WARN]: Can't keep up! Is the server overloaded? Running 4296ms or 85 ticks behind
[20:59:42] [Server thread/WARN]: Can't keep up! Is the server overloaded? Running 4782ms or 95 ticks behind
[21:00:01] [Server thread/WARN]: Can't keep up! Is the server overloaded? Running 4789ms or 95 ticks behind
[21:00:22] [Server thread/WARN]: Can't keep up! Is the server overloaded? Running 5214ms or 104 ticks behind
[21:00:42] [Server thread/WARN]: Can't keep up! Is the server overloaded? Running 4949ms or 98 ticks behind
[21:01:02] [Server thread/WARN]: Can't keep up! Is the server overloaded? Running 5729ms or 114 ticks behind
[21:01:23] [Server thread/WARN]: Can't keep up! Is the server overloaded? Running 5533ms or 110 ticks behind
[21:01:44] [Server thread/WARN]: Can't keep up! Is the server overloaded? Running 5907ms or 118 ticks behind
[21:02:05] [Server thread/WARN]: Can't keep up! Is the server overloaded? Running 6096ms or 121 ticks behind
[21:02:24] [Server thread/INFO]: scrx1316 lost connection: Disconnected
[21:02:24] [Server thread/INFO]: scrx1316 left the game
[21:02:26] [Server thread/WARN]: Can't keep up! Is the server overloaded? Running 6827ms or 136 ticks behind
[21:02:46] [Server thread/WARN]: Can't keep up! Is the server overloaded? Running 4433ms or 88 ticks behind
[21:02:56] [Server thread/INFO]: bruce8866 was slain by Iron Golem
[21:03:04] [Server thread/WARN]: Can't keep up! Is the server overloaded? Running 3444ms or 68 ticks behind
[21:03:36] [Server thread/WARN]: Can't keep up! Is the server overloaded? Running 2004ms or 40 ticks behind
[21:03:53] [Server thread/WARN]: Can't keep up! Is the server overloaded? Running 2298ms or 45 ticks behind
[21:04:10] [Server thread/WARN]: Can't keep up! Is the server overloaded? Running 2293ms or 45 ticks behind
[21:04:30] [Server thread/WARN]: Can't keep up! Is the server overloaded? Running 4490ms or 89 ticks behind
[21:04:50] [Server thread/WARN]: Can't keep up! Is the server overloaded? Running 4819ms or 96 ticks behind
[21:05:09] [Server thread/WARN]: Can't keep up! Is the server overloaded? Running 4437ms or 88 ticks behind
[21:05:16] [Server thread/INFO]: bruce8866 tried to swim in lava
[21:05:26] [Server thread/WARN]: Can't keep up! Is the server overloaded? Running 2420ms or 48 ticks behind
[21:05:58] [Server thread/WARN]: Can't keep up! Is the server overloaded? Running 2004ms or 40 ticks behind
[21:06:16] [Server thread/WARN]: Can't keep up! Is the server overloaded? Running 2007ms or 40 ticks behind
[21:06:36] [Server thread/WARN]: Can't keep up! Is the server overloaded? Running 4893ms or 97 ticks behind
[21:06:56] [Server thread/WARN]: Can't keep up! Is the server overloaded? Running 5287ms or 105 ticks behind
[21:07:16] [Server thread/WARN]: Can't keep up! Is the server overloaded? Running 4743ms or 94 ticks behind
[21:07:35] [Server thread/WARN]: Can't keep up! Is the server overloaded? Running 4290ms or 85 ticks behind
[21:07:55] [Server thread/WARN]: Can't keep up! Is the server overloaded? Running 4544ms or 90 ticks behind
[21:08:14] [Server thread/WARN]: Can't keep up! Is the server overloaded? Running 4241ms or 84 ticks behind
[21:08:33] [Server thread/WARN]: Can't keep up! Is the server overloaded? Running 4423ms or 88 ticks behind
[21:08:53] [Server thread/WARN]: Can't keep up! Is the server overloaded? Running 4266ms or 85 ticks behind
[21:09:12] [Server thread/WARN]: Can't keep up! Is the server overloaded? Running 4264ms or 85 ticks behind
[21:09:32] [Server thread/WARN]: Can't keep up! Is the server overloaded? Running 4650ms or 93 ticks behind
[21:09:51] [Server thread/WARN]: Can't keep up! Is the server overloaded? Running 4357ms or 87 ticks behind
[21:10:05] [Server thread/INFO]: [bruce8866: ]
[21:10:05] [Server thread/INFO]: [bruce8866: Avg. server tick time: 77.842ms]
[21:10:05] [Server thread/INFO]: [bruce8866: Network: 0.222ms]
[21:10:05] [Server thread/INFO]: [bruce8866: Autosave: 9.520ms]
[21:10:05] [Server thread/INFO]: [bruce8866: Async Tasks: 2.034ms]
[21:10:05] [Server thread/INFO]: [bruce8866: overworld:]
[21:10:05] [Server thread/INFO]: [bruce8866:  - Spawning and Random Ticks: 4.626ms]
[21:10:05] [Server thread/INFO]: [bruce8866:  - Blocks: 0.280ms]
[21:10:05] [Server thread/INFO]: [bruce8866:  - Entities: 51.772ms]
[21:10:05] [Server thread/INFO]: [bruce8866:  - Block Entities: 1.611ms]
[21:10:05] [Server thread/INFO]: [bruce8866: the_nether:]
[21:10:05] [Server thread/INFO]: [bruce8866:  - Spawning and Random Ticks: 3.828ms]
[21:10:05] [Server thread/INFO]: [bruce8866:  - Unloading: 0.068ms]
[21:10:05] [Server thread/INFO]: [bruce8866:  - Blocks: 0.118ms]
[21:10:05] [Server thread/INFO]: [bruce8866:  - Entities: 2.873ms]
[21:10:05] [Server thread/INFO]: [bruce8866:  - Block Entities: 0.275ms]
[21:10:05] [Server thread/INFO]: [bruce8866: The Rest, whatever that might be: 0.613ms]
[21:10:12] [Server thread/WARN]: Can't keep up! Is the server overloaded? Running 5919ms or 118 ticks behind
[21:10:31] [Server thread/WARN]: Can't keep up! Is the server overloaded? Running 4122ms or 82 ticks behind
[21:10:50] [Server thread/WARN]: Can't keep up! Is the server overloaded? Running 4415ms or 88 ticks behind
[21:11:09] [Server thread/WARN]: Can't keep up! Is the server overloaded? Running 3592ms or 71 ticks behind
[21:11:28] [Server thread/WARN]: Can't keep up! Is the server overloaded? Running 4126ms or 82 ticks behind
[21:11:46] [Server thread/WARN]: Can't keep up! Is the server overloaded? Running 3034ms or 60 ticks behind
[21:11:48] [Server thread/INFO]: Villager class_1646['Villager'/69391, l='ServerLevel[The World]', x=-650.30, y=56.00, z=-93.70] died, message: 'Villager was squished too much'
[21:12:04] [Server thread/WARN]: Can't keep up! Is the server overloaded? Running 2675ms or 53 ticks behind
[21:12:22] [Server thread/WARN]: Can't keep up! Is the server overloaded? Running 3059ms or 61 ticks behind
[21:12:40] [Server thread/WARN]: Can't keep up! Is the server overloaded? Running 3438ms or 68 ticks behind
[21:12:58] [Server thread/WARN]: Can't keep up! Is the server overloaded? Running 3274ms or 65 ticks behind
[21:13:17] [Server thread/WARN]: Can't keep up! Is the server overloaded? Running 4019ms or 80 ticks behind
[21:13:36] [Server thread/WARN]: Can't keep up! Is the server overloaded? Running 3733ms or 74 ticks behind
[21:13:55] [Server thread/WARN]: Can't keep up! Is the server overloaded? Running 3851ms or 77 ticks behind
[21:14:13] [Server thread/WARN]: Can't keep up! Is the server overloaded? Running 3370ms or 67 ticks behind
[21:14:32] [Server thread/WARN]: Can't keep up! Is the server overloaded? Running 3888ms or 77 ticks behind
[21:14:50] [Server thread/WARN]: Can't keep up! Is the server overloaded? Running 3187ms or 63 ticks behind
[21:15:09] [Server thread/WARN]: Can't keep up! Is the server overloaded? Running 3478ms or 69 ticks behind
[21:15:27] [Server thread/WARN]: Can't keep up! Is the server overloaded? Running 3149ms or 62 ticks behind
[21:15:45] [Server thread/WARN]: Can't keep up! Is the server overloaded? Running 3536ms or 70 ticks behind
[21:16:03] [Server thread/WARN]: Can't keep up! Is the server overloaded? Running 2960ms or 59 ticks behind
[21:16:22] [Server thread/WARN]: Can't keep up! Is the server overloaded? Running 3942ms or 78 ticks behind
[21:16:41] [Server thread/WARN]: Can't keep up! Is the server overloaded? Running 3450ms or 69 ticks behind
[21:16:59] [Server thread/WARN]: Can't keep up! Is the server overloaded? Running 3328ms or 66 ticks behind
[21:17:17] [Server thread/WARN]: Can't keep up! Is the server overloaded? Running 2639ms or 52 ticks behind
[21:17:35] [Server thread/WARN]: Can't keep up! Is the server overloaded? Running 3428ms or 68 ticks behind
[21:17:53] [Server thread/WARN]: Can't keep up! Is the server overloaded? Running 3374ms or 67 ticks behind
[21:18:11] [Server thread/WARN]: Can't keep up! Is the server overloaded? Running 3118ms or 62 ticks behind
[21:18:29] [Server thread/WARN]: Can't keep up! Is the server overloaded? Running 3168ms or 63 ticks behind
[21:18:48] [Server thread/WARN]: Can't keep up! Is the server overloaded? Running 3107ms or 62 ticks behind
[21:19:06] [Server thread/WARN]: Can't keep up! Is the server overloaded? Running 3245ms or 64 ticks behind
[21:19:24] [Server thread/WARN]: Can't keep up! Is the server overloaded? Running 3200ms or 64 ticks behind
[21:19:42] [Server thread/WARN]: Can't keep up! Is the server overloaded? Running 3133ms or 62 ticks behind
[21:20:00] [Server thread/WARN]: Can't keep up! Is the server overloaded? Running 3091ms or 61 ticks behind
[21:20:18] [Server thread/WARN]: Can't keep up! Is the server overloaded? Running 3250ms or 65 ticks behind
[21:20:36] [Server thread/WARN]: Can't keep up! Is the server overloaded? Running 3094ms or 61 ticks behind
[21:20:55] [Server thread/WARN]: Can't keep up! Is the server overloaded? Running 3382ms or 67 ticks behind
[21:21:13] [Server thread/WARN]: Can't keep up! Is the server overloaded? Running 2976ms or 59 ticks behind
[21:21:31] [Server thread/WARN]: Can't keep up! Is the server overloaded? Running 3186ms or 63 ticks behind
[21:21:48] [Server thread/WARN]: Can't keep up! Is the server overloaded? Running 2578ms or 51 ticks behind
[21:22:07] [Server thread/WARN]: Can't keep up! Is the server overloaded? Running 3683ms or 73 ticks behind
[21:22:26] [Server thread/WARN]: Can't keep up! Is the server overloaded? Running 3899ms or 77 ticks behind
[21:22:38] [Server thread/WARN]: Mismatch in destroy block pos: class_2338{x=-639, y=55, z=-146} class_2338{x=-640, y=55, z=-146}
[21:22:38] [Server thread/WARN]: Mismatch in destroy block pos: class_2338{x=-639, y=55, z=-146} class_2338{x=-640, y=55, z=-146}
[21:22:38] [Server thread/WARN]: Mismatch in destroy block pos: class_2338{x=-639, y=55, z=-146} class_2338{x=-640, y=55, z=-146}
[21:22:43] [Server thread/WARN]: Mismatch in destroy block pos: class_2338{x=-636, y=57, z=-138} class_2338{x=-636, y=56, z=-139}
[21:22:43] [Server thread/WARN]: Mismatch in destroy block pos: class_2338{x=-636, y=57, z=-138} class_2338{x=-636, y=56, z=-139}
[21:22:45] [Server thread/WARN]: Can't keep up! Is the server overloaded? Running 3857ms or 77 ticks behind
[21:22:48] [Server thread/WARN]: Mismatch in destroy block pos: class_2338{x=-640, y=56, z=-138} class_2338{x=-640, y=56, z=-137}
[21:22:49] [Server thread/WARN]: Mismatch in destroy block pos: class_2338{x=-639, y=55, z=-138} class_2338{x=-638, y=55, z=-139}
[21:22:49] [Server thread/WARN]: Mismatch in destroy block pos: class_2338{x=-639, y=55, z=-138} class_2338{x=-638, y=55, z=-139}
[21:23:03] [Server thread/WARN]: Can't keep up! Is the server overloaded? Running 3266ms or 65 ticks behind
[21:23:22] [Server thread/WARN]: Can't keep up! Is the server overloaded? Running 3503ms or 70 ticks behind
[21:23:40] [Server thread/WARN]: Can't keep up! Is the server overloaded? Running 3050ms or 61 ticks behind
[21:23:59] [Server thread/WARN]: Can't keep up! Is the server overloaded? Running 4258ms or 85 ticks behind
[21:24:18] [Server thread/WARN]: Can't keep up! Is the server overloaded? Running 4585ms or 91 ticks behind
[21:24:38] [Server thread/WARN]: Can't keep up! Is the server overloaded? Running 4853ms or 97 ticks behind
[21:24:57] [Server thread/WARN]: Can't keep up! Is the server overloaded? Running 4026ms or 80 ticks behind
[21:25:17] [Server thread/WARN]: Can't keep up! Is the server overloaded? Running 4695ms or 93 ticks behind
[21:25:36] [Server thread/WARN]: Can't keep up! Is the server overloaded? Running 4003ms or 80 ticks behind
[21:25:55] [Server thread/WARN]: Can't keep up! Is the server overloaded? Running 4257ms or 85 ticks behind
[21:26:14] [Server thread/WARN]: Can't keep up! Is the server overloaded? Running 4245ms or 84 ticks behind
[21:26:34] [Server thread/WARN]: Can't keep up! Is the server overloaded? Running 4641ms or 92 ticks behind
[21:26:53] [Server thread/WARN]: Can't keep up! Is the server overloaded? Running 4439ms or 88 ticks behind
[21:27:13] [Server thread/WARN]: Can't keep up! Is the server overloaded? Running 4431ms or 88 ticks behind
[21:27:30] [Server thread/INFO]: Villager class_1646['Villager'/69398, l='ServerLevel[The World]', x=-650.30, y=56.00, z=-93.30] died, message: 'Villager was squished too much'
[21:27:32] [Server thread/WARN]: Can't keep up! Is the server overloaded? Running 4083ms or 81 ticks behind
[21:27:51] [Server thread/WARN]: Can't keep up! Is the server overloaded? Running 4456ms or 89 ticks behind
[21:28:10] [Server thread/WARN]: Can't keep up! Is the server overloaded? Running 4010ms or 80 ticks behind
[21:28:29] [Server thread/WARN]: Can't keep up! Is the server overloaded? Running 4153ms or 83 ticks behind
[21:28:49] [Server thread/WARN]: Can't keep up! Is the server overloaded? Running 4545ms or 90 ticks behind
[21:29:08] [Server thread/WARN]: Can't keep up! Is the server overloaded? Running 4231ms or 84 ticks behind
[21:29:27] [Server thread/WARN]: Can't keep up! Is the server overloaded? Running 4407ms or 88 ticks behind
[21:29:47] [Server thread/WARN]: Can't keep up! Is the server overloaded? Running 4794ms or 95 ticks behind
[21:30:07] [Server thread/WARN]: Can't keep up! Is the server overloaded? Running 4667ms or 93 ticks behind
[21:30:26] [Server thread/WARN]: Can't keep up! Is the server overloaded? Running 4198ms or 83 ticks behind
[21:30:46] [Server thread/WARN]: Can't keep up! Is the server overloaded? Running 4550ms or 91 ticks behind
[21:30:51] [Server thread/INFO]: OTARO fell from a high place
[21:31:05] [Server thread/WARN]: Can't keep up! Is the server overloaded? Running 4177ms or 83 ticks behind
[21:31:17] [Server thread/INFO]: bruce8866 lost connection: Disconnected
[21:31:17] [Server thread/INFO]: bruce8866 left the game
[21:31:22] [Server thread/WARN]: Can't keep up! Is the server overloaded? Running 2426ms or 48 ticks behind
[21:49:23] [Server thread/WARN]: Fetching packet for removed entity class_1542['Air'/146014, l='ServerLevel[The World]', x=1853.77, y=67.95, z=586.57]
[22:28:20] [Server thread/INFO]: OTARO lost connection: Disconnected
[22:28:20] [Server thread/INFO]: OTARO left the game
