[17:07:18] [ForkJoinPool-1-worker-2/WARN]: The mod "cotton-logging" contains invalid entries in its mod json:
- Unsupported root entry "licence" at line 7 column 12
[17:07:18] [ForkJoinPool-1-worker-1/WARN]: The mod "cotton-config" contains invalid entries in its mod json:
- Unsupported root entry "licence" at line 7 column 12
[17:07:18] [main/INFO]: [FabricLoader] Loading 50 mods: fabric-renderer-api-v1@0.3.0+8bcfced84e, fabric-keybindings-v0@0.2.0+3fa9f7c54e, fabricloader@0.11.1, fabric-structure-api-v1@1.0.1+fb0d9b0e4e, bbor@2.4-1.16.3, com_github_shevek_parallelgzip@master-SNAPSHOT, fabric-containers-v0@0.1.8+045df74f4e, fabric-object-builder-api-v1@1.7.0+432ea1884e, java@8, fabric-game-rule-api-v1@1.0.1+91555cd14e, fabric-api-base@0.1.3+12a8474c4e, fabric-rendering-data-attachment-v1@0.1.3+b7f9825d4e, fabric-textures-v0@1.0.4+eae12eb84e, fabric-rendering-fluids-v1@0.1.11+fb0d9b0e4e, cotton-logging@1.0.0-rc.4, fabric-blockrenderlayer-v1@1.1.4+c6a8ea894e, fabric-lifecycle-events-v1@1.2.0+74cc3b204e, fabric-renderer-registries-v1@2.1.0+e2862de64e, fabric-loot-tables-v1@1.0.1+432ea1884e, fabric@0.20.1+build.401-1.16, carpet@1.4.23, fabric-particles-v1@0.2.2+fb0d9b0e4e, fabric-networking-v0@0.1.10+e00ecb5f4e, cotton-config@1.0.0-rc.7, fabric-networking-blockentity-v0@0.2.5+b50ffc7b4e, minecraft@1.16.2, fabric-screen-handler-api-v1@1.1.0+872498414e, fabric-command-api-v1@1.0.8+5ce533984e, jankson@3.0.0+j1.2.0, fabric-tool-attribute-api-v1@1.2.2+ccce563e4e, fabric-renderer-indigo@0.4.0+8bcfced84e, org_apache_commons_commons-compress@1.19, fabric-item-api-v1@1.1.0+29679fd64e, fabric-events-interaction-v0@0.4.0+e2e6cdad4e, fabric-crash-report-info-v1@0.1.2+b7f9825d4e, fabric-rendering-v0@1.1.0+534104904e, fabric-key-binding-api-v1@1.0.1+730711c64e, fabric-rendering-v1@1.3.0+432ea1884e, org_tukaani_xz@1.8, fabric-resource-loader-v0@0.3.1+facf3bbf4e, fabric-content-registries-v0@0.1.9+059ea8664e, fabric-tag-extensions-v0@1.0.3+ac8e8c594e, fabric-registry-sync-v0@0.4.5+fcdfdfa14e, fabric-commands-v0@0.2.0+52d308364e, textile_backup@2.0.0-1.16.2, fabric-mining-levels-v0@0.1.2+b764ce994e, fabric-events-lifecycle-v0@0.2.0+16acbe5b4e, fabric-item-groups-v0@0.2.0+438f96364e, fabric-models-v0@0.1.0+dfdb52d64e, fabric-object-builders-v0@0.7.0+432ea1884e
[17:07:18] [main/WARN]: Mod `com_github_shevek_parallelgzip` (master-SNAPSHOT) does not respect SemVer - comparison support is limited.
[17:07:18] [main/INFO]: SpongePowered MIXIN Subsystem Version=0.8.2 Source=file:/E:/Minecradfr%20server/1.16.4%20Spigot/fabric-server-launch.jar Service=Knot/Fabric Env=SERVER
[17:07:28] [main/INFO]: [Textile Backup] Starting Textile Backup by Szum123321.
[17:07:30] [main/INFO]: Environment: authHost='https://authserver.mojang.com', accountsHost='https://api.mojang.com', sessionHost='https://sessionserver.mojang.com', name='PROD'
[17:07:30] [main/WARN]: Ambiguity between arguments [teleport, destination] and [teleport, targets] with inputs: [Player, 0123, @e, dd12be42-52a9-4a91-a8a1-11c01849e498]
[17:07:30] [main/WARN]: Ambiguity between arguments [teleport, location] and [teleport, destination] with inputs: [0.1 -0.5 .9, 0 0 0]
[17:07:31] [main/WARN]: Ambiguity between arguments [teleport, location] and [teleport, targets] with inputs: [0.1 -0.5 .9, 0 0 0]
[17:07:31] [main/WARN]: Ambiguity between arguments [teleport, targets] and [teleport, destination] with inputs: [Player, 0123, dd12be42-52a9-4a91-a8a1-11c01849e498]
[17:07:31] [main/WARN]: Ambiguity between arguments [teleport, targets, location] and [teleport, targets, destination] with inputs: [0.1 -0.5 .9, 0 0 0]
[17:07:31] [main/INFO]: Reloading ResourceManager: Default, bukkit, Fabric Tool Attribute API (v1)
[17:07:32] [Worker-Main-5/INFO]: Loaded 7 recipes
[17:07:33] [Worker-Main-5/INFO]: Loaded 927 advancements
[17:07:34] [Server thread/INFO]: Starting minecraft server version 1.16.2
[17:07:34] [Server thread/INFO]: Loading properties
[17:07:34] [Server thread/INFO]: Default game type: SURVIVAL
[17:07:34] [Server thread/INFO]: Generating keypair
[17:07:35] [Server thread/INFO]: Starting Minecraft server on *:38126
[17:07:35] [Server thread/INFO]: Using default channel type
[17:07:35] [Server thread/WARN]: **** SERVER IS RUNNING IN OFFLINE/INSECURE MODE!
[17:07:35] [Server thread/WARN]: The server will make no attempt to authenticate usernames. Beware.
[17:07:35] [Server thread/WARN]: While this makes the game possible to play without internet access, it also opens up the ability for hackers to connect with any username they choose.
[17:07:35] [Server thread/WARN]: To change this, set "online-mode" to "true" in the server.properties file.
[17:07:35] [Server thread/INFO]: Preparing level "The World"
[17:07:35] [Server thread/INFO]: [CM]: loaded setting stackableShulkerBoxes as true from carpet.conf
[17:07:35] [Server thread/INFO]: [CM]: loaded setting onePlayerSleeping as true from carpet.conf
[17:07:35] [Server thread/INFO]: [CM]: loaded setting commandPlayer as true from carpet.conf
[17:07:35] [Server thread/INFO]: [CM]: loaded setting leadFix as true from carpet.conf
[17:07:35] [Server thread/INFO]: [CM]: loaded setting antiCheatDisabled as true from carpet.conf
[17:07:35] [Server thread/INFO]: [CM]: loaded setting persistentParrots as true from carpet.conf
[17:07:35] [Server thread/INFO]: [CM]: loaded setting defaultLoggers as tps from carpet.conf
[17:07:35] [Server thread/INFO]: [CM]: loaded setting language as zh_tw from carpet.conf
[17:07:35] [Server thread/INFO]: [CM]: loaded setting placementRotationFix as true from carpet.conf
[17:07:35] [Server thread/INFO]: [CM]: loaded setting ctrlQCraftingFix as true from carpet.conf
[17:07:35] [Server thread/INFO]: [CM]: loaded setting flippinCactus as true from carpet.conf
[17:07:36] [Server thread/INFO]: create world dimension: minecraft:overworld (seed: -41683371)
[17:07:36] [Server thread/INFO]: create world dimension: minecraft:the_nether (seed: -41683371)
[17:07:36] [Server thread/INFO]: create world dimension: minecraft:the_end (seed: -41683371)
[17:07:36] [Server thread/INFO]: Preparing start region for dimension minecraft:overworld
[17:07:38] [Server thread/INFO]: Preparing spawn area: 0%
[17:07:38] [Server thread/INFO]: Preparing spawn area: 0%
[17:07:38] [Server thread/INFO]: Preparing spawn area: 0%
[17:07:38] [Server thread/INFO]: Preparing spawn area: 0%
[17:07:38] [Server thread/INFO]: Preparing spawn area: 0%
[17:07:40] [Server thread/INFO]: Time elapsed: 3750 ms
[17:07:40] [Server thread/INFO]: Done (4.374s)! For help, type "help"
[17:07:42] [Server thread/WARN]: Can't keep up! Is the server overloaded? Running 2066ms or 41 ticks behind
[17:08:00] [Server thread/WARN]: Can't keep up! Is the server overloaded? Running 3553ms or 71 ticks behind
[17:29:30] [Server thread/INFO]: LMY008117[/120.97.130.21:56723] logged in with entity id 757 at (-1230.300000011921, 97.0, -414.71391401071145)
[17:29:30] [Server thread/INFO]: LMY008117 joined the game
[17:29:31] [Netty Server IO #2/WARN]: Player LMY008117 joined with another carpet version: 1.4.8+v200811
[22:40:47] [Server thread/INFO]: LMY008117 lost connection: Disconnected
[22:40:47] [Server thread/INFO]: LMY008117 left the game
