[17:46:01] [main/INFO]: Loading for game Minecraft 1.16.2
[17:46:02] [ForkJoinPool-1-worker-2/WARN]: The mod "cotton-logging" contains invalid entries in its mod json:
- Unsupported root entry "licence" at line 7 column 12
[17:46:02] [ForkJoinPool-1-worker-2/WARN]: The mod "cotton-config" contains invalid entries in its mod json:
- Unsupported root entry "licence" at line 7 column 12
[17:46:02] [main/INFO]: [FabricLoader] Loading 50 mods: fabric-renderer-api-v1@0.3.0+8bcfced84e, fabric-keybindings-v0@0.2.0+3fa9f7c54e, fabricloader@0.11.1, bbor@2.4-1.16.3, fabric-structure-api-v1@1.0.1+fb0d9b0e4e, com_github_shevek_parallelgzip@master-SNAPSHOT, fabric-containers-v0@0.1.8+045df74f4e, fabric-object-builder-api-v1@1.7.0+432ea1884e, java@8, fabric-game-rule-api-v1@1.0.1+91555cd14e, fabric-api-base@0.1.3+12a8474c4e, fabric-rendering-data-attachment-v1@0.1.3+b7f9825d4e, fabric-textures-v0@1.0.4+eae12eb84e, fabric-rendering-fluids-v1@0.1.11+fb0d9b0e4e, cotton-logging@1.0.0-rc.4, fabric-blockrenderlayer-v1@1.1.4+c6a8ea894e, fabric-lifecycle-events-v1@1.2.0+74cc3b204e, fabric-renderer-registries-v1@2.1.0+e2862de64e, fabric-loot-tables-v1@1.0.1+432ea1884e, fabric@0.20.1+build.401-1.16, carpet@1.4.23, fabric-particles-v1@0.2.2+fb0d9b0e4e, fabric-networking-v0@0.1.10+e00ecb5f4e, cotton-config@1.0.0-rc.7, minecraft@1.16.2, fabric-screen-handler-api-v1@1.1.0+872498414e, fabric-networking-blockentity-v0@0.2.5+b50ffc7b4e, fabric-command-api-v1@1.0.8+5ce533984e, jankson@3.0.0+j1.2.0, fabric-tool-attribute-api-v1@1.2.2+ccce563e4e, fabric-renderer-indigo@0.4.0+8bcfced84e, org_apache_commons_commons-compress@1.19, fabric-item-api-v1@1.1.0+29679fd64e, fabric-events-interaction-v0@0.4.0+e2e6cdad4e, fabric-crash-report-info-v1@0.1.2+b7f9825d4e, fabric-rendering-v0@1.1.0+534104904e, fabric-key-binding-api-v1@1.0.1+730711c64e, fabric-rendering-v1@1.3.0+432ea1884e, org_tukaani_xz@1.8, fabric-resource-loader-v0@0.3.1+facf3bbf4e, fabric-content-registries-v0@0.1.9+059ea8664e, fabric-tag-extensions-v0@1.0.3+ac8e8c594e, fabric-registry-sync-v0@0.4.5+fcdfdfa14e, fabric-commands-v0@0.2.0+52d308364e, textile_backup@2.0.0-1.16.2, fabric-mining-levels-v0@0.1.2+b764ce994e, fabric-events-lifecycle-v0@0.2.0+16acbe5b4e, fabric-item-groups-v0@0.2.0+438f96364e, fabric-models-v0@0.1.0+dfdb52d64e, fabric-object-builders-v0@0.7.0+432ea1884e
[17:46:02] [main/WARN]: Mod `com_github_shevek_parallelgzip` (master-SNAPSHOT) does not respect SemVer - comparison support is limited.
[17:46:02] [main/INFO]: SpongePowered MIXIN Subsystem Version=0.8.2 Source=file:/E:/Minecradfr%20server/1.16.4%20Spigot/fabric-server-launch.jar Service=Knot/Fabric Env=SERVER
[17:46:11] [main/INFO]: [Textile Backup] Starting Textile Backup by Szum123321.
[17:46:12] [main/INFO]: Environment: authHost='https://authserver.mojang.com', accountsHost='https://api.mojang.com', sessionHost='https://sessionserver.mojang.com', name='PROD'
[17:46:13] [main/WARN]: Ambiguity between arguments [teleport, destination] and [teleport, targets] with inputs: [Player, 0123, @e, dd12be42-52a9-4a91-a8a1-11c01849e498]
[17:46:13] [main/WARN]: Ambiguity between arguments [teleport, location] and [teleport, destination] with inputs: [0.1 -0.5 .9, 0 0 0]
[17:46:13] [main/WARN]: Ambiguity between arguments [teleport, location] and [teleport, targets] with inputs: [0.1 -0.5 .9, 0 0 0]
[17:46:13] [main/WARN]: Ambiguity between arguments [teleport, targets] and [teleport, destination] with inputs: [Player, 0123, dd12be42-52a9-4a91-a8a1-11c01849e498]
[17:46:13] [main/WARN]: Ambiguity between arguments [teleport, targets, location] and [teleport, targets, destination] with inputs: [0.1 -0.5 .9, 0 0 0]
[17:46:13] [main/INFO]: Reloading ResourceManager: Default, bukkit, Fabric Tool Attribute API (v1)
[17:46:15] [Worker-Main-4/INFO]: Loaded 7 recipes
[17:46:15] [Worker-Main-4/INFO]: Loaded 927 advancements
[17:46:16] [Server thread/INFO]: Starting minecraft server version 1.16.2
[17:46:16] [Server thread/INFO]: Loading properties
[17:46:16] [Server thread/INFO]: Default game type: SURVIVAL
[17:46:16] [Server thread/INFO]: Generating keypair
[17:46:17] [Server thread/INFO]: Starting Minecraft server on *:38126
[17:46:17] [Server thread/INFO]: Using default channel type
[17:46:17] [Server thread/WARN]: **** SERVER IS RUNNING IN OFFLINE/INSECURE MODE!
[17:46:17] [Server thread/WARN]: The server will make no attempt to authenticate usernames. Beware.
[17:46:17] [Server thread/WARN]: While this makes the game possible to play without internet access, it also opens up the ability for hackers to connect with any username they choose.
[17:46:17] [Server thread/WARN]: To change this, set "online-mode" to "true" in the server.properties file.
[17:46:17] [Server thread/INFO]: Preparing level "The World"
[17:46:17] [Server thread/INFO]: [CM]: loaded setting onePlayerSleeping as true from carpet.conf
[17:46:17] [Server thread/INFO]: [CM]: loaded setting commandPlayer as true from carpet.conf
[17:46:17] [Server thread/INFO]: [CM]: loaded setting leadFix as true from carpet.conf
[17:46:17] [Server thread/INFO]: [CM]: loaded setting antiCheatDisabled as true from carpet.conf
[17:46:17] [Server thread/INFO]: [CM]: loaded setting persistentParrots as true from carpet.conf
[17:46:17] [Server thread/INFO]: [CM]: loaded setting defaultLoggers as tps from carpet.conf
[17:46:17] [Server thread/INFO]: [CM]: loaded setting language as zh_tw from carpet.conf
[17:46:17] [Server thread/INFO]: [CM]: loaded setting placementRotationFix as true from carpet.conf
[17:46:17] [Server thread/INFO]: [CM]: loaded setting ctrlQCraftingFix as true from carpet.conf
[17:46:17] [Server thread/INFO]: [CM]: loaded setting flippinCactus as true from carpet.conf
[17:46:18] [Server thread/INFO]: create world dimension: minecraft:overworld (seed: -41683371)
[17:46:18] [Server thread/INFO]: create world dimension: minecraft:the_nether (seed: -41683371)
[17:46:18] [Server thread/INFO]: create world dimension: minecraft:the_end (seed: -41683371)
[17:46:18] [Server thread/INFO]: Preparing start region for dimension minecraft:overworld
[17:46:19] [Server thread/INFO]: Preparing spawn area: 0%
[17:46:19] [Server thread/INFO]: Preparing spawn area: 0%
[17:46:19] [Server thread/INFO]: Preparing spawn area: 0%
[17:46:19] [Worker-Main-7/INFO]: Preparing spawn area: 0%
[17:46:20] [Server thread/INFO]: Preparing spawn area: 45%
[17:46:21] [Server thread/INFO]: Time elapsed: 3475 ms
[17:46:21] [Server thread/INFO]: Done (3.924s)! For help, type "help"
[17:46:24] [Server thread/WARN]: Can't keep up! Is the server overloaded? Running 2087ms or 41 ticks behind
[21:25:05] [Server thread/INFO]: Kaguratianyin[/111.251.23.94:65139] logged in with entity id 775 at (-219.15041701005583, 68.0, -200.3050879630697)
[21:25:05] [Server thread/INFO]: Kaguratianyin joined the game
[21:25:11] [Server thread/INFO]: Kaguratianyin lost connection: Disconnected
[21:25:11] [Server thread/INFO]: Kaguratianyin left the game
[21:25:48] [Server thread/INFO]: Kaguratianyin[/111.251.23.94:65166] logged in with entity id 884 at (-219.15041701005583, 68.0, -200.3050879630697)
[21:25:48] [Server thread/INFO]: Kaguratianyin joined the game
[21:27:14] [Server thread/INFO]: Kaguratianyin lost connection: Disconnected
[21:27:14] [Server thread/INFO]: Kaguratianyin left the game
[21:31:57] [Server thread/INFO]: LMY008117[/223.136.235.61:48760] logged in with entity id 1296 at (-76.6560366422272, 253.0, -29.30000001192093)
[21:31:57] [Server thread/INFO]: LMY008117 joined the game
[21:31:58] [Netty Server IO #0/WARN]: Player LMY008117 joined with another carpet version: 1.4.8+v200811
[21:34:29] [Server thread/INFO]: LMY008117 lost connection: Timed out
[21:34:29] [Server thread/INFO]: LMY008117 left the game
[21:35:02] [Server thread/INFO]: LMY008117[/223.136.235.61:45971] logged in with entity id 1728 at (-26.997851244986002, 67.5, -37.00678111459667)
[21:35:02] [Server thread/INFO]: LMY008117 joined the game
[21:35:02] [Netty Server IO #1/WARN]: Player LMY008117 joined with another carpet version: 1.4.8+v200811
[21:37:49] [Server thread/INFO]: Kaguratianyin[/111.251.23.94:65209] logged in with entity id 2192 at (-243.87634426715996, 77.0, -242.7586330620124)
[21:37:49] [Server thread/INFO]: Kaguratianyin joined the game
[21:43:52] [Server thread/INFO]: Kaguratianyin lost connection: Disconnected
[21:43:52] [Server thread/INFO]: Kaguratianyin left the game
[22:29:58] [Server thread/WARN]: Can't keep up! Is the server overloaded? Running 2212ms or 44 ticks behind
[22:41:28] [Server thread/WARN]: Can't keep up! Is the server overloaded? Running 2561ms or 51 ticks behind
[22:41:48] [Server thread/WARN]: Can't keep up! Is the server overloaded? Running 4430ms or 88 ticks behind
[22:43:21] [Server thread/WARN]: Can't keep up! Is the server overloaded? Running 5962ms or 119 ticks behind
[22:43:21] [Server thread/WARN]: Entity class_3222['LMY008117'/1728, l='ServerLevel[The World]', x=100.50, y=49.00, z=0.50] left loaded chunk area
[22:43:31] [Server thread/INFO]: Scanning for legacy world dragon fight...
[22:43:31] [Server thread/INFO]: Found that the dragon has been killed in this world already.
[22:43:39] [Server thread/WARN]: Can't keep up! Is the server overloaded? Running 3730ms or 74 ticks behind
[23:09:42] [Server thread/INFO]: LMY008117 lost connection: Timed out
[23:09:42] [Server thread/INFO]: LMY008117 left the game
[23:10:00] [Server thread/INFO]: LMY008117[/223.136.235.61:46740] logged in with entity id 15218 at (95.01132421446957, 52.0, 0.3442818896726988)
[23:10:00] [Server thread/INFO]: LMY008117 joined the game
[23:10:01] [Netty Server IO #4/WARN]: Player LMY008117 joined with another carpet version: 1.4.8+v200811
[23:13:31] [Server thread/INFO]: LMY008117 lost connection: Timed out
[23:13:31] [Server thread/INFO]: LMY008117 left the game
[23:14:29] [Server thread/INFO]: LMY008117[/223.136.235.61:45797] logged in with entity id 15507 at (97.10321101660226, 50.0, -4.407609480690054)
[23:14:29] [Server thread/INFO]: LMY008117 joined the game
[23:14:29] [Netty Server IO #5/WARN]: Player LMY008117 joined with another carpet version: 1.4.8+v200811
[23:57:24] [Server thread/INFO]: LMY008117 lost connection: Disconnected
[23:57:24] [Server thread/INFO]: LMY008117 left the game
