[20:28:43] [ForkJoinPool-1-worker-3/WARN]: The mod "cotton-config" contains invalid entries in its mod json:
- Unsupported root entry "licence" at line 7 column 12
[20:28:43] [ForkJoinPool-1-worker-3/WARN]: The mod "cotton-logging" contains invalid entries in its mod json:
- Unsupported root entry "licence" at line 7 column 12
[20:28:43] [main/INFO]: [FabricLoader] Loading 50 mods: fabric-renderer-api-v1@0.3.0+8bcfced84e, fabric-keybindings-v0@0.2.0+3fa9f7c54e, fabricloader@0.11.1, fabric-structure-api-v1@1.0.1+fb0d9b0e4e, bbor@2.4-1.16.3, com_github_shevek_parallelgzip@master-SNAPSHOT, fabric-containers-v0@0.1.8+045df74f4e, fabric-object-builder-api-v1@1.7.0+432ea1884e, java@8, fabric-game-rule-api-v1@1.0.1+91555cd14e, fabric-api-base@0.1.3+12a8474c4e, fabric-rendering-data-attachment-v1@0.1.3+b7f9825d4e, fabric-textures-v0@1.0.4+eae12eb84e, fabric-rendering-fluids-v1@0.1.11+fb0d9b0e4e, cotton-logging@1.0.0-rc.4, fabric-blockrenderlayer-v1@1.1.4+c6a8ea894e, fabric-lifecycle-events-v1@1.2.0+74cc3b204e, fabric-renderer-registries-v1@2.1.0+e2862de64e, fabric-loot-tables-v1@1.0.1+432ea1884e, fabric@0.20.1+build.401-1.16, carpet@1.4.23, fabric-particles-v1@0.2.2+fb0d9b0e4e, fabric-networking-v0@0.1.10+e00ecb5f4e, cotton-config@1.0.0-rc.7, minecraft@1.16.2, fabric-screen-handler-api-v1@1.1.0+872498414e, fabric-networking-blockentity-v0@0.2.5+b50ffc7b4e, fabric-command-api-v1@1.0.8+5ce533984e, jankson@3.0.0+j1.2.0, fabric-tool-attribute-api-v1@1.2.2+ccce563e4e, fabric-renderer-indigo@0.4.0+8bcfced84e, org_apache_commons_commons-compress@1.19, fabric-item-api-v1@1.1.0+29679fd64e, fabric-events-interaction-v0@0.4.0+e2e6cdad4e, fabric-crash-report-info-v1@0.1.2+b7f9825d4e, fabric-rendering-v0@1.1.0+534104904e, fabric-key-binding-api-v1@1.0.1+730711c64e, fabric-rendering-v1@1.3.0+432ea1884e, org_tukaani_xz@1.8, fabric-resource-loader-v0@0.3.1+facf3bbf4e, fabric-content-registries-v0@0.1.9+059ea8664e, fabric-tag-extensions-v0@1.0.3+ac8e8c594e, fabric-registry-sync-v0@0.4.5+fcdfdfa14e, fabric-commands-v0@0.2.0+52d308364e, textile_backup@2.0.0-1.16.2, fabric-mining-levels-v0@0.1.2+b764ce994e, fabric-events-lifecycle-v0@0.2.0+16acbe5b4e, fabric-item-groups-v0@0.2.0+438f96364e, fabric-models-v0@0.1.0+dfdb52d64e, fabric-object-builders-v0@0.7.0+432ea1884e
[20:28:43] [main/WARN]: Mod `com_github_shevek_parallelgzip` (master-SNAPSHOT) does not respect SemVer - comparison support is limited.
[20:28:43] [main/INFO]: SpongePowered MIXIN Subsystem Version=0.8.2 Source=file:/E:/Minecradfr%20server/1.16.4%20Spigot/fabric-server-launch.jar Service=Knot/Fabric Env=SERVER
[20:28:53] [main/INFO]: [Textile Backup] Starting Textile Backup by Szum123321.
[20:28:54] [main/INFO]: Environment: authHost='https://authserver.mojang.com', accountsHost='https://api.mojang.com', sessionHost='https://sessionserver.mojang.com', name='PROD'
[20:28:55] [main/WARN]: Ambiguity between arguments [teleport, destination] and [teleport, targets] with inputs: [Player, 0123, @e, dd12be42-52a9-4a91-a8a1-11c01849e498]
[20:28:55] [main/WARN]: Ambiguity between arguments [teleport, location] and [teleport, destination] with inputs: [0.1 -0.5 .9, 0 0 0]
[20:28:55] [main/WARN]: Ambiguity between arguments [teleport, location] and [teleport, targets] with inputs: [0.1 -0.5 .9, 0 0 0]
[20:28:55] [main/WARN]: Ambiguity between arguments [teleport, targets] and [teleport, destination] with inputs: [Player, 0123, dd12be42-52a9-4a91-a8a1-11c01849e498]
[20:28:55] [main/WARN]: Ambiguity between arguments [teleport, targets, location] and [teleport, targets, destination] with inputs: [0.1 -0.5 .9, 0 0 0]
[20:28:55] [main/INFO]: Reloading ResourceManager: Default, bukkit, Fabric Tool Attribute API (v1)
[20:28:56] [Worker-Main-6/INFO]: Loaded 7 recipes
[20:28:56] [Worker-Main-6/INFO]: Loaded 927 advancements
[20:28:58] [Server thread/INFO]: Starting minecraft server version 1.16.2
[20:28:58] [Server thread/INFO]: Loading properties
[20:28:58] [Server thread/INFO]: Default game type: SURVIVAL
[20:28:58] [Server thread/INFO]: Generating keypair
[20:28:58] [Server thread/INFO]: Starting Minecraft server on *:38126
[20:28:58] [Server thread/INFO]: Using default channel type
[20:28:58] [Server thread/WARN]: **** SERVER IS RUNNING IN OFFLINE/INSECURE MODE!
[20:28:58] [Server thread/WARN]: The server will make no attempt to authenticate usernames. Beware.
[20:28:58] [Server thread/WARN]: While this makes the game possible to play without internet access, it also opens up the ability for hackers to connect with any username they choose.
[20:28:58] [Server thread/WARN]: To change this, set "online-mode" to "true" in the server.properties file.
[20:28:58] [Server thread/INFO]: Preparing level "The World"
[20:28:58] [Server thread/INFO]: [CM]: loaded setting stackableShulkerBoxes as true from carpet.conf
[20:28:58] [Server thread/INFO]: [CM]: loaded setting onePlayerSleeping as true from carpet.conf
[20:28:58] [Server thread/INFO]: [CM]: loaded setting commandPlayer as true from carpet.conf
[20:28:58] [Server thread/INFO]: [CM]: loaded setting leadFix as true from carpet.conf
[20:28:58] [Server thread/INFO]: [CM]: loaded setting antiCheatDisabled as true from carpet.conf
[20:28:58] [Server thread/INFO]: [CM]: loaded setting persistentParrots as true from carpet.conf
[20:28:58] [Server thread/INFO]: [CM]: loaded setting defaultLoggers as tps from carpet.conf
[20:28:58] [Server thread/INFO]: [CM]: loaded setting language as zh_tw from carpet.conf
[20:28:58] [Server thread/INFO]: [CM]: loaded setting placementRotationFix as true from carpet.conf
[20:28:58] [Server thread/INFO]: [CM]: loaded setting ctrlQCraftingFix as true from carpet.conf
[20:28:58] [Server thread/INFO]: [CM]: loaded setting flippinCactus as true from carpet.conf
[20:28:59] [Server thread/INFO]: create world dimension: minecraft:overworld (seed: -41683371)
[20:28:59] [Server thread/INFO]: create world dimension: minecraft:the_nether (seed: -41683371)
[20:28:59] [Server thread/INFO]: create world dimension: minecraft:the_end (seed: -41683371)
[20:28:59] [Server thread/INFO]: Preparing start region for dimension minecraft:overworld
[20:29:00] [Server thread/INFO]: Preparing spawn area: 0%
[20:29:00] [Server thread/INFO]: Preparing spawn area: 0%
[20:29:00] [Server thread/INFO]: Preparing spawn area: 0%
[20:29:00] [Server thread/INFO]: Preparing spawn area: 0%
[20:29:01] [Server thread/INFO]: Preparing spawn area: 0%
[20:29:02] [Server thread/INFO]: Time elapsed: 3580 ms
[20:29:02] [Server thread/INFO]: Done (4.158s)! For help, type "help"
[20:29:05] [Server thread/WARN]: Can't keep up! Is the server overloaded? Running 2126ms or 42 ticks behind
[20:29:23] [Server thread/WARN]: Can't keep up! Is the server overloaded? Running 3175ms or 63 ticks behind
[20:31:51] [Server thread/INFO]: bruce8866[/5.181.235.44:12939] logged in with entity id 754 at (-239.28459215677907, 75.5, -240.69999998807907)
[20:31:51] [Server thread/INFO]: bruce8866 joined the game
[20:31:58] [Server thread/WARN]: Can't keep up! Is the server overloaded? Running 2710ms or 54 ticks behind
[20:32:00] [Netty Server IO #5/WARN]: Player bruce8866 joined with another carpet version: 1.4.8+v200811
[20:34:07] [Server thread/INFO]: scrx1316[/1.200.138.87:48981] logged in with entity id 2020 at (-644.7079930588195, 77.0, -107.66614755960751)
[20:34:07] [Server thread/INFO]: scrx1316 joined the game
[20:34:33] [Server thread/INFO]: scrx1316 lost connection: Timed out
[20:34:33] [Server thread/INFO]: scrx1316 left the game
[20:34:45] [Server thread/INFO]: scrx1316[/1.200.138.87:48666] logged in with entity id 2210 at (-644.7079930588195, 77.0, -107.66614755960751)
[20:34:45] [Server thread/INFO]: scrx1316 joined the game
[20:35:25] [Server thread/WARN]: Can't keep up! Is the server overloaded? Running 2005ms or 40 ticks behind
[20:35:43] [Server thread/WARN]: Can't keep up! Is the server overloaded? Running 3783ms or 75 ticks behind
[20:36:01] [Server thread/WARN]: Can't keep up! Is the server overloaded? Running 2178ms or 43 ticks behind
[20:36:18] [Server thread/WARN]: Can't keep up! Is the server overloaded? Running 2249ms or 44 ticks behind
[20:36:35] [Server thread/WARN]: Can't keep up! Is the server overloaded? Running 2333ms or 46 ticks behind
[20:36:53] [Server thread/WARN]: Can't keep up! Is the server overloaded? Running 2683ms or 53 ticks behind
[20:37:09] [Server thread/INFO]: bruce8866 lost connection: Disconnected
[20:37:09] [Server thread/INFO]: bruce8866 left the game
[20:37:11] [Server thread/WARN]: Can't keep up! Is the server overloaded? Running 2865ms or 57 ticks behind
[20:38:24] [Server thread/WARN]: Can't keep up! Is the server overloaded? Running 2004ms or 40 ticks behind
[20:39:02] [Server thread/WARN]: Can't keep up! Is the server overloaded? Running 2001ms or 40 ticks behind
[20:39:34] [Server thread/WARN]: Can't keep up! Is the server overloaded? Running 2227ms or 44 ticks behind
[20:39:38] [Server thread/INFO]: Darkxelf_030[/112.78.64.87:20943] logged in with entity id 4347 at (-652.365007018157, 16.0, -94.90355117252898)
[20:39:38] [Server thread/INFO]: Darkxelf_030 joined the game
[20:39:53] [Server thread/WARN]: Can't keep up! Is the server overloaded? Running 3608ms or 72 ticks behind
[20:40:10] [Server thread/WARN]: Can't keep up! Is the server overloaded? Running 2079ms or 41 ticks behind
[20:40:21] [Server thread/INFO]: bruce8866[/5.181.235.44:6279] logged in with entity id 4591 at (-26.5, 71.6875, -34.5)
[20:40:21] [Server thread/INFO]: bruce8866 joined the game
[20:40:21] [Netty Server IO #7/WARN]: Player bruce8866 joined with another carpet version: 1.4.8+v200811
[20:40:28] [Server thread/WARN]: Can't keep up! Is the server overloaded? Running 2675ms or 53 ticks behind
[20:40:47] [Server thread/WARN]: Can't keep up! Is the server overloaded? Running 4260ms or 85 ticks behind
[20:41:08] [Server thread/WARN]: Can't keep up! Is the server overloaded? Running 5612ms or 112 ticks behind
[20:41:30] [Server thread/WARN]: Can't keep up! Is the server overloaded? Running 6983ms or 139 ticks behind
[20:41:51] [Server thread/WARN]: Can't keep up! Is the server overloaded? Running 6889ms or 137 ticks behind
[20:42:12] [Server thread/WARN]: Can't keep up! Is the server overloaded? Running 5789ms or 115 ticks behind
[20:42:33] [Server thread/WARN]: Can't keep up! Is the server overloaded? Running 6065ms or 121 ticks behind
[20:42:55] [Server thread/WARN]: Can't keep up! Is the server overloaded? Running 6711ms or 134 ticks behind
[20:43:17] [Server thread/WARN]: Can't keep up! Is the server overloaded? Running 6787ms or 135 ticks behind
[20:43:38] [Server thread/WARN]: Can't keep up! Is the server overloaded? Running 6212ms or 124 ticks behind
[20:43:59] [Server thread/WARN]: Can't keep up! Is the server overloaded? Running 6219ms or 124 ticks behind
[20:44:21] [Server thread/WARN]: Can't keep up! Is the server overloaded? Running 7366ms or 147 ticks behind
[20:45:06] [Server thread/WARN]: Can't keep up! Is the server overloaded? Running 2001ms or 40 ticks behind
[20:45:25] [Server thread/WARN]: Can't keep up! Is the server overloaded? Running 3938ms or 78 ticks behind
[20:45:47] [Server thread/WARN]: Can't keep up! Is the server overloaded? Running 7158ms or 143 ticks behind
[20:46:08] [Server thread/WARN]: Can't keep up! Is the server overloaded? Running 5997ms or 119 ticks behind
[20:46:43] [Server thread/WARN]: Can't keep up! Is the server overloaded? Running 19634ms or 392 ticks behind
[20:47:05] [Server thread/WARN]: Can't keep up! Is the server overloaded? Running 6905ms or 138 ticks behind
[20:47:25] [Server thread/WARN]: Can't keep up! Is the server overloaded? Running 5769ms or 115 ticks behind
[20:47:46] [Server thread/WARN]: Can't keep up! Is the server overloaded? Running 5713ms or 114 ticks behind
[20:48:07] [Server thread/WARN]: Can't keep up! Is the server overloaded? Running 5712ms or 114 ticks behind
[20:48:27] [Server thread/WARN]: Can't keep up! Is the server overloaded? Running 5394ms or 107 ticks behind
[20:48:48] [Server thread/WARN]: Can't keep up! Is the server overloaded? Running 5578ms or 111 ticks behind
[20:49:08] [Server thread/WARN]: Can't keep up! Is the server overloaded? Running 5734ms or 114 ticks behind
[20:49:27] [Server thread/INFO]: LMY008117[/120.97.130.24:43493] logged in with entity id 9943 at (-76.57510415352107, 252.5, -27.53638113098622)
[20:49:27] [Server thread/INFO]: LMY008117 joined the game
[20:49:28] [Netty Server IO #1/WARN]: Player LMY008117 joined with another carpet version: 1.4.8+v200811
[20:49:30] [Server thread/WARN]: Can't keep up! Is the server overloaded? Running 6667ms or 133 ticks behind
[20:49:52] [Server thread/WARN]: Can't keep up! Is the server overloaded? Running 6787ms or 135 ticks behind
[20:50:13] [Server thread/WARN]: Can't keep up! Is the server overloaded? Running 6322ms or 126 ticks behind
[20:50:17] [Server thread/WARN]: Fetching packet for removed entity class_1542['Air'/10632, l='ServerLevel[The World]', x=-590.80, y=80.00, z=-114.14]
[20:50:33] [Server thread/WARN]: Can't keep up! Is the server overloaded? Running 4929ms or 98 ticks behind
[20:50:51] [Server thread/WARN]: Can't keep up! Is the server overloaded? Running 3394ms or 67 ticks behind
[20:51:09] [Server thread/WARN]: Can't keep up! Is the server overloaded? Running 2578ms or 51 ticks behind
[20:51:27] [Server thread/WARN]: Can't keep up! Is the server overloaded? Running 3023ms or 60 ticks behind
[20:51:45] [Server thread/WARN]: Can't keep up! Is the server overloaded? Running 3557ms or 71 ticks behind
[20:52:19] [Server thread/WARN]: Can't keep up! Is the server overloaded? Running 2003ms or 40 ticks behind
[20:52:42] [Server thread/WARN]: Can't keep up! Is the server overloaded? Running 7994ms or 159 ticks behind
[20:53:01] [Server thread/WARN]: Fetching packet for removed entity class_1303['Experience Orb'/13073, l='ServerLevel[The World]', x=-251.75, y=64.39, z=-247.36]
[20:53:06] [Server thread/WARN]: Can't keep up! Is the server overloaded? Running 8612ms or 172 ticks behind
[20:53:28] [Server thread/WARN]: Can't keep up! Is the server overloaded? Running 7505ms or 150 ticks behind
[20:53:49] [Server thread/WARN]: Can't keep up! Is the server overloaded? Running 5573ms or 111 ticks behind
[20:54:11] [Server thread/WARN]: Can't keep up! Is the server overloaded? Running 6737ms or 134 ticks behind
[20:54:33] [Server thread/WARN]: Can't keep up! Is the server overloaded? Running 6871ms or 137 ticks behind
[20:54:53] [Server thread/WARN]: Can't keep up! Is the server overloaded? Running 5591ms or 111 ticks behind
[20:55:14] [Server thread/WARN]: Can't keep up! Is the server overloaded? Running 5533ms or 110 ticks behind
[20:55:34] [Server thread/WARN]: Can't keep up! Is the server overloaded? Running 5258ms or 105 ticks behind
[20:55:54] [Server thread/WARN]: Can't keep up! Is the server overloaded? Running 5258ms or 105 ticks behind
[20:56:14] [Server thread/WARN]: Can't keep up! Is the server overloaded? Running 4612ms or 92 ticks behind
[20:56:33] [Server thread/WARN]: Can't keep up! Is the server overloaded? Running 4623ms or 92 ticks behind
[20:56:55] [Server thread/WARN]: Can't keep up! Is the server overloaded? Running 6600ms or 132 ticks behind
[20:57:14] [Server thread/WARN]: Can't keep up! Is the server overloaded? Running 4018ms or 80 ticks behind
[21:01:12] [Server thread/WARN]: Can't keep up! Is the server overloaded? Running 2014ms or 40 ticks behind
[21:03:05] [Server thread/WARN]: Can't keep up! Is the server overloaded? Running 2002ms or 40 ticks behind
[21:03:37] [Server thread/WARN]: Can't keep up! Is the server overloaded? Running 2004ms or 40 ticks behind
[21:03:54] [Server thread/WARN]: Can't keep up! Is the server overloaded? Running 2032ms or 40 ticks behind
[21:04:16] [Server thread/WARN]: Can't keep up! Is the server overloaded? Running 7171ms or 143 ticks behind
[21:04:38] [Server thread/WARN]: Can't keep up! Is the server overloaded? Running 7666ms or 153 ticks behind
[21:04:57] [Server thread/WARN]: Can't keep up! Is the server overloaded? Running 2003ms or 40 ticks behind
[21:05:17] [Server thread/WARN]: Can't keep up! Is the server overloaded? Running 2001ms or 40 ticks behind
[21:05:35] [Server thread/WARN]: Can't keep up! Is the server overloaded? Running 2005ms or 40 ticks behind
[21:05:52] [Server thread/WARN]: Can't keep up! Is the server overloaded? Running 2293ms or 45 ticks behind
[21:06:12] [Server thread/WARN]: Can't keep up! Is the server overloaded? Running 2002ms or 40 ticks behind
[21:06:31] [Server thread/WARN]: Can't keep up! Is the server overloaded? Running 2010ms or 40 ticks behind
[21:06:49] [Server thread/WARN]: Can't keep up! Is the server overloaded? Running 2786ms or 55 ticks behind
[21:07:07] [Server thread/WARN]: Can't keep up! Is the server overloaded? Running 2906ms or 58 ticks behind
[21:07:24] [Server thread/WARN]: Can't keep up! Is the server overloaded? Running 2244ms or 44 ticks behind
[21:07:41] [Server thread/WARN]: Can't keep up! Is the server overloaded? Running 2164ms or 43 ticks behind
[21:08:00] [Server thread/WARN]: Can't keep up! Is the server overloaded? Running 2033ms or 40 ticks behind
[21:08:18] [Server thread/WARN]: Can't keep up! Is the server overloaded? Running 3138ms or 62 ticks behind
[21:08:35] [Server thread/WARN]: Can't keep up! Is the server overloaded? Running 2423ms or 48 ticks behind
[21:08:56] [Server thread/WARN]: Can't keep up! Is the server overloaded? Running 2001ms or 40 ticks behind
[21:09:14] [Server thread/WARN]: Can't keep up! Is the server overloaded? Running 2370ms or 47 ticks behind
[21:09:31] [Server thread/WARN]: Can't keep up! Is the server overloaded? Running 2234ms or 44 ticks behind
[21:09:49] [Server thread/WARN]: Can't keep up! Is the server overloaded? Running 3477ms or 69 ticks behind
[21:10:09] [Server thread/WARN]: Can't keep up! Is the server overloaded? Running 4256ms or 85 ticks behind
[21:10:40] [Server thread/WARN]: Entity class_3222['Darkxelf_030'/4347, l='ServerLevel[The World]', x=100.50, y=49.00, z=0.50] left loaded chunk area
[21:11:09] [Server thread/INFO]: Scanning for legacy world dragon fight...
[21:11:09] [Server thread/INFO]: Found that the dragon has been killed in this world already.
[21:11:11] [Server thread/WARN]: Can't keep up! Is the server overloaded? Running 47009ms or 940 ticks behind
[21:11:38] [Server thread/WARN]: Can't keep up! Is the server overloaded? Running 12077ms or 241 ticks behind
[21:11:58] [Server thread/WARN]: Can't keep up! Is the server overloaded? Running 5723ms or 114 ticks behind
[21:12:19] [Server thread/WARN]: Can't keep up! Is the server overloaded? Running 5929ms or 118 ticks behind
[21:12:39] [Server thread/WARN]: Can't keep up! Is the server overloaded? Running 4327ms or 86 ticks behind
[21:13:30] [Server thread/WARN]: Can't keep up! Is the server overloaded? Running 2004ms or 40 ticks behind
[21:15:53] [Server thread/WARN]: Can't keep up! Is the server overloaded? Running 2022ms or 40 ticks behind
[21:16:12] [Server thread/WARN]: Can't keep up! Is the server overloaded? Running 3813ms or 76 ticks behind
[21:16:30] [Server thread/WARN]: Can't keep up! Is the server overloaded? Running 3536ms or 70 ticks behind
[21:16:49] [Server thread/WARN]: Can't keep up! Is the server overloaded? Running 3773ms or 75 ticks behind
[21:17:09] [Server thread/WARN]: Can't keep up! Is the server overloaded? Running 5466ms or 109 ticks behind
[21:17:28] [Server thread/WARN]: Can't keep up! Is the server overloaded? Running 3335ms or 66 ticks behind
[21:17:47] [Server thread/WARN]: Can't keep up! Is the server overloaded? Running 4136ms or 82 ticks behind
[21:18:07] [Server thread/WARN]: Can't keep up! Is the server overloaded? Running 5570ms or 111 ticks behind
[21:18:28] [Server thread/WARN]: Can't keep up! Is the server overloaded? Running 5399ms or 107 ticks behind
[21:18:47] [Server thread/WARN]: Can't keep up! Is the server overloaded? Running 4192ms or 83 ticks behind
[21:19:07] [Server thread/WARN]: Can't keep up! Is the server overloaded? Running 4712ms or 94 ticks behind
[21:19:28] [Server thread/WARN]: Can't keep up! Is the server overloaded? Running 6094ms or 121 ticks behind
[21:19:49] [Server thread/WARN]: Can't keep up! Is the server overloaded? Running 6268ms or 125 ticks behind
[21:20:10] [Server thread/WARN]: Can't keep up! Is the server overloaded? Running 6072ms or 121 ticks behind
[21:20:31] [Server thread/WARN]: Can't keep up! Is the server overloaded? Running 5823ms or 116 ticks behind
[21:20:51] [Server thread/WARN]: Can't keep up! Is the server overloaded? Running 5431ms or 108 ticks behind
[21:21:11] [Server thread/WARN]: Can't keep up! Is the server overloaded? Running 4904ms or 98 ticks behind
[21:21:31] [Server thread/WARN]: Can't keep up! Is the server overloaded? Running 4734ms or 94 ticks behind
[21:21:51] [Server thread/WARN]: Can't keep up! Is the server overloaded? Running 4794ms or 95 ticks behind
[21:22:09] [Server thread/WARN]: Can't keep up! Is the server overloaded? Running 3754ms or 75 ticks behind
[21:22:28] [Server thread/WARN]: Can't keep up! Is the server overloaded? Running 4102ms or 82 ticks behind
[21:22:47] [Server thread/WARN]: Can't keep up! Is the server overloaded? Running 3734ms or 74 ticks behind
[21:23:06] [Server thread/WARN]: Can't keep up! Is the server overloaded? Running 3622ms or 72 ticks behind
[21:23:19] [Server thread/WARN]: Fetching packet for removed entity class_1542['Air'/28282, l='ServerLevel[The World]', x=-640.70, y=32.00, z=-139.72]
[21:23:19] [Server thread/WARN]: Fetching packet for removed entity class_1542['Air'/28282, l='ServerLevel[The World]', x=-640.70, y=32.00, z=-139.72]
[21:23:19] [Server thread/WARN]: Fetching packet for removed entity class_1542['Air'/28282, l='ServerLevel[The World]', x=-640.70, y=32.00, z=-139.72]
[21:23:19] [Server thread/WARN]: Fetching packet for removed entity class_1542['Air'/28282, l='ServerLevel[The World]', x=-640.70, y=32.00, z=-139.72]
[21:23:24] [Server thread/WARN]: Can't keep up! Is the server overloaded? Running 3696ms or 73 ticks behind
[21:23:38] [Server thread/WARN]: Fetching packet for removed entity class_1542['Air'/28388, l='ServerLevel[The World]', x=-640.82, y=32.00, z=-139.13]
[21:23:38] [Server thread/WARN]: Fetching packet for removed entity class_1542['Air'/28388, l='ServerLevel[The World]', x=-640.82, y=32.00, z=-139.13]
[21:23:38] [Server thread/WARN]: Fetching packet for removed entity class_1542['Air'/28388, l='ServerLevel[The World]', x=-640.82, y=32.00, z=-139.13]
[21:23:38] [Server thread/WARN]: Fetching packet for removed entity class_1542['Air'/28388, l='ServerLevel[The World]', x=-640.82, y=32.00, z=-139.13]
[21:23:42] [Server thread/WARN]: Can't keep up! Is the server overloaded? Running 3054ms or 61 ticks behind
[21:23:44] [Server thread/WARN]: Fetching packet for removed entity class_1542['Air'/28397, l='ServerLevel[The World]', x=-701.25, y=32.00, z=-151.70]
[21:23:44] [Server thread/WARN]: Fetching packet for removed entity class_1542['Air'/28397, l='ServerLevel[The World]', x=-701.25, y=32.00, z=-151.70]
[21:23:44] [Server thread/WARN]: Fetching packet for removed entity class_1542['Air'/28397, l='ServerLevel[The World]', x=-701.25, y=32.00, z=-151.70]
[21:23:44] [Server thread/WARN]: Fetching packet for removed entity class_1542['Air'/28397, l='ServerLevel[The World]', x=-701.25, y=32.00, z=-151.70]
[21:24:03] [Server thread/WARN]: Can't keep up! Is the server overloaded? Running 2002ms or 40 ticks behind
[21:24:22] [Server thread/WARN]: Can't keep up! Is the server overloaded? Running 4065ms or 81 ticks behind
[21:24:41] [Server thread/WARN]: Can't keep up! Is the server overloaded? Running 4519ms or 90 ticks behind
[21:25:00] [Server thread/WARN]: Can't keep up! Is the server overloaded? Running 4000ms or 80 ticks behind
[21:25:19] [Server thread/WARN]: Can't keep up! Is the server overloaded? Running 3488ms or 69 ticks behind
[21:25:38] [Server thread/WARN]: Can't keep up! Is the server overloaded? Running 4322ms or 86 ticks behind
[21:25:58] [Server thread/WARN]: Can't keep up! Is the server overloaded? Running 4544ms or 90 ticks behind
[21:26:18] [Server thread/WARN]: Can't keep up! Is the server overloaded? Running 5007ms or 100 ticks behind
[21:26:38] [Server thread/WARN]: Can't keep up! Is the server overloaded? Running 5441ms or 108 ticks behind
[21:26:59] [Server thread/WARN]: Can't keep up! Is the server overloaded? Running 6311ms or 126 ticks behind
[21:27:21] [Server thread/WARN]: Can't keep up! Is the server overloaded? Running 6771ms or 135 ticks behind
[21:27:40] [Server thread/WARN]: Can't keep up! Is the server overloaded? Running 3620ms or 72 ticks behind
[21:27:58] [Server thread/WARN]: Can't keep up! Is the server overloaded? Running 3604ms or 72 ticks behind
[21:28:17] [Server thread/WARN]: Can't keep up! Is the server overloaded? Running 3444ms or 68 ticks behind
[21:28:36] [Server thread/WARN]: Can't keep up! Is the server overloaded? Running 3838ms or 76 ticks behind
[21:28:54] [Server thread/WARN]: Can't keep up! Is the server overloaded? Running 3935ms or 78 ticks behind
[21:29:13] [Server thread/WARN]: Can't keep up! Is the server overloaded? Running 3743ms or 74 ticks behind
[21:29:32] [Server thread/WARN]: Can't keep up! Is the server overloaded? Running 3666ms or 73 ticks behind
[21:29:51] [Server thread/WARN]: Can't keep up! Is the server overloaded? Running 4127ms or 82 ticks behind
[21:30:11] [Server thread/WARN]: Can't keep up! Is the server overloaded? Running 5305ms or 106 ticks behind
[21:30:30] [Server thread/WARN]: Can't keep up! Is the server overloaded? Running 4060ms or 81 ticks behind
[21:30:48] [Server thread/WARN]: Can't keep up! Is the server overloaded? Running 3039ms or 60 ticks behind
[21:31:06] [Server thread/WARN]: Can't keep up! Is the server overloaded? Running 3169ms or 63 ticks behind
[21:31:25] [Server thread/WARN]: Can't keep up! Is the server overloaded? Running 3416ms or 68 ticks behind
[21:31:44] [Server thread/WARN]: Can't keep up! Is the server overloaded? Running 3793ms or 75 ticks behind
[21:32:04] [Server thread/WARN]: Can't keep up! Is the server overloaded? Running 5263ms or 105 ticks behind
[21:32:24] [Server thread/WARN]: Can't keep up! Is the server overloaded? Running 5283ms or 105 ticks behind
[21:32:43] [Server thread/WARN]: Can't keep up! Is the server overloaded? Running 3574ms or 71 ticks behind
[21:33:01] [Server thread/WARN]: Can't keep up! Is the server overloaded? Running 3430ms or 68 ticks behind
[21:33:20] [Server thread/WARN]: Can't keep up! Is the server overloaded? Running 4165ms or 83 ticks behind
[21:33:40] [Server thread/WARN]: Can't keep up! Is the server overloaded? Running 4681ms or 93 ticks behind
[21:33:58] [Server thread/WARN]: Can't keep up! Is the server overloaded? Running 3289ms or 65 ticks behind
[21:34:16] [Server thread/WARN]: Can't keep up! Is the server overloaded? Running 3180ms or 63 ticks behind
[21:34:34] [Server thread/WARN]: Can't keep up! Is the server overloaded? Running 2885ms or 57 ticks behind
[21:34:52] [Server thread/WARN]: Can't keep up! Is the server overloaded? Running 2631ms or 52 ticks behind
[21:35:09] [Server thread/WARN]: Can't keep up! Is the server overloaded? Running 2603ms or 52 ticks behind
[21:35:27] [Server thread/WARN]: Can't keep up! Is the server overloaded? Running 2515ms or 50 ticks behind
[21:35:44] [Server thread/WARN]: Can't keep up! Is the server overloaded? Running 2444ms or 48 ticks behind
[21:36:02] [Server thread/WARN]: Can't keep up! Is the server overloaded? Running 3127ms or 62 ticks behind
[21:36:20] [Server thread/WARN]: Can't keep up! Is the server overloaded? Running 3003ms or 60 ticks behind
[21:36:38] [Server thread/WARN]: Can't keep up! Is the server overloaded? Running 2489ms or 49 ticks behind
[21:36:55] [Server thread/WARN]: Can't keep up! Is the server overloaded? Running 2683ms or 53 ticks behind
[21:37:21] [Server thread/WARN]: Can't keep up! Is the server overloaded? Running 2006ms or 40 ticks behind
[21:37:38] [Server thread/WARN]: Can't keep up! Is the server overloaded? Running 2091ms or 41 ticks behind
[21:37:57] [Server thread/WARN]: Can't keep up! Is the server overloaded? Running 2011ms or 40 ticks behind
[21:38:15] [Server thread/WARN]: Can't keep up! Is the server overloaded? Running 2001ms or 40 ticks behind
[21:38:34] [Server thread/WARN]: Can't keep up! Is the server overloaded? Running 2001ms or 40 ticks behind
[21:38:54] [Server thread/WARN]: Can't keep up! Is the server overloaded? Running 2002ms or 40 ticks behind
[21:39:14] [Server thread/WARN]: Can't keep up! Is the server overloaded? Running 2001ms or 40 ticks behind
[21:39:34] [Server thread/WARN]: Can't keep up! Is the server overloaded? Running 2006ms or 40 ticks behind
[21:39:55] [Server thread/WARN]: Can't keep up! Is the server overloaded? Running 2003ms or 40 ticks behind
[21:40:16] [Server thread/WARN]: Can't keep up! Is the server overloaded? Running 2006ms or 40 ticks behind
[21:40:42] [Server thread/WARN]: Can't keep up! Is the server overloaded? Running 2004ms or 40 ticks behind
[21:41:04] [Server thread/WARN]: Can't keep up! Is the server overloaded? Running 2011ms or 40 ticks behind
[21:41:27] [Server thread/WARN]: Can't keep up! Is the server overloaded? Running 2012ms or 40 ticks behind
[21:41:44] [Server thread/WARN]: Can't keep up! Is the server overloaded? Running 2008ms or 40 ticks behind
[21:42:06] [Server thread/WARN]: Can't keep up! Is the server overloaded? Running 2003ms or 40 ticks behind
[21:42:28] [Server thread/WARN]: Can't keep up! Is the server overloaded? Running 2008ms or 40 ticks behind
[21:42:46] [Server thread/WARN]: Can't keep up! Is the server overloaded? Running 2004ms or 40 ticks behind
[21:43:06] [Server thread/WARN]: Can't keep up! Is the server overloaded? Running 2008ms or 40 ticks behind
[21:43:25] [Server thread/WARN]: Can't keep up! Is the server overloaded? Running 2002ms or 40 ticks behind
[21:43:50] [Server thread/WARN]: Can't keep up! Is the server overloaded? Running 2001ms or 40 ticks behind
[21:44:11] [Server thread/WARN]: Can't keep up! Is the server overloaded? Running 2003ms or 40 ticks behind
[21:44:31] [Server thread/WARN]: Can't keep up! Is the server overloaded? Running 2001ms or 40 ticks behind
[21:44:52] [Server thread/WARN]: Can't keep up! Is the server overloaded? Running 2004ms or 40 ticks behind
[21:45:10] [Server thread/WARN]: Can't keep up! Is the server overloaded? Running 2001ms or 40 ticks behind
[21:45:27] [Server thread/WARN]: Can't keep up! Is the server overloaded? Running 2004ms or 40 ticks behind
[21:45:37] [Server thread/WARN]: Fetching packet for removed entity class_1542['Air'/35783, l='ServerLevel[The World]', x=-673.48, y=32.00, z=-127.30]
[21:45:37] [Server thread/WARN]: Fetching packet for removed entity class_1542['Air'/35783, l='ServerLevel[The World]', x=-673.48, y=32.00, z=-127.30]
[21:45:37] [Server thread/WARN]: Fetching packet for removed entity class_1542['Air'/35783, l='ServerLevel[The World]', x=-673.48, y=32.00, z=-127.30]
[21:45:45] [Server thread/WARN]: Can't keep up! Is the server overloaded? Running 2003ms or 40 ticks behind
[21:46:02] [Server thread/WARN]: Can't keep up! Is the server overloaded? Running 2001ms or 40 ticks behind
[21:46:21] [Server thread/WARN]: Can't keep up! Is the server overloaded? Running 2003ms or 40 ticks behind
[21:46:38] [Server thread/WARN]: Can't keep up! Is the server overloaded? Running 2004ms or 40 ticks behind
[21:46:56] [Server thread/WARN]: Can't keep up! Is the server overloaded? Running 2009ms or 40 ticks behind
[21:47:13] [Server thread/WARN]: Can't keep up! Is the server overloaded? Running 2646ms or 52 ticks behind
[21:47:31] [Server thread/WARN]: Can't keep up! Is the server overloaded? Running 2301ms or 46 ticks behind
[21:47:52] [Server thread/WARN]: Can't keep up! Is the server overloaded? Running 2011ms or 40 ticks behind
[21:48:10] [Server thread/WARN]: Can't keep up! Is the server overloaded? Running 2008ms or 40 ticks behind
[21:48:27] [Server thread/WARN]: Can't keep up! Is the server overloaded? Running 2314ms or 46 ticks behind
[21:48:44] [Server thread/WARN]: Can't keep up! Is the server overloaded? Running 2373ms or 47 ticks behind
[21:49:02] [Server thread/WARN]: Can't keep up! Is the server overloaded? Running 2339ms or 46 ticks behind
[21:49:19] [Server thread/WARN]: Can't keep up! Is the server overloaded? Running 2681ms or 53 ticks behind
[21:49:37] [Server thread/WARN]: Can't keep up! Is the server overloaded? Running 2782ms or 55 ticks behind
[21:49:55] [Server thread/WARN]: Can't keep up! Is the server overloaded? Running 2639ms or 52 ticks behind
[21:50:13] [Server thread/WARN]: Can't keep up! Is the server overloaded? Running 2850ms or 57 ticks behind
[21:50:30] [Server thread/WARN]: Can't keep up! Is the server overloaded? Running 2888ms or 57 ticks behind
[21:50:48] [Server thread/WARN]: Can't keep up! Is the server overloaded? Running 2814ms or 56 ticks behind
[21:51:06] [Server thread/WARN]: Can't keep up! Is the server overloaded? Running 2759ms or 55 ticks behind
[21:51:24] [Server thread/WARN]: Can't keep up! Is the server overloaded? Running 2885ms or 57 ticks behind
[21:51:24] [Server thread/INFO]: scrx1316 lost connection: Disconnected
[21:51:24] [Server thread/INFO]: scrx1316 left the game
[21:51:39] [Server thread/WARN]: Fetching packet for removed entity class_1542['Air'/37693, l='ServerLevel[The World]', x=-671.84, y=32.00, z=-151.70]
[21:51:39] [Server thread/WARN]: Fetching packet for removed entity class_1542['Air'/37693, l='ServerLevel[The World]', x=-671.84, y=32.00, z=-151.70]
[21:51:41] [Server thread/WARN]: Can't keep up! Is the server overloaded? Running 2055ms or 41 ticks behind
[21:52:00] [Server thread/WARN]: Can't keep up! Is the server overloaded? Running 3816ms or 76 ticks behind
[21:52:18] [Server thread/WARN]: Can't keep up! Is the server overloaded? Running 3208ms or 64 ticks behind
[21:52:36] [Server thread/WARN]: Can't keep up! Is the server overloaded? Running 3275ms or 65 ticks behind
[21:52:55] [Server thread/WARN]: Can't keep up! Is the server overloaded? Running 3355ms or 67 ticks behind
[21:53:14] [Server thread/WARN]: Can't keep up! Is the server overloaded? Running 4471ms or 89 ticks behind
[21:53:33] [Server thread/WARN]: Can't keep up! Is the server overloaded? Running 3680ms or 73 ticks behind
[21:53:51] [Server thread/WARN]: Can't keep up! Is the server overloaded? Running 3123ms or 62 ticks behind
[21:54:09] [Server thread/WARN]: Can't keep up! Is the server overloaded? Running 3212ms or 64 ticks behind
[21:54:27] [Server thread/WARN]: Can't keep up! Is the server overloaded? Running 2813ms or 56 ticks behind
[21:54:45] [Server thread/WARN]: Can't keep up! Is the server overloaded? Running 2861ms or 57 ticks behind
[21:55:03] [Server thread/WARN]: Can't keep up! Is the server overloaded? Running 2952ms or 59 ticks behind
[21:55:20] [Server thread/WARN]: Can't keep up! Is the server overloaded? Running 2819ms or 56 ticks behind
[21:55:38] [Server thread/WARN]: Can't keep up! Is the server overloaded? Running 2901ms or 58 ticks behind
[21:55:56] [Server thread/WARN]: Can't keep up! Is the server overloaded? Running 2914ms or 58 ticks behind
[21:56:15] [Server thread/WARN]: Can't keep up! Is the server overloaded? Running 3817ms or 76 ticks behind
[21:56:18] [Server thread/INFO]: LMY008117 lost connection: Disconnected
[21:56:18] [Server thread/INFO]: LMY008117 left the game
[21:56:32] [Server thread/WARN]: Can't keep up! Is the server overloaded? Running 2011ms or 40 ticks behind
[21:56:37] [Server thread/INFO]: bruce8866 lost connection: Disconnected
[21:56:37] [Server thread/INFO]: bruce8866 left the game
[22:36:38] [Server thread/INFO]: Darkxelf_030 lost connection: Disconnected
[22:36:38] [Server thread/INFO]: Darkxelf_030 left the game
