[05:37:48] [Server thread/INFO]: [Textile Backup] Backup started by: Timer on: 26.01.2021_05-37-48
[05:37:48] [Server thread/INFO]: [Textile Backup] Saving server...
[05:37:49] [Server thread/INFO]: ThreadedAnvilChunkStorage (The World): All chunks are saved
[05:37:50] [Server thread/INFO]: ThreadedAnvilChunkStorage (DIM-1): All chunks are saved
[05:37:50] [Server thread/INFO]: ThreadedAnvilChunkStorage (DIM1): All chunks are saved
[05:37:50] [Server thread/WARN]: Can't keep up! Is the server overloaded? Running 2049ms or 40 ticks behind
[05:37:50] [pool-3-thread-1/INFO]: [Textile Backup] Starting backup
[05:39:37] [pool-3-thread-1/INFO]: [Textile Backup] Deleting: 20.01.2021_19-03-44.zip
[05:39:37] [pool-3-thread-1/INFO]: [Textile Backup] Done!
[11:14:38] [Server thread/INFO]: scrx1316[/25.57.24.164:9201] logged in with entity id 959307 at (-235.49063010226405, 79.0, -233.9139519462496)
[11:14:38] [Server thread/INFO]: scrx1316 joined the game
[11:18:57] [Server thread/WARN]: Can't keep up! Is the server overloaded? Running 2043ms or 40 ticks behind
[11:19:22] [Server thread/WARN]: Can't keep up! Is the server overloaded? Running 9986ms or 199 ticks behind
[11:19:41] [Server thread/WARN]: Can't keep up! Is the server overloaded? Running 2012ms or 40 ticks behind
[11:20:10] [Server thread/WARN]: Can't keep up! Is the server overloaded? Running 2004ms or 40 ticks behind
[11:20:37] [Server thread/WARN]: Can't keep up! Is the server overloaded? Running 2002ms or 40 ticks behind
[11:21:02] [Server thread/WARN]: Can't keep up! Is the server overloaded? Running 2009ms or 40 ticks behind
[11:21:37] [Server thread/WARN]: Can't keep up! Is the server overloaded? Running 2004ms or 40 ticks behind
[11:22:20] [Server thread/WARN]: Can't keep up! Is the server overloaded? Running 2001ms or 40 ticks behind
[11:22:54] [Server thread/INFO]: scrx1316 lost connection: Disconnected
[11:22:54] [Server thread/INFO]: scrx1316 left the game
[14:25:27] [Server thread/INFO]: Darkxelf_030[/25.51.86.185:53178] logged in with entity id 961616 at (-641.4840295258718, 15.0, -88.04287874945449)
[14:25:27] [Server thread/INFO]: Darkxelf_030 joined the game
[14:27:01] [Server thread/INFO]: Darkxelf_030 lost connection: Disconnected
[14:27:01] [Server thread/INFO]: Darkxelf_030 left the game
[15:07:40] [Server thread/INFO]: Darkxelf_030[/25.51.86.185:53331] logged in with entity id 962306 at (-641.6742061497916, 15.0, -88.17125191120047)
[15:07:40] [Server thread/INFO]: Darkxelf_030 joined the game
[15:11:11] [Server thread/INFO]: bruce8866[/59.115.59.35:12833] logged in with entity id 963600 at (-243.27090689967918, 77.0, -246.3516806629154)
[15:11:11] [Server thread/INFO]: bruce8866 joined the game
[15:11:13] [Netty Server IO #3/WARN]: Player bruce8866 joined with another carpet version: 1.4.8+v200811
[15:11:24] [Server thread/WARN]: Can't keep up! Is the server overloaded? Running 2001ms or 40 ticks behind
[15:11:42] [Server thread/WARN]: Can't keep up! Is the server overloaded? Running 3104ms or 62 ticks behind
[15:12:01] [Server thread/WARN]: Can't keep up! Is the server overloaded? Running 3387ms or 67 ticks behind
[15:12:18] [Server thread/INFO]: <bruce8866> oh
[15:12:19] [Server thread/INFO]: <bruce8866> hi
[15:12:21] [Server thread/WARN]: Can't keep up! Is the server overloaded? Running 2005ms or 40 ticks behind
[15:13:06] [Server thread/WARN]: Can't keep up! Is the server overloaded? Running 2001ms or 40 ticks behind
[15:13:44] [Server thread/WARN]: Can't keep up! Is the server overloaded? Running 2002ms or 40 ticks behind
[15:14:19] [Server thread/WARN]: Can't keep up! Is the server overloaded? Running 2002ms or 40 ticks behind
[15:14:39] [Server thread/WARN]: Can't keep up! Is the server overloaded? Running 2005ms or 40 ticks behind
[15:14:59] [Server thread/WARN]: Can't keep up! Is the server overloaded? Running 2005ms or 40 ticks behind
[15:15:17] [Server thread/WARN]: Can't keep up! Is the server overloaded? Running 2002ms or 40 ticks behind
[15:15:37] [Server thread/WARN]: Can't keep up! Is the server overloaded? Running 2001ms or 40 ticks behind
[15:15:56] [Server thread/WARN]: Can't keep up! Is the server overloaded? Running 2002ms or 40 ticks behind
[15:16:14] [Server thread/WARN]: Can't keep up! Is the server overloaded? Running 2004ms or 40 ticks behind
[15:16:30] [Server thread/INFO]: Villager class_1646['Villager'/427, l='ServerLevel[The World]', x=-301.70, y=71.00, z=-229.30] died, message: 'Villager was squished too much'
[15:16:35] [Server thread/WARN]: Can't keep up! Is the server overloaded? Running 2001ms or 40 ticks behind
[15:16:54] [Server thread/WARN]: Can't keep up! Is the server overloaded? Running 2005ms or 40 ticks behind
[15:17:05] [Server thread/WARN]: Mismatch in destroy block pos: class_2338{x=-640, y=16, z=-88} class_2338{x=-638, y=16, z=-92}
[15:17:12] [Server thread/WARN]: Can't keep up! Is the server overloaded? Running 2008ms or 40 ticks behind
[15:17:30] [Server thread/WARN]: Can't keep up! Is the server overloaded? Running 2155ms or 43 ticks behind
[15:17:47] [Server thread/WARN]: Can't keep up! Is the server overloaded? Running 2005ms or 40 ticks behind
[15:17:48] [Server thread/INFO]: bruce8866 lost connection: Disconnected
[15:17:48] [Server thread/INFO]: bruce8866 left the game
[15:18:19] [Server thread/WARN]: Can't keep up! Is the server overloaded? Running 2002ms or 40 ticks behind
[15:18:48] [Server thread/WARN]: Can't keep up! Is the server overloaded? Running 2003ms or 40 ticks behind
[15:19:11] [Server thread/WARN]: Can't keep up! Is the server overloaded? Running 2001ms or 40 ticks behind
[15:19:32] [Server thread/WARN]: Can't keep up! Is the server overloaded? Running 2005ms or 40 ticks behind
[15:20:06] [Server thread/WARN]: Can't keep up! Is the server overloaded? Running 2239ms or 44 ticks behind
[15:20:36] [Server thread/WARN]: Can't keep up! Is the server overloaded? Running 2009ms or 40 ticks behind
[15:21:09] [Server thread/WARN]: Can't keep up! Is the server overloaded? Running 2002ms or 40 ticks behind
[15:21:32] [Server thread/WARN]: Can't keep up! Is the server overloaded? Running 2020ms or 40 ticks behind
[15:22:00] [Server thread/WARN]: Can't keep up! Is the server overloaded? Running 2006ms or 40 ticks behind
[15:22:32] [Server thread/WARN]: Can't keep up! Is the server overloaded? Running 2002ms or 40 ticks behind
[15:22:55] [Server thread/WARN]: Can't keep up! Is the server overloaded? Running 2002ms or 40 ticks behind
[15:23:25] [Server thread/WARN]: Can't keep up! Is the server overloaded? Running 2003ms or 40 ticks behind
[15:23:52] [Server thread/WARN]: Can't keep up! Is the server overloaded? Running 2001ms or 40 ticks behind
[15:24:21] [Server thread/WARN]: Can't keep up! Is the server overloaded? Running 2001ms or 40 ticks behind
[15:24:53] [Server thread/WARN]: Can't keep up! Is the server overloaded? Running 2003ms or 40 ticks behind
[15:25:10] [Server thread/WARN]: Can't keep up! Is the server overloaded? Running 2020ms or 40 ticks behind
[15:26:19] [Server thread/WARN]: Can't keep up! Is the server overloaded? Running 2014ms or 40 ticks behind
[15:28:40] [Server thread/WARN]: Fetching packet for removed entity class_1542['Air'/968624, l='ServerLevel[The World]', x=-672.74, y=32.00, z=-127.30]
[15:30:32] [Server thread/WARN]: Can't keep up! Is the server overloaded? Running 2221ms or 44 ticks behind
[15:36:01] [Server thread/WARN]: Can't keep up! Is the server overloaded? Running 2002ms or 40 ticks behind
[15:36:05] [Server thread/INFO]: bruce8866[/59.115.59.35:13694] logged in with entity id 970744 at (-634.9431049466322, 35.5, -133.03819305961716)
[15:36:05] [Server thread/INFO]: bruce8866 joined the game
[15:36:05] [Netty Server IO #6/WARN]: Player bruce8866 joined with another carpet version: 1.4.8+v200811
[15:36:20] [Server thread/WARN]: Can't keep up! Is the server overloaded? Running 2008ms or 40 ticks behind
[15:36:38] [Server thread/WARN]: Can't keep up! Is the server overloaded? Running 2003ms or 40 ticks behind
[15:36:56] [Server thread/WARN]: Can't keep up! Is the server overloaded? Running 2002ms or 40 ticks behind
[15:37:15] [Server thread/WARN]: Can't keep up! Is the server overloaded? Running 2001ms or 40 ticks behind
[15:37:37] [Server thread/WARN]: Can't keep up! Is the server overloaded? Running 2010ms or 40 ticks behind
[15:37:57] [Server thread/WARN]: Can't keep up! Is the server overloaded? Running 2003ms or 40 ticks behind
[15:38:18] [Server thread/WARN]: Can't keep up! Is the server overloaded? Running 2001ms or 40 ticks behind
[15:38:37] [Server thread/WARN]: Can't keep up! Is the server overloaded? Running 2001ms or 40 ticks behind
[15:38:57] [Server thread/WARN]: Can't keep up! Is the server overloaded? Running 2002ms or 40 ticks behind
[15:39:22] [Server thread/WARN]: Can't keep up! Is the server overloaded? Running 2002ms or 40 ticks behind
[15:39:41] [Server thread/WARN]: Can't keep up! Is the server overloaded? Running 2002ms or 40 ticks behind
[15:40:00] [Server thread/WARN]: Can't keep up! Is the server overloaded? Running 2002ms or 40 ticks behind
[15:40:18] [Server thread/WARN]: Can't keep up! Is the server overloaded? Running 2007ms or 40 ticks behind
[15:40:35] [Server thread/WARN]: Can't keep up! Is the server overloaded? Running 2125ms or 42 ticks behind
[15:40:52] [Server thread/WARN]: Can't keep up! Is the server overloaded? Running 2110ms or 42 ticks behind
[15:41:12] [Server thread/WARN]: Can't keep up! Is the server overloaded? Running 4599ms or 91 ticks behind
[15:41:30] [Server thread/WARN]: Can't keep up! Is the server overloaded? Running 3775ms or 75 ticks behind
[15:41:49] [Server thread/WARN]: Can't keep up! Is the server overloaded? Running 3453ms or 69 ticks behind
[15:42:06] [Server thread/WARN]: Can't keep up! Is the server overloaded? Running 2137ms or 42 ticks behind
[15:42:28] [Server thread/WARN]: Can't keep up! Is the server overloaded? Running 2003ms or 40 ticks behind
[15:42:47] [Server thread/WARN]: Can't keep up! Is the server overloaded? Running 2004ms or 40 ticks behind
[15:43:08] [Server thread/WARN]: Can't keep up! Is the server overloaded? Running 2001ms or 40 ticks behind
[15:43:30] [Server thread/WARN]: Can't keep up! Is the server overloaded? Running 2010ms or 40 ticks behind
[15:43:50] [Server thread/WARN]: Can't keep up! Is the server overloaded? Running 2018ms or 40 ticks behind
[15:44:12] [Server thread/WARN]: Can't keep up! Is the server overloaded? Running 2002ms or 40 ticks behind
[15:44:37] [Server thread/WARN]: Can't keep up! Is the server overloaded? Running 2003ms or 40 ticks behind
[15:45:02] [Server thread/WARN]: Can't keep up! Is the server overloaded? Running 2003ms or 40 ticks behind
[15:45:26] [Server thread/WARN]: Can't keep up! Is the server overloaded? Running 2005ms or 40 ticks behind
[15:45:44] [Server thread/WARN]: Can't keep up! Is the server overloaded? Running 2003ms or 40 ticks behind
[15:46:02] [Server thread/WARN]: Can't keep up! Is the server overloaded? Running 2846ms or 56 ticks behind
[15:46:03] [Server thread/INFO]: [bruce8866: ]
[15:46:03] [Server thread/INFO]: [bruce8866: Average tick time: 61.457ms]
[15:46:03] [Server thread/INFO]: [bruce8866: Top 10 counts:]
[15:46:03] [Server thread/INFO]: [bruce8866:  - chest in overworld: 652.0]
[15:46:03] [Server thread/INFO]: [bruce8866:  - hopper in overworld: 401.0]
[15:46:03] [Server thread/INFO]: [bruce8866:  - villager in overworld: 166.0]
[15:46:03] [Server thread/INFO]: [bruce8866:  - cow in overworld: 136.2]
[15:46:03] [Server thread/INFO]: [bruce8866:  - item_frame in overworld: 100.0]
[15:46:03] [Server thread/INFO]: [bruce8866:  - cat in overworld: 87.0]
[15:46:03] [Server thread/INFO]: [bruce8866:  - minecart in overworld: 86.0]
[15:46:03] [Server thread/INFO]: [bruce8866:  - chicken in overworld: 78.0]
[15:46:03] [Server thread/INFO]: [bruce8866:  - iron_golem in overworld: 70.0]
[15:46:03] [Server thread/INFO]: [bruce8866:  - pig in overworld: 50.0]
[15:46:03] [Server thread/INFO]: [bruce8866: Top 10 CPU hogs:]
[15:46:03] [Server thread/INFO]: [bruce8866:  - villager in overworld: 20.39ms]
[15:46:03] [Server thread/INFO]: [bruce8866:  - minecart in overworld: 10.02ms]
[15:46:03] [Server thread/INFO]: [bruce8866:  - cow in overworld: 5.92ms]
[15:46:03] [Server thread/INFO]: [bruce8866:  - iron_golem in overworld: 2.69ms]
[15:46:03] [Server thread/INFO]: [bruce8866:  - zombie in overworld: 2.22ms]
[15:46:03] [Server thread/INFO]: [bruce8866:  - cat in overworld: 2.10ms]
[15:46:03] [Server thread/INFO]: [bruce8866:  - chicken in overworld: 1.32ms]
[15:46:03] [Server thread/INFO]: [bruce8866:  - horse in overworld: 1.20ms]
[15:46:03] [Server thread/INFO]: [bruce8866:  - sheep in overworld: 1.17ms]
[15:46:03] [Server thread/INFO]: [bruce8866:  - creeper in overworld: 1.16ms]
[15:46:20] [Server thread/WARN]: Can't keep up! Is the server overloaded? Running 3194ms or 63 ticks behind
[15:46:33] [Server thread/INFO]: [bruce8866: ]
[15:46:33] [Server thread/INFO]: [bruce8866: Average tick time: 56.170ms]
[15:46:33] [Server thread/INFO]: [bruce8866: Top 10 counts:]
[15:46:33] [Server thread/INFO]: [bruce8866:  - chest in overworld: 652.0]
[15:46:33] [Server thread/INFO]: [bruce8866:  - hopper in overworld: 401.0]
[15:46:33] [Server thread/INFO]: [bruce8866:  - villager in overworld: 166.0]
[15:46:33] [Server thread/INFO]: [bruce8866:  - cow in overworld: 145.0]
[15:46:33] [Server thread/INFO]: [bruce8866:  - item_frame in overworld: 100.0]
[15:46:33] [Server thread/INFO]: [bruce8866:  - cat in overworld: 87.0]
[15:46:33] [Server thread/INFO]: [bruce8866:  - minecart in overworld: 86.0]
[15:46:33] [Server thread/INFO]: [bruce8866:  - chicken in overworld: 78.0]
[15:46:33] [Server thread/INFO]: [bruce8866:  - iron_golem in overworld: 71.0]
[15:46:33] [Server thread/INFO]: [bruce8866:  - pig in overworld: 50.0]
[15:46:33] [Server thread/INFO]: [bruce8866: Top 10 CPU hogs:]
[15:46:33] [Server thread/INFO]: [bruce8866:  - villager in overworld: 16.32ms]
[15:46:33] [Server thread/INFO]: [bruce8866:  - minecart in overworld: 10.54ms]
[15:46:33] [Server thread/INFO]: [bruce8866:  - cow in overworld: 5.63ms]
[15:46:33] [Server thread/INFO]: [bruce8866:  - iron_golem in overworld: 2.88ms]
[15:46:33] [Server thread/INFO]: [bruce8866:  - zombie in overworld: 2.20ms]
[15:46:33] [Server thread/INFO]: [bruce8866:  - cat in overworld: 1.96ms]
[15:46:33] [Server thread/INFO]: [bruce8866:  - chicken in overworld: 1.33ms]
[15:46:33] [Server thread/INFO]: [bruce8866:  - horse in overworld: 1.29ms]
[15:46:33] [Server thread/INFO]: [bruce8866:  - sheep in overworld: 1.10ms]
[15:46:33] [Server thread/INFO]: [bruce8866:  - hopper in overworld: 1.04ms]
[15:46:39] [Server thread/WARN]: Can't keep up! Is the server overloaded? Running 2002ms or 40 ticks behind
[15:47:04] [Server thread/WARN]: Can't keep up! Is the server overloaded? Running 2002ms or 40 ticks behind
[15:47:43] [Server thread/WARN]: Can't keep up! Is the server overloaded? Running 2012ms or 40 ticks behind
[15:48:25] [Server thread/INFO]: <bruce8866> d
[15:48:28] [Server thread/INFO]: [bruce8866: ]
[15:48:28] [Server thread/INFO]: [bruce8866: Average tick time: 52.252ms]
[15:48:28] [Server thread/INFO]: [bruce8866: Top 10 counts:]
[15:48:28] [Server thread/INFO]: [bruce8866:  - chest in overworld: 652.0]
[15:48:28] [Server thread/INFO]: [bruce8866:  - hopper in overworld: 401.0]
[15:48:28] [Server thread/INFO]: [bruce8866:  - villager in overworld: 166.0]
[15:48:28] [Server thread/INFO]: [bruce8866:  - cow in overworld: 133.0]
[15:48:28] [Server thread/INFO]: [bruce8866:  - item_frame in overworld: 100.0]
[15:48:28] [Server thread/INFO]: [bruce8866:  - cat in overworld: 87.0]
[15:48:28] [Server thread/INFO]: [bruce8866:  - minecart in overworld: 86.0]
[15:48:28] [Server thread/INFO]: [bruce8866:  - chicken in overworld: 78.0]
[15:48:28] [Server thread/INFO]: [bruce8866:  - iron_golem in overworld: 69.0]
[15:48:28] [Server thread/INFO]: [bruce8866:  - zombie in overworld: 51.7]
[15:48:28] [Server thread/INFO]: [bruce8866: Top 10 CPU hogs:]
[15:48:28] [Server thread/INFO]: [bruce8866:  - villager in overworld: 13.33ms]
[15:48:28] [Server thread/INFO]: [bruce8866:  - minecart in overworld: 9.47ms]
[15:48:28] [Server thread/INFO]: [bruce8866:  - cow in overworld: 4.57ms]
[15:48:28] [Server thread/INFO]: [bruce8866:  - zombie in overworld: 4.11ms]
[15:48:28] [Server thread/INFO]: [bruce8866:  - iron_golem in overworld: 2.40ms]
[15:48:28] [Server thread/INFO]: [bruce8866:  - cat in overworld: 2.06ms]
[15:48:28] [Server thread/INFO]: [bruce8866:  - horse in overworld: 1.33ms]
[15:48:28] [Server thread/INFO]: [bruce8866:  - chicken in overworld: 1.32ms]
[15:48:28] [Server thread/INFO]: [bruce8866:  - sheep in overworld: 1.11ms]
[15:48:28] [Server thread/INFO]: [bruce8866:  - hopper in overworld: 1.05ms]
[15:48:33] [Server thread/WARN]: Can't keep up! Is the server overloaded? Running 2005ms or 40 ticks behind
[15:49:09] [Server thread/INFO]: [bruce8866: ]
[15:49:09] [Server thread/INFO]: [bruce8866: Average tick time: 51.343ms]
[15:49:09] [Server thread/INFO]: [bruce8866: Top 10 counts:]
[15:49:09] [Server thread/INFO]: [bruce8866:  - chest in overworld: 652.0]
[15:49:09] [Server thread/INFO]: [bruce8866:  - hopper in overworld: 401.0]
[15:49:09] [Server thread/INFO]: [bruce8866:  - villager in overworld: 166.0]
[15:49:09] [Server thread/INFO]: [bruce8866:  - cow in overworld: 133.0]
[15:49:09] [Server thread/INFO]: [bruce8866:  - item_frame in overworld: 100.0]
[15:49:09] [Server thread/INFO]: [bruce8866:  - cat in overworld: 87.0]
[15:49:09] [Server thread/INFO]: [bruce8866:  - minecart in overworld: 86.0]
[15:49:09] [Server thread/INFO]: [bruce8866:  - chicken in overworld: 78.0]
[15:49:09] [Server thread/INFO]: [bruce8866:  - iron_golem in overworld: 69.0]
[15:49:09] [Server thread/INFO]: [bruce8866:  - zombie in overworld: 50.0]
[15:49:09] [Server thread/INFO]: [bruce8866: Top 10 CPU hogs:]
[15:49:09] [Server thread/INFO]: [bruce8866:  - villager in overworld: 13.01ms]
[15:49:09] [Server thread/INFO]: [bruce8866:  - minecart in overworld: 9.26ms]
[15:49:09] [Server thread/INFO]: [bruce8866:  - cow in overworld: 4.47ms]
[15:49:09] [Server thread/INFO]: [bruce8866:  - zombie in overworld: 3.99ms]
[15:49:09] [Server thread/INFO]: [bruce8866:  - iron_golem in overworld: 2.41ms]
[15:49:09] [Server thread/INFO]: [bruce8866:  - cat in overworld: 2.04ms]
[15:49:09] [Server thread/INFO]: [bruce8866:  - horse in overworld: 1.48ms]
[15:49:09] [Server thread/INFO]: [bruce8866:  - chicken in overworld: 1.29ms]
[15:49:09] [Server thread/INFO]: [bruce8866:  - sheep in overworld: 1.12ms]
[15:49:09] [Server thread/INFO]: [bruce8866:  - hopper in overworld: 1.04ms]
[15:49:39] [Server thread/WARN]: Can't keep up! Is the server overloaded? Running 2010ms or 40 ticks behind
[15:50:53] [Server thread/WARN]: Can't keep up! Is the server overloaded? Running 2004ms or 40 ticks behind
[15:52:16] [Server thread/WARN]: Can't keep up! Is the server overloaded? Running 2004ms or 40 ticks behind
[15:52:38] [Server thread/WARN]: Mismatch in destroy block pos: class_2338{x=-630, y=32, z=-141} class_2338{x=-630, y=31, z=-141}
[15:53:56] [Server thread/WARN]: Can't keep up! Is the server overloaded? Running 2007ms or 40 ticks behind
[15:54:53] [Server thread/WARN]: Can't keep up! Is the server overloaded? Running 2010ms or 40 ticks behind
[15:56:09] [Server thread/WARN]: Can't keep up! Is the server overloaded? Running 2003ms or 40 ticks behind
[15:57:08] [Server thread/WARN]: Can't keep up! Is the server overloaded? Running 2004ms or 40 ticks behind
[15:57:27] [Server thread/WARN]: Can't keep up! Is the server overloaded? Running 2001ms or 40 ticks behind
[15:57:49] [Server thread/WARN]: Can't keep up! Is the server overloaded? Running 2001ms or 40 ticks behind
[15:58:09] [Server thread/WARN]: Can't keep up! Is the server overloaded? Running 2005ms or 40 ticks behind
[15:58:28] [Server thread/WARN]: Can't keep up! Is the server overloaded? Running 2002ms or 40 ticks behind
[15:58:46] [Server thread/WARN]: Can't keep up! Is the server overloaded? Running 2010ms or 40 ticks behind
[15:59:04] [Server thread/WARN]: Can't keep up! Is the server overloaded? Running 2002ms or 40 ticks behind
[15:59:27] [Server thread/WARN]: Can't keep up! Is the server overloaded? Running 2004ms or 40 ticks behind
[15:59:49] [Server thread/WARN]: Can't keep up! Is the server overloaded? Running 2003ms or 40 ticks behind
[16:00:00] [Server thread/WARN]: Mismatch in destroy block pos: class_2338{x=-627, y=33, z=-140} class_2338{x=-622, y=31, z=-141}
[16:00:00] [Server thread/WARN]: Mismatch in destroy block pos: class_2338{x=-627, y=33, z=-140} class_2338{x=-622, y=31, z=-141}
[16:00:10] [Server thread/WARN]: Can't keep up! Is the server overloaded? Running 2001ms or 40 ticks behind
[16:00:29] [Server thread/WARN]: Can't keep up! Is the server overloaded? Running 2003ms or 40 ticks behind
[16:00:51] [Server thread/WARN]: Can't keep up! Is the server overloaded? Running 2001ms or 40 ticks behind
[16:01:09] [Server thread/WARN]: Can't keep up! Is the server overloaded? Running 2005ms or 40 ticks behind
[16:01:28] [Server thread/WARN]: Can't keep up! Is the server overloaded? Running 2009ms or 40 ticks behind
[16:01:47] [Server thread/WARN]: Can't keep up! Is the server overloaded? Running 2006ms or 40 ticks behind
[16:02:09] [Server thread/WARN]: Can't keep up! Is the server overloaded? Running 2001ms or 40 ticks behind
[16:02:30] [Server thread/WARN]: Can't keep up! Is the server overloaded? Running 2004ms or 40 ticks behind
[16:02:47] [Server thread/WARN]: Can't keep up! Is the server overloaded? Running 2028ms or 40 ticks behind
[16:03:08] [Server thread/WARN]: Can't keep up! Is the server overloaded? Running 2006ms or 40 ticks behind
[16:03:28] [Server thread/WARN]: Can't keep up! Is the server overloaded? Running 2006ms or 40 ticks behind
[16:03:50] [Server thread/WARN]: Can't keep up! Is the server overloaded? Running 2008ms or 40 ticks behind
[16:04:11] [Server thread/WARN]: Can't keep up! Is the server overloaded? Running 2011ms or 40 ticks behind
[16:04:30] [Server thread/WARN]: Can't keep up! Is the server overloaded? Running 2005ms or 40 ticks behind
[16:04:41] [Server thread/WARN]: Mismatch in destroy block pos: class_2338{x=-615, y=48, z=-141} class_2338{x=-615, y=46, z=-141}
[16:04:41] [Server thread/WARN]: Mismatch in destroy block pos: class_2338{x=-615, y=45, z=-141} class_2338{x=-615, y=46, z=-141}
[16:04:48] [Server thread/WARN]: Can't keep up! Is the server overloaded? Running 2001ms or 40 ticks behind
[16:05:06] [Server thread/WARN]: Can't keep up! Is the server overloaded? Running 2008ms or 40 ticks behind
[16:05:25] [Server thread/WARN]: Can't keep up! Is the server overloaded? Running 2007ms or 40 ticks behind
[16:05:42] [Server thread/WARN]: Can't keep up! Is the server overloaded? Running 2001ms or 40 ticks behind
[16:06:04] [Server thread/WARN]: Can't keep up! Is the server overloaded? Running 2002ms or 40 ticks behind
[16:06:26] [Server thread/WARN]: Can't keep up! Is the server overloaded? Running 2003ms or 40 ticks behind
[16:06:41] [Server thread/WARN]: Mismatch in destroy block pos: class_2338{x=-611, y=61, z=-141} class_2338{x=-611, y=60, z=-141}
[16:06:41] [Server thread/WARN]: Mismatch in destroy block pos: class_2338{x=-611, y=61, z=-141} class_2338{x=-611, y=60, z=-141}
[16:06:41] [Server thread/WARN]: Mismatch in destroy block pos: class_2338{x=-611, y=61, z=-141} class_2338{x=-611, y=60, z=-141}
[16:06:42] [Server thread/WARN]: Mismatch in destroy block pos: class_2338{x=-611, y=61, z=-141} class_2338{x=-611, y=60, z=-141}
[16:06:47] [Server thread/WARN]: Can't keep up! Is the server overloaded? Running 2010ms or 40 ticks behind
[16:07:06] [Server thread/WARN]: Can't keep up! Is the server overloaded? Running 2003ms or 40 ticks behind
[16:07:27] [Server thread/WARN]: Can't keep up! Is the server overloaded? Running 2006ms or 40 ticks behind
[16:07:47] [Server thread/WARN]: Can't keep up! Is the server overloaded? Running 2003ms or 40 ticks behind
[16:08:12] [Server thread/WARN]: Can't keep up! Is the server overloaded? Running 2185ms or 43 ticks behind
[16:08:52] [Server thread/WARN]: Can't keep up! Is the server overloaded? Running 2002ms or 40 ticks behind
[16:09:47] [Server thread/WARN]: Can't keep up! Is the server overloaded? Running 2003ms or 40 ticks behind
[16:10:40] [Server thread/WARN]: Can't keep up! Is the server overloaded? Running 2001ms or 40 ticks behind
[16:11:22] [Server thread/WARN]: Can't keep up! Is the server overloaded? Running 2001ms or 40 ticks behind
[16:12:08] [Server thread/WARN]: Can't keep up! Is the server overloaded? Running 2002ms or 40 ticks behind
[16:12:46] [Server thread/WARN]: Can't keep up! Is the server overloaded? Running 2002ms or 40 ticks behind
[16:13:21] [Server thread/WARN]: Can't keep up! Is the server overloaded? Running 2002ms or 40 ticks behind
[16:14:12] [Server thread/WARN]: Can't keep up! Is the server overloaded? Running 2006ms or 40 ticks behind
[16:14:29] [Server thread/WARN]: Can't keep up! Is the server overloaded? Running 2457ms or 49 ticks behind
[16:14:47] [Server thread/WARN]: Can't keep up! Is the server overloaded? Running 2296ms or 45 ticks behind
[16:15:04] [Server thread/WARN]: Can't keep up! Is the server overloaded? Running 2472ms or 49 ticks behind
[16:15:33] [Server thread/WARN]: Can't keep up! Is the server overloaded? Running 2002ms or 40 ticks behind
[16:16:49] [Server thread/WARN]: Can't keep up! Is the server overloaded? Running 2002ms or 40 ticks behind
[16:17:45] [Server thread/WARN]: Can't keep up! Is the server overloaded? Running 2004ms or 40 ticks behind
[16:18:47] [Server thread/WARN]: Can't keep up! Is the server overloaded? Running 2009ms or 40 ticks behind
[16:19:07] [Server thread/WARN]: Can't keep up! Is the server overloaded? Running 2003ms or 40 ticks behind
[16:19:31] [Server thread/WARN]: Can't keep up! Is the server overloaded? Running 2002ms or 40 ticks behind
[16:19:51] [Server thread/WARN]: Can't keep up! Is the server overloaded? Running 2003ms or 40 ticks behind
[16:20:14] [Server thread/WARN]: Can't keep up! Is the server overloaded? Running 2005ms or 40 ticks behind
[16:20:31] [Server thread/WARN]: Can't keep up! Is the server overloaded? Running 2096ms or 41 ticks behind
[16:20:50] [Server thread/WARN]: Can't keep up! Is the server overloaded? Running 2003ms or 40 ticks behind
[16:21:11] [Server thread/WARN]: Can't keep up! Is the server overloaded? Running 2009ms or 40 ticks behind
[16:21:33] [Server thread/WARN]: Can't keep up! Is the server overloaded? Running 2006ms or 40 ticks behind
[16:21:56] [Server thread/WARN]: Can't keep up! Is the server overloaded? Running 2001ms or 40 ticks behind
[16:22:17] [Server thread/WARN]: Can't keep up! Is the server overloaded? Running 2005ms or 40 ticks behind
[16:22:39] [Server thread/WARN]: Can't keep up! Is the server overloaded? Running 2008ms or 40 ticks behind
[16:23:00] [Server thread/WARN]: Can't keep up! Is the server overloaded? Running 2002ms or 40 ticks behind
[16:23:17] [Server thread/WARN]: Can't keep up! Is the server overloaded? Running 2003ms or 40 ticks behind
[16:23:35] [Server thread/WARN]: Can't keep up! Is the server overloaded? Running 2003ms or 40 ticks behind
[16:23:55] [Server thread/WARN]: Can't keep up! Is the server overloaded? Running 2003ms or 40 ticks behind
[16:24:14] [Server thread/WARN]: Can't keep up! Is the server overloaded? Running 2010ms or 40 ticks behind
[16:24:18] [Server thread/WARN]: Mismatch in destroy block pos: class_2338{x=-639, y=14, z=-91} class_2338{x=-637, y=14, z=-88}
[16:24:32] [Server thread/WARN]: Can't keep up! Is the server overloaded? Running 2795ms or 55 ticks behind
[16:24:50] [Server thread/WARN]: Can't keep up! Is the server overloaded? Running 2005ms or 40 ticks behind
[16:25:11] [Server thread/WARN]: Can't keep up! Is the server overloaded? Running 2003ms or 40 ticks behind
[16:25:30] [Server thread/WARN]: Can't keep up! Is the server overloaded? Running 2001ms or 40 ticks behind
[16:25:49] [Server thread/WARN]: Can't keep up! Is the server overloaded? Running 2004ms or 40 ticks behind
[16:26:08] [Server thread/WARN]: Can't keep up! Is the server overloaded? Running 2002ms or 40 ticks behind
[16:26:29] [Server thread/WARN]: Can't keep up! Is the server overloaded? Running 2006ms or 40 ticks behind
[16:26:52] [Server thread/WARN]: Can't keep up! Is the server overloaded? Running 2004ms or 40 ticks behind
[16:27:16] [Server thread/WARN]: Can't keep up! Is the server overloaded? Running 2007ms or 40 ticks behind
[16:27:36] [Server thread/WARN]: Can't keep up! Is the server overloaded? Running 2004ms or 40 ticks behind
[16:27:44] [Server thread/INFO]: <bruce8866> ./player
[16:28:07] [Server thread/INFO]: as[local] logged in with entity id 980082 at (-641.2857188853857, 21.0, -94.21231583180479)
[16:28:07] [Server thread/INFO]: as joined the game
[16:28:07] [Server thread/WARN]: Can't keep up! Is the server overloaded? Running 3373ms or 67 ticks behind
[16:28:28] [Server thread/WARN]: Can't keep up! Is the server overloaded? Running 2019ms or 40 ticks behind
[16:28:29] [Server thread/INFO]: as lost connection: Killed
[16:28:29] [Server thread/INFO]: as left the game
[16:28:33] [Server thread/INFO]: as[local] logged in with entity id 980230 at (-636.3206241651043, 14.0, -88.55316264718202)
[16:28:33] [Server thread/INFO]: as joined the game
[16:28:55] [Server thread/WARN]: Can't keep up! Is the server overloaded? Running 2002ms or 40 ticks behind
[16:29:10] [Server thread/INFO]: as was slain by Darkxelf_030
[16:29:10] [Server thread/INFO]: as lost connection: as died
[16:29:10] [Server thread/INFO]: as left the game
[16:29:24] [Server thread/WARN]: Can't keep up! Is the server overloaded? Running 2002ms or 40 ticks behind
[16:29:34] [Server thread/INFO]: [bruce8866: Can only manipulate existing players]
[16:30:39] [Server thread/INFO]: Alex[local] logged in with entity id 980502 at (-641.6999999880791, 15.0, -80.30000001192093)
[16:30:39] [Server thread/INFO]: Alex joined the game
[16:31:17] [Server thread/WARN]: Can't keep up! Is the server overloaded? Running 2006ms or 40 ticks behind
[16:31:54] [Server thread/WARN]: Can't keep up! Is the server overloaded? Running 2001ms or 40 ticks behind
[16:32:17] [Server thread/WARN]: Can't keep up! Is the server overloaded? Running 2015ms or 40 ticks behind
[16:32:20] [Server thread/INFO]: Alex lost connection: Killed
[16:32:20] [Server thread/INFO]: Alex left the game
[16:32:57] [Server thread/WARN]: Can't keep up! Is the server overloaded? Running 2013ms or 40 ticks behind
[16:33:30] [Server thread/WARN]: Can't keep up! Is the server overloaded? Running 2003ms or 40 ticks behind
[16:34:14] [Server thread/WARN]: Can't keep up! Is the server overloaded? Running 2002ms or 40 ticks behind
[16:34:54] [Server thread/WARN]: Can't keep up! Is the server overloaded? Running 2002ms or 40 ticks behind
[16:35:22] [Server thread/WARN]: Mismatch in destroy block pos: class_2338{x=-608, y=63, z=-145} class_2338{x=-608, y=62, z=-144}
[16:35:22] [Server thread/WARN]: Can't keep up! Is the server overloaded? Running 2004ms or 40 ticks behind
[16:35:53] [Server thread/WARN]: Can't keep up! Is the server overloaded? Running 2002ms or 40 ticks behind
[16:36:29] [Server thread/WARN]: Can't keep up! Is the server overloaded? Running 2002ms or 40 ticks behind
[16:36:42] [Server thread/WARN]: Mismatch in destroy block pos: class_2338{x=-607, y=61, z=-142} class_2338{x=-606, y=61, z=-142}
[16:37:01] [Server thread/WARN]: Can't keep up! Is the server overloaded? Running 2003ms or 40 ticks behind
[16:37:07] [Server thread/WARN]: Mismatch in destroy block pos: class_2338{x=-635, y=14, z=-89} class_2338{x=-644, y=14, z=-88}
[16:37:34] [Server thread/WARN]: Can't keep up! Is the server overloaded? Running 2006ms or 40 ticks behind
[16:38:06] [Server thread/WARN]: Can't keep up! Is the server overloaded? Running 2001ms or 40 ticks behind
[16:38:40] [Server thread/WARN]: Can't keep up! Is the server overloaded? Running 2001ms or 40 ticks behind
[16:39:29] [Server thread/WARN]: Can't keep up! Is the server overloaded? Running 2008ms or 40 ticks behind
[16:40:17] [Server thread/WARN]: Can't keep up! Is the server overloaded? Running 2104ms or 42 ticks behind
[16:40:38] [Server thread/WARN]: Can't keep up! Is the server overloaded? Running 2001ms or 40 ticks behind
[16:41:00] [Server thread/WARN]: Can't keep up! Is the server overloaded? Running 2006ms or 40 ticks behind
[16:41:17] [Server thread/WARN]: Can't keep up! Is the server overloaded? Running 2001ms or 40 ticks behind
[16:41:36] [Server thread/WARN]: Can't keep up! Is the server overloaded? Running 2001ms or 40 ticks behind
[16:41:53] [Server thread/WARN]: Can't keep up! Is the server overloaded? Running 2041ms or 40 ticks behind
[16:42:10] [Server thread/WARN]: Can't keep up! Is the server overloaded? Running 2314ms or 46 ticks behind
[16:42:27] [Server thread/WARN]: Can't keep up! Is the server overloaded? Running 2080ms or 41 ticks behind
[16:42:44] [Server thread/WARN]: Can't keep up! Is the server overloaded? Running 2184ms or 43 ticks behind
[16:43:01] [Server thread/WARN]: Can't keep up! Is the server overloaded? Running 2011ms or 40 ticks behind
[16:43:20] [Server thread/WARN]: Can't keep up! Is the server overloaded? Running 2004ms or 40 ticks behind
[16:43:37] [Server thread/WARN]: Can't keep up! Is the server overloaded? Running 2034ms or 40 ticks behind
[16:43:50] [Server thread/WARN]: Fetching packet for removed entity class_1542['Air'/982911, l='ServerLevel[The World]', x=-589.25, y=84.00, z=-109.47]
[16:43:50] [Server thread/WARN]: Fetching packet for removed entity class_1542['Air'/982911, l='ServerLevel[The World]', x=-589.25, y=84.00, z=-109.47]
[16:43:54] [Server thread/WARN]: Can't keep up! Is the server overloaded? Running 2168ms or 43 ticks behind
[16:44:11] [Server thread/WARN]: Can't keep up! Is the server overloaded? Running 2011ms or 40 ticks behind
[16:44:29] [Server thread/WARN]: Can't keep up! Is the server overloaded? Running 2002ms or 40 ticks behind
[16:44:47] [Server thread/WARN]: Can't keep up! Is the server overloaded? Running 2002ms or 40 ticks behind
[16:45:05] [Server thread/WARN]: Can't keep up! Is the server overloaded? Running 2004ms or 40 ticks behind
[16:45:22] [Server thread/WARN]: Can't keep up! Is the server overloaded? Running 2027ms or 40 ticks behind
[16:45:41] [Server thread/WARN]: Can't keep up! Is the server overloaded? Running 4086ms or 81 ticks behind
[16:46:00] [Server thread/WARN]: Can't keep up! Is the server overloaded? Running 4282ms or 85 ticks behind
[16:46:21] [Server thread/WARN]: Can't keep up! Is the server overloaded? Running 5908ms or 118 ticks behind
[16:46:40] [Server thread/WARN]: Can't keep up! Is the server overloaded? Running 4334ms or 86 ticks behind
[16:46:58] [Server thread/WARN]: Can't keep up! Is the server overloaded? Running 2002ms or 40 ticks behind
[16:47:00] [Server thread/INFO]: Darkxelf_030 lost connection: Timed out
[16:47:00] [Server thread/INFO]: Darkxelf_030 left the game
[16:47:00] [Server thread/INFO]: Darkxelf_030[/25.51.86.185:53529] logged in with entity id 983691 at (-642.2754039304155, 14.5, -88.27134544633599)
[16:47:00] [Server thread/INFO]: Darkxelf_030 joined the game
[16:47:15] [Server thread/WARN]: Can't keep up! Is the server overloaded? Running 2320ms or 46 ticks behind
[16:47:33] [Server thread/WARN]: Can't keep up! Is the server overloaded? Running 2001ms or 40 ticks behind
[16:47:51] [Server thread/WARN]: Can't keep up! Is the server overloaded? Running 2006ms or 40 ticks behind
[16:48:12] [Server thread/WARN]: Can't keep up! Is the server overloaded? Running 2003ms or 40 ticks behind
[16:48:31] [Server thread/WARN]: Can't keep up! Is the server overloaded? Running 2001ms or 40 ticks behind
[16:48:56] [Server thread/WARN]: Can't keep up! Is the server overloaded? Running 2004ms or 40 ticks behind
[16:49:01] [Server thread/INFO]: Darkxelf_030 lost connection: Disconnected
[16:49:01] [Server thread/INFO]: Darkxelf_030 left the game
[16:50:00] [Server thread/INFO]: Darkxelf_030[/25.51.86.185:53566] logged in with entity id 984160 at (-643.6999999880791, 18.554268448943326, -90.5943673785503)
[16:50:00] [Server thread/INFO]: Darkxelf_030 joined the game
[16:50:01] [Server thread/WARN]: Can't keep up! Is the server overloaded? Running 2009ms or 40 ticks behind
[16:50:29] [Server thread/WARN]: Can't keep up! Is the server overloaded? Running 2010ms or 40 ticks behind
[16:50:54] [Server thread/WARN]: Can't keep up! Is the server overloaded? Running 2001ms or 40 ticks behind
[16:51:21] [Server thread/WARN]: Can't keep up! Is the server overloaded? Running 2007ms or 40 ticks behind
[16:51:44] [Server thread/WARN]: Mismatch in destroy block pos: class_2338{x=-641, y=16, z=-91} class_2338{x=-641, y=16, z=-92}
[16:51:44] [Server thread/WARN]: Mismatch in destroy block pos: class_2338{x=-641, y=16, z=-91} class_2338{x=-641, y=16, z=-92}
[16:52:20] [Server thread/WARN]: Can't keep up! Is the server overloaded? Running 2008ms or 40 ticks behind
[16:53:18] [Server thread/WARN]: Can't keep up! Is the server overloaded? Running 2003ms or 40 ticks behind
[16:54:22] [Server thread/WARN]: Can't keep up! Is the server overloaded? Running 2015ms or 40 ticks behind
[16:55:06] [Server thread/WARN]: Can't keep up! Is the server overloaded? Running 2001ms or 40 ticks behind
[16:55:47] [Server thread/WARN]: Can't keep up! Is the server overloaded? Running 2010ms or 40 ticks behind
[16:56:41] [Server thread/WARN]: Can't keep up! Is the server overloaded? Running 2001ms or 40 ticks behind
[16:57:22] [Server thread/WARN]: Can't keep up! Is the server overloaded? Running 2001ms or 40 ticks behind
[16:58:29] [Server thread/WARN]: Can't keep up! Is the server overloaded? Running 2008ms or 40 ticks behind
[16:59:33] [Server thread/WARN]: Can't keep up! Is the server overloaded? Running 2011ms or 40 ticks behind
[17:01:47] [Server thread/WARN]: Can't keep up! Is the server overloaded? Running 2007ms or 40 ticks behind
[17:02:10] [Server thread/WARN]: Can't keep up! Is the server overloaded? Running 2004ms or 40 ticks behind
[17:02:33] [Server thread/WARN]: Can't keep up! Is the server overloaded? Running 2003ms or 40 ticks behind
[17:02:55] [Server thread/WARN]: Can't keep up! Is the server overloaded? Running 2001ms or 40 ticks behind
[17:03:17] [Server thread/WARN]: Can't keep up! Is the server overloaded? Running 2004ms or 40 ticks behind
[17:03:39] [Server thread/WARN]: Can't keep up! Is the server overloaded? Running 2001ms or 40 ticks behind
[17:04:04] [Server thread/WARN]: Can't keep up! Is the server overloaded? Running 2012ms or 40 ticks behind
[17:04:28] [Server thread/WARN]: Can't keep up! Is the server overloaded? Running 2008ms or 40 ticks behind
[17:04:53] [Server thread/WARN]: Can't keep up! Is the server overloaded? Running 2006ms or 40 ticks behind
[17:05:14] [Server thread/WARN]: Can't keep up! Is the server overloaded? Running 2007ms or 40 ticks behind
[17:05:37] [Server thread/WARN]: Can't keep up! Is the server overloaded? Running 2007ms or 40 ticks behind
[17:06:00] [Server thread/WARN]: Can't keep up! Is the server overloaded? Running 2001ms or 40 ticks behind
[17:06:23] [Server thread/WARN]: Can't keep up! Is the server overloaded? Running 2002ms or 40 ticks behind
[17:06:46] [Server thread/WARN]: Can't keep up! Is the server overloaded? Running 2006ms or 40 ticks behind
[17:07:12] [Server thread/WARN]: Can't keep up! Is the server overloaded? Running 2003ms or 40 ticks behind
[17:07:30] [Server thread/WARN]: Can't keep up! Is the server overloaded? Running 2011ms or 40 ticks behind
[17:07:50] [Server thread/WARN]: Can't keep up! Is the server overloaded? Running 2003ms or 40 ticks behind
[17:08:11] [Server thread/WARN]: Can't keep up! Is the server overloaded? Running 2002ms or 40 ticks behind
[17:08:33] [Server thread/WARN]: Can't keep up! Is the server overloaded? Running 2004ms or 40 ticks behind
[17:08:59] [Server thread/WARN]: Can't keep up! Is the server overloaded? Running 2002ms or 40 ticks behind
[17:09:23] [Server thread/WARN]: Can't keep up! Is the server overloaded? Running 2014ms or 40 ticks behind
[17:09:44] [Server thread/WARN]: Can't keep up! Is the server overloaded? Running 2004ms or 40 ticks behind
[17:10:05] [Server thread/WARN]: Can't keep up! Is the server overloaded? Running 2001ms or 40 ticks behind
[17:10:29] [Server thread/WARN]: Can't keep up! Is the server overloaded? Running 2015ms or 40 ticks behind
[17:10:55] [Server thread/WARN]: Can't keep up! Is the server overloaded? Running 2001ms or 40 ticks behind
[17:11:19] [Server thread/WARN]: Can't keep up! Is the server overloaded? Running 2009ms or 40 ticks behind
[17:11:43] [Server thread/WARN]: Can't keep up! Is the server overloaded? Running 2001ms or 40 ticks behind
[17:12:07] [Server thread/WARN]: Can't keep up! Is the server overloaded? Running 2003ms or 40 ticks behind
[17:12:40] [Server thread/WARN]: Can't keep up! Is the server overloaded? Running 2007ms or 40 ticks behind
[17:13:39] [Server thread/WARN]: Mismatch in destroy block pos: class_2338{x=-605, y=56, z=-145} class_2338{x=-605, y=56, z=-146}
[17:13:40] [Server thread/WARN]: Can't keep up! Is the server overloaded? Running 2012ms or 40 ticks behind
[17:14:38] [Server thread/WARN]: Can't keep up! Is the server overloaded? Running 2001ms or 40 ticks behind
[17:17:34] [Server thread/WARN]: Can't keep up! Is the server overloaded? Running 2007ms or 40 ticks behind
[17:17:51] [Server thread/WARN]: Can't keep up! Is the server overloaded? Running 2535ms or 50 ticks behind
[17:18:09] [Server thread/WARN]: Can't keep up! Is the server overloaded? Running 3089ms or 61 ticks behind
[17:18:27] [Server thread/WARN]: Can't keep up! Is the server overloaded? Running 2642ms or 52 ticks behind
[17:18:45] [Server thread/WARN]: Can't keep up! Is the server overloaded? Running 2614ms or 52 ticks behind
[17:19:02] [Server thread/WARN]: Can't keep up! Is the server overloaded? Running 2832ms or 56 ticks behind
[17:19:20] [Server thread/WARN]: Can't keep up! Is the server overloaded? Running 2618ms or 52 ticks behind
[17:20:00] [Server thread/WARN]: Can't keep up! Is the server overloaded? Running 2003ms or 40 ticks behind
[17:21:58] [Server thread/WARN]: Can't keep up! Is the server overloaded? Running 2004ms or 40 ticks behind
[17:23:18] [Server thread/WARN]: Can't keep up! Is the server overloaded? Running 2695ms or 53 ticks behind
[17:23:36] [Server thread/WARN]: Can't keep up! Is the server overloaded? Running 3413ms or 68 ticks behind
[17:23:59] [Server thread/WARN]: Can't keep up! Is the server overloaded? Running 2011ms or 40 ticks behind
[17:24:20] [Server thread/WARN]: Can't keep up! Is the server overloaded? Running 2007ms or 40 ticks behind
[17:24:39] [Server thread/WARN]: Can't keep up! Is the server overloaded? Running 2010ms or 40 ticks behind
[17:24:59] [Server thread/WARN]: Can't keep up! Is the server overloaded? Running 2010ms or 40 ticks behind
[17:25:19] [Server thread/WARN]: Can't keep up! Is the server overloaded? Running 2011ms or 40 ticks behind
[17:25:38] [Server thread/WARN]: Can't keep up! Is the server overloaded? Running 2001ms or 40 ticks behind
[17:25:58] [Server thread/WARN]: Can't keep up! Is the server overloaded? Running 2005ms or 40 ticks behind
[17:26:19] [Server thread/WARN]: Can't keep up! Is the server overloaded? Running 2004ms or 40 ticks behind
[17:26:39] [Server thread/WARN]: Can't keep up! Is the server overloaded? Running 2004ms or 40 ticks behind
[17:27:01] [Server thread/WARN]: Can't keep up! Is the server overloaded? Running 2002ms or 40 ticks behind
[17:27:26] [Server thread/WARN]: Can't keep up! Is the server overloaded? Running 2006ms or 40 ticks behind
[17:27:48] [Server thread/WARN]: Can't keep up! Is the server overloaded? Running 2007ms or 40 ticks behind
[17:28:08] [Server thread/WARN]: Can't keep up! Is the server overloaded? Running 2006ms or 40 ticks behind
[17:28:27] [Server thread/WARN]: Can't keep up! Is the server overloaded? Running 2003ms or 40 ticks behind
[17:28:45] [Server thread/WARN]: Can't keep up! Is the server overloaded? Running 2001ms or 40 ticks behind
[17:29:02] [Server thread/WARN]: Can't keep up! Is the server overloaded? Running 2264ms or 45 ticks behind
[17:29:22] [Server thread/WARN]: Can't keep up! Is the server overloaded? Running 2001ms or 40 ticks behind
[17:29:43] [Server thread/WARN]: Can't keep up! Is the server overloaded? Running 2005ms or 40 ticks behind
[17:30:01] [Server thread/WARN]: Can't keep up! Is the server overloaded? Running 2006ms or 40 ticks behind
[17:30:18] [Server thread/WARN]: Can't keep up! Is the server overloaded? Running 2008ms or 40 ticks behind
[17:30:38] [Server thread/WARN]: Can't keep up! Is the server overloaded? Running 2002ms or 40 ticks behind
[17:30:59] [Server thread/WARN]: Can't keep up! Is the server overloaded? Running 2003ms or 40 ticks behind
[17:31:20] [Server thread/WARN]: Can't keep up! Is the server overloaded? Running 2008ms or 40 ticks behind
[17:31:39] [Server thread/WARN]: Can't keep up! Is the server overloaded? Running 2006ms or 40 ticks behind
[17:31:58] [Server thread/WARN]: Can't keep up! Is the server overloaded? Running 2001ms or 40 ticks behind
[17:32:17] [Server thread/WARN]: Can't keep up! Is the server overloaded? Running 2003ms or 40 ticks behind
[17:32:37] [Server thread/WARN]: Can't keep up! Is the server overloaded? Running 2003ms or 40 ticks behind
[17:32:56] [Server thread/WARN]: Can't keep up! Is the server overloaded? Running 2001ms or 40 ticks behind
[17:33:21] [Server thread/WARN]: Can't keep up! Is the server overloaded? Running 2003ms or 40 ticks behind
[17:33:49] [Server thread/WARN]: Can't keep up! Is the server overloaded? Running 2002ms or 40 ticks behind
[17:34:44] [Server thread/WARN]: Can't keep up! Is the server overloaded? Running 2003ms or 40 ticks behind
[17:35:36] [Server thread/WARN]: Can't keep up! Is the server overloaded? Running 2001ms or 40 ticks behind
[17:37:12] [Server thread/WARN]: Can't keep up! Is the server overloaded? Running 2001ms or 40 ticks behind
[17:38:35] [Server thread/WARN]: Mismatch in destroy block pos: class_2338{x=-611, y=52, z=-144} class_2338{x=-609, y=51, z=-143}
[17:39:14] [Server thread/WARN]: Can't keep up! Is the server overloaded? Running 2004ms or 40 ticks behind
[17:44:32] [Server thread/WARN]: Can't keep up! Is the server overloaded? Running 2474ms or 49 ticks behind
[17:44:56] [Server thread/WARN]: Can't keep up! Is the server overloaded? Running 2009ms or 40 ticks behind
[17:45:20] [Server thread/WARN]: Can't keep up! Is the server overloaded? Running 2001ms or 40 ticks behind
[17:45:46] [Server thread/WARN]: Can't keep up! Is the server overloaded? Running 2001ms or 40 ticks behind
[17:46:11] [Server thread/WARN]: Can't keep up! Is the server overloaded? Running 2006ms or 40 ticks behind
[17:46:33] [Server thread/WARN]: Can't keep up! Is the server overloaded? Running 2001ms or 40 ticks behind
[17:46:56] [Server thread/WARN]: Can't keep up! Is the server overloaded? Running 2002ms or 40 ticks behind
[17:47:18] [Server thread/WARN]: Can't keep up! Is the server overloaded? Running 2004ms or 40 ticks behind
[17:47:40] [Server thread/WARN]: Can't keep up! Is the server overloaded? Running 2005ms or 40 ticks behind
[17:48:00] [Server thread/WARN]: Can't keep up! Is the server overloaded? Running 2002ms or 40 ticks behind
[17:48:22] [Server thread/WARN]: Can't keep up! Is the server overloaded? Running 2007ms or 40 ticks behind
[17:48:43] [Server thread/WARN]: Can't keep up! Is the server overloaded? Running 2004ms or 40 ticks behind
[17:49:07] [Server thread/WARN]: Can't keep up! Is the server overloaded? Running 2001ms or 40 ticks behind
[17:49:29] [Server thread/WARN]: Can't keep up! Is the server overloaded? Running 2003ms or 40 ticks behind
[17:49:49] [Server thread/WARN]: Can't keep up! Is the server overloaded? Running 2003ms or 40 ticks behind
[17:50:06] [Server thread/WARN]: Can't keep up! Is the server overloaded? Running 2272ms or 45 ticks behind
[17:50:25] [Server thread/WARN]: Can't keep up! Is the server overloaded? Running 2005ms or 40 ticks behind
[17:50:43] [Server thread/WARN]: Can't keep up! Is the server overloaded? Running 2008ms or 40 ticks behind
[17:51:01] [Server thread/WARN]: Can't keep up! Is the server overloaded? Running 2005ms or 40 ticks behind
[17:51:18] [Server thread/WARN]: Can't keep up! Is the server overloaded? Running 2182ms or 43 ticks behind
[17:51:35] [Server thread/WARN]: Can't keep up! Is the server overloaded? Running 2003ms or 40 ticks behind
[17:51:52] [Server thread/WARN]: Can't keep up! Is the server overloaded? Running 2003ms or 40 ticks behind
[17:52:10] [Server thread/WARN]: Can't keep up! Is the server overloaded? Running 2243ms or 44 ticks behind
[17:52:28] [Server thread/WARN]: Can't keep up! Is the server overloaded? Running 2004ms or 40 ticks behind
[17:52:45] [Server thread/WARN]: Can't keep up! Is the server overloaded? Running 2006ms or 40 ticks behind
[17:53:03] [Server thread/WARN]: Can't keep up! Is the server overloaded? Running 2014ms or 40 ticks behind
[17:53:22] [Server thread/WARN]: Can't keep up! Is the server overloaded? Running 2005ms or 40 ticks behind
[17:53:39] [Server thread/WARN]: Can't keep up! Is the server overloaded? Running 2169ms or 43 ticks behind
[17:53:56] [Server thread/WARN]: Can't keep up! Is the server overloaded? Running 2053ms or 41 ticks behind
[17:54:13] [Server thread/WARN]: Can't keep up! Is the server overloaded? Running 2040ms or 40 ticks behind
[17:54:31] [Server thread/WARN]: Can't keep up! Is the server overloaded? Running 2001ms or 40 ticks behind
[17:54:49] [Server thread/WARN]: Can't keep up! Is the server overloaded? Running 2001ms or 40 ticks behind
[17:55:07] [Server thread/WARN]: Can't keep up! Is the server overloaded? Running 2006ms or 40 ticks behind
[17:55:28] [Server thread/WARN]: Can't keep up! Is the server overloaded? Running 2002ms or 40 ticks behind
[17:55:53] [Server thread/WARN]: Can't keep up! Is the server overloaded? Running 2018ms or 40 ticks behind
[17:56:20] [Server thread/WARN]: Can't keep up! Is the server overloaded? Running 2001ms or 40 ticks behind
[17:56:53] [Server thread/WARN]: Can't keep up! Is the server overloaded? Running 2003ms or 40 ticks behind
[17:57:34] [Server thread/WARN]: Can't keep up! Is the server overloaded? Running 2001ms or 40 ticks behind
[17:58:06] [Server thread/WARN]: Can't keep up! Is the server overloaded? Running 2005ms or 40 ticks behind
[17:58:37] [Server thread/WARN]: Can't keep up! Is the server overloaded? Running 2002ms or 40 ticks behind
[17:59:09] [Server thread/WARN]: Can't keep up! Is the server overloaded? Running 2015ms or 40 ticks behind
[17:59:44] [Server thread/WARN]: Can't keep up! Is the server overloaded? Running 2003ms or 40 ticks behind
[17:59:44] [Server thread/INFO]: bruce8866 lost connection: Disconnected
[17:59:44] [Server thread/INFO]: bruce8866 left the game
[18:02:07] [Server thread/WARN]: Can't keep up! Is the server overloaded? Running 2003ms or 40 ticks behind
[18:04:27] [Server thread/WARN]: Can't keep up! Is the server overloaded? Running 2001ms or 40 ticks behind
[18:06:04] [Server thread/WARN]: Can't keep up! Is the server overloaded? Running 2011ms or 40 ticks behind
[18:06:34] [Server thread/WARN]: Can't keep up! Is the server overloaded? Running 2003ms or 40 ticks behind
[18:06:58] [Server thread/WARN]: Can't keep up! Is the server overloaded? Running 2003ms or 40 ticks behind
[18:07:21] [Server thread/WARN]: Can't keep up! Is the server overloaded? Running 2018ms or 40 ticks behind
[18:07:47] [Server thread/WARN]: Can't keep up! Is the server overloaded? Running 2005ms or 40 ticks behind
[18:08:12] [Server thread/WARN]: Can't keep up! Is the server overloaded? Running 2004ms or 40 ticks behind
[18:08:51] [Server thread/WARN]: Can't keep up! Is the server overloaded? Running 2005ms or 40 ticks behind
[18:09:30] [Server thread/WARN]: Can't keep up! Is the server overloaded? Running 2005ms or 40 ticks behind
[18:10:16] [Server thread/WARN]: Can't keep up! Is the server overloaded? Running 2002ms or 40 ticks behind
[18:11:08] [Server thread/WARN]: Can't keep up! Is the server overloaded? Running 2002ms or 40 ticks behind
[18:11:57] [Server thread/WARN]: Can't keep up! Is the server overloaded? Running 2001ms or 40 ticks behind
[18:12:38] [Server thread/WARN]: Can't keep up! Is the server overloaded? Running 2004ms or 40 ticks behind
[18:13:24] [Server thread/INFO]: bruce8866[/59.115.59.35:5084] logged in with entity id 997368 at (-611.0091563974916, 50.0, -142.30000001192093)
[18:13:24] [Server thread/INFO]: bruce8866 joined the game
[18:13:25] [Server thread/WARN]: Can't keep up! Is the server overloaded? Running 2116ms or 42 ticks behind
[18:13:29] [Netty Server IO #3/WARN]: Player bruce8866 joined with another carpet version: 1.4.8+v200811
[18:13:44] [Server thread/WARN]: Can't keep up! Is the server overloaded? Running 2002ms or 40 ticks behind
[18:14:05] [Server thread/WARN]: Can't keep up! Is the server overloaded? Running 2001ms or 40 ticks behind
[18:14:28] [Server thread/WARN]: Can't keep up! Is the server overloaded? Running 2004ms or 40 ticks behind
[18:14:49] [Server thread/WARN]: Can't keep up! Is the server overloaded? Running 2004ms or 40 ticks behind
[18:15:11] [Server thread/WARN]: Can't keep up! Is the server overloaded? Running 2001ms or 40 ticks behind
[18:15:33] [Server thread/WARN]: Can't keep up! Is the server overloaded? Running 2001ms or 40 ticks behind
[18:15:55] [Server thread/WARN]: Can't keep up! Is the server overloaded? Running 2002ms or 40 ticks behind
[18:16:16] [Server thread/WARN]: Can't keep up! Is the server overloaded? Running 2001ms or 40 ticks behind
[18:17:32] [Server thread/WARN]: Can't keep up! Is the server overloaded? Running 2008ms or 40 ticks behind
[18:19:02] [Server thread/WARN]: Can't keep up! Is the server overloaded? Running 2030ms or 40 ticks behind
[18:20:35] [Server thread/WARN]: Can't keep up! Is the server overloaded? Running 2004ms or 40 ticks behind
[18:21:37] [Server thread/INFO]: scrx1316[/25.57.24.164:9505] logged in with entity id 998688 at (-629.1211235933923, 78.5, -105.75569337282175)
[18:21:37] [Server thread/INFO]: scrx1316 joined the game
[18:21:37] [Server thread/WARN]: Can't keep up! Is the server overloaded? Running 2154ms or 43 ticks behind
[18:21:55] [Server thread/WARN]: Can't keep up! Is the server overloaded? Running 2826ms or 56 ticks behind
[18:22:12] [Server thread/WARN]: Can't keep up! Is the server overloaded? Running 2269ms or 45 ticks behind
[18:22:30] [Server thread/WARN]: Can't keep up! Is the server overloaded? Running 2282ms or 45 ticks behind
[18:22:47] [Server thread/WARN]: Can't keep up! Is the server overloaded? Running 2459ms or 49 ticks behind
[18:23:05] [Server thread/WARN]: Can't keep up! Is the server overloaded? Running 2581ms or 51 ticks behind
[18:23:22] [Server thread/WARN]: Can't keep up! Is the server overloaded? Running 2587ms or 51 ticks behind
[18:23:40] [Server thread/WARN]: Can't keep up! Is the server overloaded? Running 2531ms or 50 ticks behind
[18:23:57] [Server thread/WARN]: Can't keep up! Is the server overloaded? Running 2555ms or 51 ticks behind
[18:24:15] [Server thread/WARN]: Can't keep up! Is the server overloaded? Running 2575ms or 51 ticks behind
[18:24:32] [Server thread/WARN]: Can't keep up! Is the server overloaded? Running 2823ms or 56 ticks behind
[18:24:50] [Server thread/WARN]: Can't keep up! Is the server overloaded? Running 2354ms or 47 ticks behind
[18:25:07] [Server thread/WARN]: Can't keep up! Is the server overloaded? Running 2623ms or 52 ticks behind
[18:25:25] [Server thread/WARN]: Can't keep up! Is the server overloaded? Running 2707ms or 54 ticks behind
[18:25:43] [Server thread/WARN]: Can't keep up! Is the server overloaded? Running 2504ms or 50 ticks behind
[18:26:00] [Server thread/WARN]: Can't keep up! Is the server overloaded? Running 2362ms or 47 ticks behind
[18:26:17] [Server thread/WARN]: Can't keep up! Is the server overloaded? Running 2530ms or 50 ticks behind
[18:26:35] [Server thread/WARN]: Can't keep up! Is the server overloaded? Running 2632ms or 52 ticks behind
[18:26:53] [Server thread/WARN]: Can't keep up! Is the server overloaded? Running 3126ms or 62 ticks behind
[18:27:11] [Server thread/WARN]: Can't keep up! Is the server overloaded? Running 2395ms or 47 ticks behind
[18:27:28] [Server thread/WARN]: Can't keep up! Is the server overloaded? Running 2513ms or 50 ticks behind
[18:27:47] [Server thread/WARN]: Can't keep up! Is the server overloaded? Running 3831ms or 76 ticks behind
[18:28:05] [Server thread/WARN]: Can't keep up! Is the server overloaded? Running 3696ms or 73 ticks behind
[18:28:24] [Server thread/WARN]: Can't keep up! Is the server overloaded? Running 3907ms or 78 ticks behind
[18:28:43] [Server thread/WARN]: Can't keep up! Is the server overloaded? Running 3899ms or 77 ticks behind
[18:29:02] [Server thread/WARN]: Can't keep up! Is the server overloaded? Running 4013ms or 80 ticks behind
[18:29:21] [Server thread/WARN]: Can't keep up! Is the server overloaded? Running 3614ms or 72 ticks behind
[18:29:40] [Server thread/WARN]: Can't keep up! Is the server overloaded? Running 4032ms or 80 ticks behind
[18:29:59] [Server thread/WARN]: Can't keep up! Is the server overloaded? Running 4174ms or 83 ticks behind
[18:30:18] [Server thread/WARN]: Can't keep up! Is the server overloaded? Running 3838ms or 76 ticks behind
[18:30:37] [Server thread/WARN]: Can't keep up! Is the server overloaded? Running 4021ms or 80 ticks behind
[18:30:56] [Server thread/WARN]: Can't keep up! Is the server overloaded? Running 4114ms or 82 ticks behind
[18:31:15] [Server thread/WARN]: Can't keep up! Is the server overloaded? Running 4196ms or 83 ticks behind
[18:31:34] [Server thread/WARN]: Can't keep up! Is the server overloaded? Running 4028ms or 80 ticks behind
[18:31:53] [Server thread/WARN]: Can't keep up! Is the server overloaded? Running 4382ms or 87 ticks behind
[18:32:12] [Server thread/WARN]: Can't keep up! Is the server overloaded? Running 4013ms or 80 ticks behind
[18:32:32] [Server thread/WARN]: Can't keep up! Is the server overloaded? Running 4287ms or 85 ticks behind
[18:32:45] [Server thread/INFO]: Villager class_1646['Villager'/962334, l='ServerLevel[The World]', x=-638.34, y=66.56, z=-87.35] died, message: 'Villager was slain by scrx1316'
[18:32:51] [Server thread/WARN]: Can't keep up! Is the server overloaded? Running 4420ms or 88 ticks behind
[18:33:11] [Server thread/WARN]: Can't keep up! Is the server overloaded? Running 4649ms or 92 ticks behind
[18:33:30] [Server thread/WARN]: Can't keep up! Is the server overloaded? Running 4359ms or 87 ticks behind
[18:33:49] [Server thread/WARN]: Can't keep up! Is the server overloaded? Running 4362ms or 87 ticks behind
[18:34:09] [Server thread/WARN]: Can't keep up! Is the server overloaded? Running 4841ms or 96 ticks behind
[18:34:28] [Server thread/WARN]: Can't keep up! Is the server overloaded? Running 4436ms or 88 ticks behind
[18:34:48] [Server thread/WARN]: Can't keep up! Is the server overloaded? Running 4383ms or 87 ticks behind
[18:35:07] [Server thread/WARN]: Can't keep up! Is the server overloaded? Running 4491ms or 89 ticks behind
[18:35:27] [Server thread/WARN]: Can't keep up! Is the server overloaded? Running 4591ms or 91 ticks behind
[18:35:46] [Server thread/WARN]: Can't keep up! Is the server overloaded? Running 4483ms or 89 ticks behind
[18:36:06] [Server thread/WARN]: Can't keep up! Is the server overloaded? Running 4514ms or 90 ticks behind
[18:36:25] [Server thread/WARN]: Can't keep up! Is the server overloaded? Running 4533ms or 90 ticks behind
[18:36:44] [Server thread/WARN]: Can't keep up! Is the server overloaded? Running 4215ms or 84 ticks behind
[18:37:03] [Server thread/WARN]: Can't keep up! Is the server overloaded? Running 4012ms or 80 ticks behind
[18:37:22] [Server thread/WARN]: Can't keep up! Is the server overloaded? Running 4005ms or 80 ticks behind
[18:37:41] [Server thread/WARN]: Can't keep up! Is the server overloaded? Running 4031ms or 80 ticks behind
[18:38:01] [Server thread/WARN]: Can't keep up! Is the server overloaded? Running 4098ms or 81 ticks behind
[18:38:19] [Server thread/WARN]: Can't keep up! Is the server overloaded? Running 3870ms or 77 ticks behind
[18:38:38] [Server thread/WARN]: Can't keep up! Is the server overloaded? Running 3870ms or 77 ticks behind
[18:38:57] [Server thread/WARN]: Can't keep up! Is the server overloaded? Running 4213ms or 84 ticks behind
[18:39:16] [Server thread/WARN]: Can't keep up! Is the server overloaded? Running 3698ms or 73 ticks behind
[18:39:35] [Server thread/WARN]: Can't keep up! Is the server overloaded? Running 3761ms or 75 ticks behind
[18:39:54] [Server thread/WARN]: Can't keep up! Is the server overloaded? Running 4053ms or 81 ticks behind
[18:40:13] [Server thread/WARN]: Can't keep up! Is the server overloaded? Running 4067ms or 81 ticks behind
[18:40:31] [Server thread/WARN]: Can't keep up! Is the server overloaded? Running 2812ms or 56 ticks behind
[18:40:48] [Server thread/WARN]: Can't keep up! Is the server overloaded? Running 2782ms or 55 ticks behind
[18:41:06] [Server thread/WARN]: Can't keep up! Is the server overloaded? Running 3030ms or 60 ticks behind
[18:41:24] [Server thread/WARN]: Can't keep up! Is the server overloaded? Running 2797ms or 55 ticks behind
[18:41:42] [Server thread/WARN]: Can't keep up! Is the server overloaded? Running 2425ms or 48 ticks behind
[18:41:59] [Server thread/WARN]: Can't keep up! Is the server overloaded? Running 2634ms or 52 ticks behind
[18:42:17] [Server thread/WARN]: Can't keep up! Is the server overloaded? Running 2659ms or 53 ticks behind
[18:42:35] [Server thread/WARN]: Can't keep up! Is the server overloaded? Running 2914ms or 58 ticks behind
[18:42:53] [Server thread/WARN]: Can't keep up! Is the server overloaded? Running 2795ms or 55 ticks behind
[18:43:10] [Server thread/WARN]: Can't keep up! Is the server overloaded? Running 2539ms or 50 ticks behind
[18:43:28] [Server thread/WARN]: Can't keep up! Is the server overloaded? Running 2898ms or 57 ticks behind
[18:43:46] [Server thread/WARN]: Can't keep up! Is the server overloaded? Running 2837ms or 56 ticks behind
[18:44:04] [Server thread/WARN]: Can't keep up! Is the server overloaded? Running 3480ms or 69 ticks behind
[18:44:22] [Server thread/WARN]: Can't keep up! Is the server overloaded? Running 3385ms or 67 ticks behind
[18:44:41] [Server thread/WARN]: Can't keep up! Is the server overloaded? Running 3362ms or 67 ticks behind
[18:44:59] [Server thread/WARN]: Can't keep up! Is the server overloaded? Running 3160ms or 63 ticks behind
[18:45:17] [Server thread/WARN]: Can't keep up! Is the server overloaded? Running 2864ms or 57 ticks behind
[18:45:34] [Server thread/WARN]: Can't keep up! Is the server overloaded? Running 2612ms or 52 ticks behind
[18:45:52] [Server thread/WARN]: Can't keep up! Is the server overloaded? Running 2539ms or 50 ticks behind
[18:46:09] [Server thread/WARN]: Can't keep up! Is the server overloaded? Running 2571ms or 51 ticks behind
[18:46:28] [Server thread/WARN]: Can't keep up! Is the server overloaded? Running 3172ms or 63 ticks behind
[18:46:46] [Server thread/WARN]: Can't keep up! Is the server overloaded? Running 3190ms or 63 ticks behind
[18:47:04] [Server thread/WARN]: Can't keep up! Is the server overloaded? Running 3297ms or 65 ticks behind
[18:47:22] [Server thread/WARN]: Can't keep up! Is the server overloaded? Running 2849ms or 56 ticks behind
[18:47:40] [Server thread/WARN]: Can't keep up! Is the server overloaded? Running 2860ms or 57 ticks behind
[18:47:57] [Server thread/WARN]: Can't keep up! Is the server overloaded? Running 2788ms or 55 ticks behind
[18:48:15] [Server thread/WARN]: Can't keep up! Is the server overloaded? Running 3010ms or 60 ticks behind
[18:48:33] [Server thread/WARN]: Can't keep up! Is the server overloaded? Running 2931ms or 58 ticks behind
[18:48:51] [Server thread/WARN]: Can't keep up! Is the server overloaded? Running 3103ms or 62 ticks behind
[18:49:09] [Server thread/WARN]: Can't keep up! Is the server overloaded? Running 2785ms or 55 ticks behind
[18:49:27] [Server thread/WARN]: Can't keep up! Is the server overloaded? Running 2785ms or 55 ticks behind
[18:49:45] [Server thread/WARN]: Can't keep up! Is the server overloaded? Running 2656ms or 53 ticks behind
[18:50:02] [Server thread/WARN]: Can't keep up! Is the server overloaded? Running 2719ms or 54 ticks behind
[18:50:20] [Server thread/WARN]: Can't keep up! Is the server overloaded? Running 2858ms or 57 ticks behind
[18:50:38] [Server thread/WARN]: Can't keep up! Is the server overloaded? Running 2993ms or 59 ticks behind
[18:50:56] [Server thread/WARN]: Can't keep up! Is the server overloaded? Running 3149ms or 62 ticks behind
[18:51:14] [Server thread/WARN]: Can't keep up! Is the server overloaded? Running 2995ms or 59 ticks behind
[18:51:32] [Server thread/WARN]: Can't keep up! Is the server overloaded? Running 3122ms or 62 ticks behind
[18:51:50] [Server thread/WARN]: Can't keep up! Is the server overloaded? Running 2747ms or 54 ticks behind
[18:52:08] [Server thread/WARN]: Can't keep up! Is the server overloaded? Running 2982ms or 59 ticks behind
[18:52:27] [Server thread/WARN]: Can't keep up! Is the server overloaded? Running 4005ms or 80 ticks behind
[18:52:46] [Server thread/WARN]: Can't keep up! Is the server overloaded? Running 4179ms or 83 ticks behind
[18:53:05] [Server thread/WARN]: Can't keep up! Is the server overloaded? Running 4063ms or 81 ticks behind
[18:53:24] [Server thread/WARN]: Can't keep up! Is the server overloaded? Running 4301ms or 86 ticks behind
[18:53:44] [Server thread/WARN]: Can't keep up! Is the server overloaded? Running 4259ms or 85 ticks behind
[18:54:03] [Server thread/WARN]: Can't keep up! Is the server overloaded? Running 4138ms or 82 ticks behind
[18:54:22] [Server thread/WARN]: Can't keep up! Is the server overloaded? Running 4141ms or 82 ticks behind
[18:54:41] [Server thread/WARN]: Can't keep up! Is the server overloaded? Running 4147ms or 82 ticks behind
[18:54:41] [Server thread/INFO]: scrx1316 lost connection: Disconnected
[18:54:41] [Server thread/INFO]: scrx1316 left the game
[18:54:59] [Server thread/WARN]: Can't keep up! Is the server overloaded? Running 2002ms or 40 ticks behind
[18:55:20] [Server thread/WARN]: Can't keep up! Is the server overloaded? Running 2004ms or 40 ticks behind
[18:55:39] [Server thread/WARN]: Can't keep up! Is the server overloaded? Running 2002ms or 40 ticks behind
[18:55:59] [Server thread/WARN]: Can't keep up! Is the server overloaded? Running 2005ms or 40 ticks behind
[18:56:18] [Server thread/WARN]: Can't keep up! Is the server overloaded? Running 2024ms or 40 ticks behind
[18:56:38] [Server thread/WARN]: Can't keep up! Is the server overloaded? Running 2006ms or 40 ticks behind
[18:56:42] [Server thread/INFO]: scrx1316[/25.57.24.164:9663] logged in with entity id 1004254 at (-652.0492592366714, 53.0, -105.6993526193533)
[18:56:42] [Server thread/INFO]: scrx1316 joined the game
[18:56:57] [Server thread/WARN]: Can't keep up! Is the server overloaded? Running 3742ms or 74 ticks behind
[18:57:17] [Server thread/WARN]: Can't keep up! Is the server overloaded? Running 4666ms or 93 ticks behind
[18:57:36] [Server thread/WARN]: Can't keep up! Is the server overloaded? Running 4604ms or 92 ticks behind
[18:57:56] [Server thread/WARN]: Can't keep up! Is the server overloaded? Running 4492ms or 89 ticks behind
[18:58:15] [Server thread/WARN]: Can't keep up! Is the server overloaded? Running 4490ms or 89 ticks behind
[18:58:35] [Server thread/WARN]: Can't keep up! Is the server overloaded? Running 4554ms or 91 ticks behind
[18:58:54] [Server thread/WARN]: Can't keep up! Is the server overloaded? Running 4262ms or 85 ticks behind
[18:59:13] [Server thread/WARN]: Can't keep up! Is the server overloaded? Running 4368ms or 87 ticks behind
[18:59:33] [Server thread/WARN]: Can't keep up! Is the server overloaded? Running 4294ms or 85 ticks behind
[18:59:52] [Server thread/WARN]: Can't keep up! Is the server overloaded? Running 4377ms or 87 ticks behind
[19:00:11] [Server thread/WARN]: Can't keep up! Is the server overloaded? Running 4373ms or 87 ticks behind
[19:00:31] [Server thread/WARN]: Can't keep up! Is the server overloaded? Running 4129ms or 82 ticks behind
[19:00:50] [Server thread/WARN]: Can't keep up! Is the server overloaded? Running 4268ms or 85 ticks behind
[19:01:09] [Server thread/WARN]: Can't keep up! Is the server overloaded? Running 4485ms or 89 ticks behind
[19:01:29] [Server thread/WARN]: Can't keep up! Is the server overloaded? Running 4768ms or 95 ticks behind
[19:01:49] [Server thread/WARN]: Can't keep up! Is the server overloaded? Running 4972ms or 99 ticks behind
[19:02:10] [Server thread/WARN]: Can't keep up! Is the server overloaded? Running 5875ms or 117 ticks behind
[19:02:31] [Server thread/WARN]: Can't keep up! Is the server overloaded? Running 5783ms or 115 ticks behind
[19:02:52] [Server thread/WARN]: Can't keep up! Is the server overloaded? Running 6050ms or 121 ticks behind
[19:03:12] [Server thread/WARN]: Can't keep up! Is the server overloaded? Running 5844ms or 116 ticks behind
[19:03:33] [Server thread/WARN]: Can't keep up! Is the server overloaded? Running 5700ms or 114 ticks behind
[19:03:54] [Server thread/WARN]: Can't keep up! Is the server overloaded? Running 5929ms or 118 ticks behind
[19:04:15] [Server thread/WARN]: Can't keep up! Is the server overloaded? Running 5895ms or 117 ticks behind
[19:04:36] [Server thread/WARN]: Can't keep up! Is the server overloaded? Running 5766ms or 115 ticks behind
[19:04:56] [Server thread/WARN]: Can't keep up! Is the server overloaded? Running 5565ms or 111 ticks behind
[19:05:17] [Server thread/WARN]: Can't keep up! Is the server overloaded? Running 5953ms or 119 ticks behind
[19:05:37] [Server thread/WARN]: Can't keep up! Is the server overloaded? Running 5181ms or 103 ticks behind
[19:05:57] [Server thread/WARN]: Can't keep up! Is the server overloaded? Running 4893ms or 97 ticks behind
[19:06:17] [Server thread/WARN]: Can't keep up! Is the server overloaded? Running 4878ms or 97 ticks behind
[19:06:37] [Server thread/WARN]: Can't keep up! Is the server overloaded? Running 4832ms or 96 ticks behind
[19:06:57] [Server thread/WARN]: Can't keep up! Is the server overloaded? Running 4977ms or 99 ticks behind
[19:07:17] [Server thread/WARN]: Can't keep up! Is the server overloaded? Running 5001ms or 100 ticks behind
[19:07:37] [Server thread/WARN]: Can't keep up! Is the server overloaded? Running 4985ms or 99 ticks behind
[19:07:57] [Server thread/WARN]: Can't keep up! Is the server overloaded? Running 4999ms or 99 ticks behind
[19:08:16] [Server thread/WARN]: Can't keep up! Is the server overloaded? Running 4852ms or 97 ticks behind
[19:08:36] [Server thread/WARN]: Can't keep up! Is the server overloaded? Running 4688ms or 93 ticks behind
[19:08:56] [Server thread/WARN]: Can't keep up! Is the server overloaded? Running 4944ms or 98 ticks behind
[19:09:16] [Server thread/WARN]: Can't keep up! Is the server overloaded? Running 5448ms or 108 ticks behind
[19:09:21] [Server thread/INFO]: Villager class_1646['Farmer'/372, l='ServerLevel[The World]', x=-262.46, y=70.00, z=-249.78] died, message: 'Farmer was slain by scrx1316 using [U]'
[19:09:37] [Server thread/WARN]: Can't keep up! Is the server overloaded? Running 5415ms or 108 ticks behind
[19:09:57] [Server thread/WARN]: Can't keep up! Is the server overloaded? Running 5163ms or 103 ticks behind
[19:10:17] [Server thread/WARN]: Can't keep up! Is the server overloaded? Running 5461ms or 109 ticks behind
[19:10:38] [Server thread/WARN]: Can't keep up! Is the server overloaded? Running 5389ms or 107 ticks behind
[19:10:58] [Server thread/WARN]: Can't keep up! Is the server overloaded? Running 5049ms or 100 ticks behind
[19:11:00] [Server thread/INFO]: Villager class_1646['Villager'/430, l='ServerLevel[The World]', x=-301.70, y=71.00, z=-229.30] died, message: 'Villager was squished too much'
[19:11:17] [Server thread/WARN]: Can't keep up! Is the server overloaded? Running 3960ms or 79 ticks behind
[19:11:36] [Server thread/WARN]: Can't keep up! Is the server overloaded? Running 4358ms or 87 ticks behind
[19:11:56] [Server thread/WARN]: Can't keep up! Is the server overloaded? Running 4819ms or 96 ticks behind
[19:12:15] [Server thread/WARN]: Can't keep up! Is the server overloaded? Running 4538ms or 90 ticks behind
[19:12:35] [Server thread/WARN]: Can't keep up! Is the server overloaded? Running 4730ms or 94 ticks behind
[19:12:55] [Server thread/WARN]: Can't keep up! Is the server overloaded? Running 4707ms or 94 ticks behind
[19:13:15] [Server thread/WARN]: Can't keep up! Is the server overloaded? Running 4788ms or 95 ticks behind
[19:13:34] [Server thread/WARN]: Can't keep up! Is the server overloaded? Running 4812ms or 96 ticks behind
[19:13:54] [Server thread/WARN]: Can't keep up! Is the server overloaded? Running 4966ms or 99 ticks behind
[19:14:14] [Server thread/WARN]: Can't keep up! Is the server overloaded? Running 4984ms or 99 ticks behind
[19:14:34] [Server thread/WARN]: Can't keep up! Is the server overloaded? Running 4738ms or 94 ticks behind
[19:14:53] [Server thread/WARN]: Can't keep up! Is the server overloaded? Running 4551ms or 91 ticks behind
[19:15:13] [Server thread/WARN]: Can't keep up! Is the server overloaded? Running 4884ms or 97 ticks behind
[19:15:33] [Server thread/WARN]: Can't keep up! Is the server overloaded? Running 5011ms or 100 ticks behind
[19:15:54] [Server thread/WARN]: Can't keep up! Is the server overloaded? Running 5539ms or 110 ticks behind
[19:16:14] [Server thread/WARN]: Can't keep up! Is the server overloaded? Running 5715ms or 114 ticks behind
[19:16:35] [Server thread/WARN]: Can't keep up! Is the server overloaded? Running 5731ms or 114 ticks behind
[19:16:56] [Server thread/WARN]: Can't keep up! Is the server overloaded? Running 5841ms or 116 ticks behind
[19:17:17] [Server thread/WARN]: Can't keep up! Is the server overloaded? Running 6469ms or 129 ticks behind
[19:17:38] [Server thread/WARN]: Can't keep up! Is the server overloaded? Running 6081ms or 121 ticks behind
[19:18:00] [Server thread/WARN]: Can't keep up! Is the server overloaded? Running 6426ms or 128 ticks behind
[19:18:21] [Server thread/WARN]: Can't keep up! Is the server overloaded? Running 6420ms or 128 ticks behind
[19:18:43] [Server thread/WARN]: Can't keep up! Is the server overloaded? Running 7213ms or 144 ticks behind
[19:19:05] [Server thread/WARN]: Can't keep up! Is the server overloaded? Running 6447ms or 128 ticks behind
[19:19:26] [Server thread/WARN]: Can't keep up! Is the server overloaded? Running 5981ms or 119 ticks behind
[19:19:47] [Server thread/WARN]: Can't keep up! Is the server overloaded? Running 5743ms or 114 ticks behind
[19:20:07] [Server thread/WARN]: Can't keep up! Is the server overloaded? Running 5017ms or 100 ticks behind
[19:20:26] [Server thread/WARN]: Can't keep up! Is the server overloaded? Running 4078ms or 81 ticks behind
[19:20:45] [Server thread/WARN]: Can't keep up! Is the server overloaded? Running 4209ms or 84 ticks behind
[19:21:04] [Server thread/WARN]: Can't keep up! Is the server overloaded? Running 4236ms or 84 ticks behind
[19:21:04] [Server thread/INFO]: scrx1316 lost connection: Disconnected
[19:21:04] [Server thread/INFO]: scrx1316 left the game
[19:21:21] [Server thread/WARN]: Can't keep up! Is the server overloaded? Running 2099ms or 41 ticks behind
[19:21:29] [Server thread/INFO]: bruce8866 lost connection: Disconnected
[19:21:29] [Server thread/INFO]: bruce8866 left the game
[19:21:40] [Server thread/WARN]: Can't keep up! Is the server overloaded? Running 2009ms or 40 ticks behind
[19:22:05] [Server thread/WARN]: Can't keep up! Is the server overloaded? Running 2002ms or 40 ticks behind
[19:22:30] [Server thread/WARN]: Can't keep up! Is the server overloaded? Running 2006ms or 40 ticks behind
[19:22:54] [Server thread/WARN]: Can't keep up! Is the server overloaded? Running 2001ms or 40 ticks behind
[19:23:18] [Server thread/WARN]: Can't keep up! Is the server overloaded? Running 2007ms or 40 ticks behind
[19:23:40] [Server thread/WARN]: Can't keep up! Is the server overloaded? Running 2002ms or 40 ticks behind
[19:24:03] [Server thread/WARN]: Can't keep up! Is the server overloaded? Running 2005ms or 40 ticks behind
[19:24:27] [Server thread/INFO]: Darkxelf_030 lost connection: Disconnected
[19:24:27] [Server thread/INFO]: Darkxelf_030 left the game
[19:36:49] [Server thread/INFO]: OTARO[/120.97.130.22:38116] logged in with entity id 1010383 at (-635.7731702309922, 31.0, -140.08427668852795)
[19:36:49] [Server thread/INFO]: OTARO joined the game
[19:36:50] [Netty Server IO #5/WARN]: Player OTARO joined with another carpet version: 1.4.8+v200811
[19:36:58] [Server thread/INFO]: OTARO lost connection: Disconnected
[19:36:58] [Server thread/INFO]: OTARO left the game
[19:37:18] [Server thread/INFO]: OTARO[/120.97.130.22:50987] logged in with entity id 1010703 at (-635.3000000119209, 31.0, -140.08427668852795)
[19:37:18] [Server thread/INFO]: OTARO joined the game
[19:37:19] [Netty Server IO #7/WARN]: Player OTARO joined with another carpet version: 1.4.8+v200811
[19:38:35] [Server thread/WARN]: Can't keep up! Is the server overloaded? Running 2002ms or 40 ticks behind
[19:39:24] [Server thread/WARN]: Can't keep up! Is the server overloaded? Running 2002ms or 40 ticks behind
[19:39:41] [Server thread/WARN]: Can't keep up! Is the server overloaded? Running 2097ms or 41 ticks behind
[19:40:07] [Server thread/WARN]: Can't keep up! Is the server overloaded? Running 2008ms or 40 ticks behind
[19:40:39] [Server thread/WARN]: Can't keep up! Is the server overloaded? Running 2001ms or 40 ticks behind
[19:41:12] [Server thread/WARN]: Can't keep up! Is the server overloaded? Running 2001ms or 40 ticks behind
[19:41:43] [Server thread/WARN]: Can't keep up! Is the server overloaded? Running 2011ms or 40 ticks behind
[19:42:12] [Server thread/WARN]: Can't keep up! Is the server overloaded? Running 2021ms or 40 ticks behind
[19:42:41] [Server thread/WARN]: Can't keep up! Is the server overloaded? Running 2003ms or 40 ticks behind
[19:43:09] [Server thread/WARN]: Can't keep up! Is the server overloaded? Running 2013ms or 40 ticks behind
[19:45:44] [Server thread/WARN]: Can't keep up! Is the server overloaded? Running 2003ms or 40 ticks behind
[19:46:09] [Server thread/WARN]: Can't keep up! Is the server overloaded? Running 2008ms or 40 ticks behind
[19:46:38] [Server thread/WARN]: Can't keep up! Is the server overloaded? Running 2004ms or 40 ticks behind
[19:47:07] [Server thread/WARN]: Can't keep up! Is the server overloaded? Running 2009ms or 40 ticks behind
[19:47:34] [Server thread/WARN]: Can't keep up! Is the server overloaded? Running 2001ms or 40 ticks behind
[19:50:07] [Server thread/WARN]: Can't keep up! Is the server overloaded? Running 2187ms or 43 ticks behind
[19:55:55] [Server thread/WARN]: Mismatch in destroy block pos: class_2338{x=-610, y=44, z=-82} class_2338{x=-611, y=43, z=-82}
[19:55:56] [Server thread/WARN]: Mismatch in destroy block pos: class_2338{x=-610, y=44, z=-79} class_2338{x=-611, y=43, z=-79}
[19:58:24] [Server thread/WARN]: Can't keep up! Is the server overloaded? Running 2002ms or 40 ticks behind
[19:59:04] [Server thread/WARN]: Can't keep up! Is the server overloaded? Running 2003ms or 40 ticks behind
[19:59:35] [Server thread/WARN]: Can't keep up! Is the server overloaded? Running 2004ms or 40 ticks behind
[20:00:05] [Server thread/WARN]: Can't keep up! Is the server overloaded? Running 2004ms or 40 ticks behind
[20:00:28] [Server thread/WARN]: Can't keep up! Is the server overloaded? Running 2001ms or 40 ticks behind
[20:00:58] [Server thread/WARN]: Can't keep up! Is the server overloaded? Running 2002ms or 40 ticks behind
[20:01:21] [Server thread/WARN]: Mismatch in destroy block pos: class_2338{x=-621, y=52, z=-109} class_2338{x=-621, y=52, z=-108}
[20:01:21] [Server thread/WARN]: Mismatch in destroy block pos: class_2338{x=-621, y=52, z=-109} class_2338{x=-621, y=52, z=-108}
[20:01:31] [Server thread/WARN]: Can't keep up! Is the server overloaded? Running 2003ms or 40 ticks behind
[20:02:05] [Server thread/WARN]: Can't keep up! Is the server overloaded? Running 2003ms or 40 ticks behind
[20:02:35] [Server thread/WARN]: Can't keep up! Is the server overloaded? Running 2001ms or 40 ticks behind
[20:03:07] [Server thread/WARN]: Can't keep up! Is the server overloaded? Running 2004ms or 40 ticks behind
[20:03:45] [Server thread/WARN]: Can't keep up! Is the server overloaded? Running 2006ms or 40 ticks behind
[20:04:17] [Server thread/WARN]: Can't keep up! Is the server overloaded? Running 2004ms or 40 ticks behind
[20:04:47] [Server thread/WARN]: Can't keep up! Is the server overloaded? Running 2001ms or 40 ticks behind
[20:05:31] [Server thread/WARN]: Can't keep up! Is the server overloaded? Running 2062ms or 41 ticks behind
[20:05:52] [Server thread/WARN]: Can't keep up! Is the server overloaded? Running 2011ms or 40 ticks behind
[20:06:17] [Server thread/WARN]: Can't keep up! Is the server overloaded? Running 2001ms or 40 ticks behind
[20:06:39] [Server thread/WARN]: Can't keep up! Is the server overloaded? Running 2006ms or 40 ticks behind
[20:07:00] [Server thread/WARN]: Can't keep up! Is the server overloaded? Running 2008ms or 40 ticks behind
[20:07:18] [Server thread/WARN]: Can't keep up! Is the server overloaded? Running 2006ms or 40 ticks behind
[20:07:41] [Server thread/WARN]: Can't keep up! Is the server overloaded? Running 2001ms or 40 ticks behind
[20:08:05] [Server thread/WARN]: Can't keep up! Is the server overloaded? Running 2003ms or 40 ticks behind
[20:08:31] [Server thread/WARN]: Can't keep up! Is the server overloaded? Running 2007ms or 40 ticks behind
[20:15:05] [Server thread/INFO]: Darkxelf_030[/25.51.86.185:54443] logged in with entity id 1019443 at (-652.3714421553386, 17.875, -75.30000001192093)
[20:15:05] [Server thread/INFO]: Darkxelf_030 joined the game
[20:15:24] [Server thread/WARN]: Can't keep up! Is the server overloaded? Running 2009ms or 40 ticks behind
[20:15:43] [Server thread/WARN]: Can't keep up! Is the server overloaded? Running 3246ms or 64 ticks behind
[20:16:02] [Server thread/WARN]: Can't keep up! Is the server overloaded? Running 4259ms or 85 ticks behind
[20:16:20] [Server thread/WARN]: Can't keep up! Is the server overloaded? Running 3436ms or 68 ticks behind
[20:16:39] [Server thread/WARN]: Can't keep up! Is the server overloaded? Running 3515ms or 70 ticks behind
[20:16:58] [Server thread/WARN]: Can't keep up! Is the server overloaded? Running 3752ms or 75 ticks behind
[20:17:16] [Server thread/WARN]: Can't keep up! Is the server overloaded? Running 3651ms or 73 ticks behind
[20:17:35] [Server thread/WARN]: Can't keep up! Is the server overloaded? Running 3700ms or 74 ticks behind
[20:17:54] [Server thread/WARN]: Can't keep up! Is the server overloaded? Running 4007ms or 80 ticks behind
[20:18:12] [Server thread/WARN]: Can't keep up! Is the server overloaded? Running 3358ms or 67 ticks behind
[20:18:30] [Server thread/WARN]: Can't keep up! Is the server overloaded? Running 3187ms or 63 ticks behind
[20:18:48] [Server thread/WARN]: Can't keep up! Is the server overloaded? Running 3102ms or 62 ticks behind
[20:19:07] [Server thread/WARN]: Can't keep up! Is the server overloaded? Running 3081ms or 61 ticks behind
[20:19:09] [Server thread/WARN]: Entity class_3222['OTARO'/1010703, l='ServerLevel[The World]', x=100.50, y=49.00, z=0.50] left loaded chunk area
[20:19:25] [Server thread/WARN]: Can't keep up! Is the server overloaded? Running 3739ms or 74 ticks behind
[20:19:43] [Server thread/WARN]: Can't keep up! Is the server overloaded? Running 3084ms or 61 ticks behind
[20:20:01] [Server thread/WARN]: Can't keep up! Is the server overloaded? Running 3167ms or 63 ticks behind
[20:20:19] [Server thread/WARN]: Can't keep up! Is the server overloaded? Running 3052ms or 61 ticks behind
[20:20:38] [Server thread/WARN]: Can't keep up! Is the server overloaded? Running 3231ms or 64 ticks behind
[20:20:56] [Server thread/WARN]: Can't keep up! Is the server overloaded? Running 3356ms or 67 ticks behind
[20:21:14] [Server thread/WARN]: Can't keep up! Is the server overloaded? Running 3199ms or 63 ticks behind
[20:21:32] [Server thread/WARN]: Can't keep up! Is the server overloaded? Running 3198ms or 63 ticks behind
[20:21:51] [Server thread/WARN]: Can't keep up! Is the server overloaded? Running 3384ms or 67 ticks behind
[20:22:10] [Server thread/WARN]: Can't keep up! Is the server overloaded? Running 4246ms or 84 ticks behind
[20:22:28] [Server thread/WARN]: Can't keep up! Is the server overloaded? Running 3196ms or 63 ticks behind
[20:22:46] [Server thread/WARN]: Can't keep up! Is the server overloaded? Running 3267ms or 65 ticks behind
[20:23:04] [Server thread/WARN]: Can't keep up! Is the server overloaded? Running 3215ms or 64 ticks behind
[20:23:23] [Server thread/WARN]: Can't keep up! Is the server overloaded? Running 3161ms or 63 ticks behind
[20:23:41] [Server thread/WARN]: Can't keep up! Is the server overloaded? Running 3057ms or 61 ticks behind
[20:23:59] [Server thread/WARN]: Can't keep up! Is the server overloaded? Running 3466ms or 69 ticks behind
[20:24:17] [Server thread/WARN]: Can't keep up! Is the server overloaded? Running 3236ms or 64 ticks behind
[20:24:35] [Server thread/WARN]: Can't keep up! Is the server overloaded? Running 3046ms or 60 ticks behind
[20:24:53] [Server thread/WARN]: Can't keep up! Is the server overloaded? Running 2978ms or 59 ticks behind
[20:25:11] [Server thread/WARN]: Can't keep up! Is the server overloaded? Running 3045ms or 60 ticks behind
[20:25:29] [Server thread/WARN]: Can't keep up! Is the server overloaded? Running 2657ms or 53 ticks behind
[20:25:47] [Server thread/WARN]: Can't keep up! Is the server overloaded? Running 2726ms or 54 ticks behind
[20:26:04] [Server thread/WARN]: Can't keep up! Is the server overloaded? Running 2554ms or 51 ticks behind
[20:26:22] [Server thread/WARN]: Can't keep up! Is the server overloaded? Running 2744ms or 54 ticks behind
[20:26:40] [Server thread/WARN]: Can't keep up! Is the server overloaded? Running 2697ms or 53 ticks behind
[20:26:57] [Server thread/WARN]: Can't keep up! Is the server overloaded? Running 2683ms or 53 ticks behind
[20:27:15] [Server thread/WARN]: Can't keep up! Is the server overloaded? Running 2508ms or 50 ticks behind
[20:27:32] [Server thread/WARN]: Can't keep up! Is the server overloaded? Running 2352ms or 47 ticks behind
[20:27:50] [Server thread/WARN]: Can't keep up! Is the server overloaded? Running 2624ms or 52 ticks behind
[20:28:08] [Server thread/WARN]: Can't keep up! Is the server overloaded? Running 3449ms or 68 ticks behind
[20:28:25] [Server thread/WARN]: Can't keep up! Is the server overloaded? Running 2492ms or 49 ticks behind
[20:28:43] [Server thread/WARN]: Can't keep up! Is the server overloaded? Running 2577ms or 51 ticks behind
[20:29:00] [Server thread/WARN]: Can't keep up! Is the server overloaded? Running 2424ms or 48 ticks behind
[20:29:18] [Server thread/WARN]: Can't keep up! Is the server overloaded? Running 2253ms or 45 ticks behind
[20:29:35] [Server thread/WARN]: Can't keep up! Is the server overloaded? Running 2225ms or 44 ticks behind
[20:29:52] [Server thread/WARN]: Can't keep up! Is the server overloaded? Running 2453ms or 49 ticks behind
[20:30:10] [Server thread/WARN]: Can't keep up! Is the server overloaded? Running 2591ms or 51 ticks behind
[20:30:27] [Server thread/WARN]: Can't keep up! Is the server overloaded? Running 2545ms or 50 ticks behind
[20:30:45] [Server thread/WARN]: Can't keep up! Is the server overloaded? Running 2489ms or 49 ticks behind
[20:31:02] [Server thread/WARN]: Can't keep up! Is the server overloaded? Running 2392ms or 47 ticks behind
[20:31:27] [Server thread/WARN]: Can't keep up! Is the server overloaded? Running 2002ms or 40 ticks behind
[20:31:48] [Server thread/WARN]: Can't keep up! Is the server overloaded? Running 2003ms or 40 ticks behind
[20:32:09] [Server thread/WARN]: Can't keep up! Is the server overloaded? Running 2007ms or 40 ticks behind
[20:32:15] [Server thread/INFO]: Darkxelf_030 lost connection: Disconnected
[20:32:15] [Server thread/INFO]: Darkxelf_030 left the game
[20:41:28] [Server thread/INFO]: OTARO lost connection: Disconnected
[20:41:28] [Server thread/INFO]: OTARO left the game
[20:46:50] [Server thread/INFO]: LMY008117[/120.97.130.19:8192] logged in with entity id 1024696 at (-248.5, 64.0, -197.5)
[20:46:50] [Server thread/INFO]: LMY008117 joined the game
[20:46:52] [Netty Server IO #2/WARN]: Player LMY008117 joined with another carpet version: 1.4.8+v200811
[20:47:23] [Server thread/INFO]: LMY008117 has completed the challenge [Cover Me in Debris]
[20:47:23] [Server thread/INFO]: LMY008117 has completed the challenge [Serious Dedication]
[20:47:23] [Server thread/INFO]: LMY008117 has reached the goal [Sky's the Limit]
[20:47:23] [Server thread/INFO]: LMY008117 has made the advancement [Who is Cutting Onions?]
[20:49:37] [Server thread/INFO]: LMY008117 lost connection: Disconnected
[20:49:37] [Server thread/INFO]: LMY008117 left the game
[20:50:42] [Server thread/INFO]: OTARO[/120.97.130.19:36054] logged in with entity id 1025258 at (-244.80146244326025, 77.0, -248.4513144166237)
[20:50:42] [Server thread/INFO]: OTARO joined the game
[20:50:44] [Netty Server IO #4/WARN]: Player OTARO joined with another carpet version: 1.4.8+v200811
[20:51:25] [Server thread/INFO]: OTARO lost connection: Disconnected
[20:51:25] [Server thread/INFO]: OTARO left the game
[20:52:23] [Server thread/INFO]: LMY008117[/120.97.130.19:37207] logged in with entity id 1025351 at (-249.8910192447819, 77.0, -244.76773246468116)
[20:52:23] [Server thread/INFO]: LMY008117 joined the game
[20:52:25] [Netty Server IO #6/WARN]: Player LMY008117 joined with another carpet version: 1.4.8+v200811
[20:54:42] [Server thread/INFO]: LMY008117 has made the advancement [We Need to Go Deeper]
[20:54:56] [Server thread/INFO]: LMY008117 has made the advancement [Suit Up]
[20:55:01] [Server thread/INFO]: LMY008117 has made the advancement [Stone Age]
[20:55:21] [Server thread/INFO]: LMY008117 has made the advancement [Acquire Hardware]
[20:58:35] [Server thread/WARN]: Can't keep up! Is the server overloaded? Running 2047ms or 40 ticks behind
[21:05:30] [Server thread/INFO]: LMY008117 has made the advancement [Ice Bucket Challenge]
[21:12:29] [Server thread/INFO]: LMY008117 has made the advancement [Local Brewery]
[21:13:39] [Server thread/WARN]: Can't keep up! Is the server overloaded? Running 2414ms or 48 ticks behind
[21:13:58] [Server thread/WARN]: Can't keep up! Is the server overloaded? Running 4421ms or 88 ticks behind
[21:36:47] [Server thread/INFO]: LMY008117 has made the advancement [Hot Stuff]
[22:00:25] [Server thread/INFO]: LMY008117 has made the advancement [What a Deal!]
[22:32:26] [Server thread/INFO]: LMY008117 has made the advancement [Sweet Dreams]
[22:33:22] [Server thread/INFO]: LMY008117 has made the advancement [Diamonds!]
[22:34:00] [Server thread/INFO]: LMY008117 has made the advancement [Cover Me With Diamonds]
[22:57:48] [Server thread/WARN]: Mismatch in destroy block pos: class_2338{x=-3, y=63, z=-40} class_2338{x=-3, y=65, z=-45}
[22:57:48] [Server thread/WARN]: Mismatch in destroy block pos: class_2338{x=-3, y=63, z=-40} class_2338{x=-3, y=65, z=-45}
[23:01:50] [Server thread/INFO]: LMY008117 lost connection: Disconnected
[23:01:50] [Server thread/INFO]: LMY008117 left the game
[23:14:38] [Server thread/INFO]: [Textile Backup] Backup started by: Timer on: 26.01.2021_23-14-38
[23:14:38] [Server thread/INFO]: [Textile Backup] Saving server...
[23:14:38] [Server thread/INFO]: ThreadedAnvilChunkStorage (The World): All chunks are saved
[23:14:38] [Server thread/INFO]: ThreadedAnvilChunkStorage (DIM-1): All chunks are saved
[23:14:38] [Server thread/INFO]: ThreadedAnvilChunkStorage (DIM1): All chunks are saved
[23:14:38] [pool-3-thread-1/INFO]: [Textile Backup] Starting backup
[23:16:21] [pool-3-thread-1/INFO]: [Textile Backup] Deleting: 20.01.2021_22-07-04.zip
[23:16:21] [pool-3-thread-1/INFO]: [Textile Backup] Done!
