[00:15:42] [Server thread/INFO]: OTARO lost connection: Disconnected
[00:15:42] [Server thread/INFO]: OTARO left the game
[00:15:51] [User Authenticator #23/INFO]: UUID of player OTARO is 70856b12-d4dc-3fc1-a2a2-b248ec62e0bd
[00:15:51] [Server thread/INFO]: OTARO[/25.90.226.250:3669] logged in with entity id 293779 at ([The World]-638.2075368419702, 21.0, -77.11332285887585)
[00:26:10] [Server thread/INFO]: OTARO lost connection: Disconnected
[00:26:10] [Server thread/INFO]: OTARO left the game
[00:26:24] [User Authenticator #24/INFO]: UUID of player OTARO is 70856b12-d4dc-3fc1-a2a2-b248ec62e0bd
[00:26:24] [Server thread/INFO]: OTARO[/25.90.226.250:3866] logged in with entity id 298769 at ([The World]-626.0172244189589, 74.0, -84.95845728006867)
[00:39:45] [Server thread/INFO]: scrx1316 lost connection: Disconnected
[00:39:45] [Server thread/INFO]: scrx1316 left the game
[00:46:26] [Server thread/INFO]: bruce8866 issued server command: /tps
[00:46:28] [Async Chat Thread - #7/INFO]: <bruce8866> .
[00:48:29] [Server thread/INFO]: bruce8866 issued server command: /tps
[00:52:58] [Server thread/INFO]: bruce8866 issued server command: /tps
[00:54:45] [Server thread/INFO]: bruce8866 issued server command: /tps
[00:56:20] [Server thread/INFO]: bruce8866 issued server command: /tps
[00:57:41] [Server thread/INFO]: bruce8866 issued server command: /tps
[00:58:04] [Server thread/INFO]: bruce8866 issued server command: /tps
[00:58:41] [Server thread/INFO]: bruce8866 issued server command: /tps
[00:58:44] [Server thread/INFO]: bruce8866 issued server command: /tps
[01:00:29] [Server thread/INFO]: bruce8866 issued server command: /tps
[01:03:16] [Server thread/INFO]: bruce8866 issued server command: /tps
[01:03:25] [Server thread/INFO]: OTARO lost connection: Disconnected
[01:03:25] [Server thread/INFO]: OTARO left the game
[01:04:54] [Server thread/INFO]: bruce8866 issued server command: /tps
[01:05:41] [Server thread/WARN]: Can't keep up! Is the server overloaded? Running 8281ms or 165 ticks behind
[01:06:33] [Server thread/WARN]: Can't keep up! Is the server overloaded? Running 22911ms or 458 ticks behind
[01:55:16] [Server thread/INFO]: bruce8866 issued server command: /tps
[04:00:33] [Server thread/INFO]: bruce8866 lost connection: Disconnected
[04:00:33] [Server thread/INFO]: bruce8866 left the game
[05:58:25] [User Authenticator #25/INFO]: UUID of player bruce8866 is e6306138-10b0-3f47-beee-72fd1ffe7eac
[05:58:26] [Server thread/INFO]: bruce8866[/192.168.1.151:3205] logged in with entity id 414290 at ([The World]-252.24843118344225, 77.61464129829791, -248.15745817902547)
[06:02:48] [Server thread/ERROR]: Can't find any space for item in the inventory
[06:02:48] [Server thread/ERROR]: Can't find any space for item in the inventory
[06:02:48] [Server thread/ERROR]: Can't find any space for item in the inventory
[06:02:48] [Server thread/ERROR]: Can't find any space for item in the inventory
[06:02:48] [Server thread/ERROR]: Can't find any space for item in the inventory
[06:02:48] [Server thread/ERROR]: Can't find any space for item in the inventory
[06:02:48] [Server thread/ERROR]: Can't find any space for item in the inventory
[06:02:48] [Server thread/ERROR]: Can't find any space for item in the inventory
[06:02:48] [Server thread/ERROR]: Can't find any space for item in the inventory
[06:02:48] [Server thread/ERROR]: Can't find any space for item in the inventory
[06:02:48] [Server thread/ERROR]: Can't find any space for item in the inventory
[06:02:48] [Server thread/ERROR]: Can't find any space for item in the inventory
[06:02:48] [Server thread/ERROR]: Can't find any space for item in the inventory
[06:02:48] [Server thread/ERROR]: Can't find any space for item in the inventory
[06:02:48] [Server thread/ERROR]: Can't find any space for item in the inventory
[06:02:48] [Server thread/ERROR]: Can't find any space for item in the inventory
[06:02:48] [Server thread/ERROR]: Can't find any space for item in the inventory
[06:02:48] [Server thread/ERROR]: Can't find any space for item in the inventory
[06:02:48] [Server thread/ERROR]: Can't find any space for item in the inventory
[06:02:48] [Server thread/ERROR]: Can't find any space for item in the inventory
[06:02:48] [Server thread/ERROR]: Can't find any space for item in the inventory
[06:02:48] [Server thread/ERROR]: Can't find any space for item in the inventory
[06:02:48] [Server thread/ERROR]: Can't find any space for item in the inventory
[06:02:48] [Server thread/ERROR]: Can't find any space for item in the inventory
[06:02:48] [Server thread/ERROR]: Can't find any space for item in the inventory
[06:02:48] [Server thread/ERROR]: Can't find any space for item in the inventory
[06:02:48] [Server thread/ERROR]: Can't find any space for item in the inventory
[06:02:48] [Server thread/ERROR]: Can't find any space for item in the inventory
[06:02:48] [Server thread/ERROR]: Can't find any space for item in the inventory
[06:02:48] [Server thread/ERROR]: Can't find any space for item in the inventory
[06:02:48] [Server thread/ERROR]: Can't find any space for item in the inventory
[06:02:48] [Server thread/ERROR]: Can't find any space for item in the inventory
[06:02:48] [Server thread/ERROR]: Can't find any space for item in the inventory
[06:02:48] [Server thread/ERROR]: Can't find any space for item in the inventory
[06:02:48] [Server thread/ERROR]: Can't find any space for item in the inventory
[06:02:48] [Server thread/ERROR]: Can't find any space for item in the inventory
[06:02:48] [Server thread/ERROR]: Can't find any space for item in the inventory
[06:02:48] [Server thread/ERROR]: Can't find any space for item in the inventory
[06:02:48] [Server thread/ERROR]: Can't find any space for item in the inventory
[06:02:48] [Server thread/ERROR]: Can't find any space for item in the inventory
[06:02:48] [Server thread/ERROR]: Can't find any space for item in the inventory
[06:02:48] [Server thread/ERROR]: Can't find any space for item in the inventory
[06:02:48] [Server thread/ERROR]: Can't find any space for item in the inventory
[06:02:48] [Server thread/ERROR]: Can't find any space for item in the inventory
[06:02:48] [Server thread/ERROR]: Can't find any space for item in the inventory
[06:02:48] [Server thread/ERROR]: Can't find any space for item in the inventory
[06:02:48] [Server thread/ERROR]: Can't find any space for item in the inventory
[06:02:48] [Server thread/ERROR]: Can't find any space for item in the inventory
[06:02:48] [Server thread/ERROR]: Can't find any space for item in the inventory
[06:02:48] [Server thread/ERROR]: Can't find any space for item in the inventory
[06:02:48] [Server thread/ERROR]: Can't find any space for item in the inventory
[06:02:48] [Server thread/ERROR]: Can't find any space for item in the inventory
[06:02:48] [Server thread/ERROR]: Can't find any space for item in the inventory
[06:02:48] [Server thread/ERROR]: Can't find any space for item in the inventory
[06:02:48] [Server thread/ERROR]: Can't find any space for item in the inventory
[06:02:48] [Server thread/ERROR]: Can't find any space for item in the inventory
[06:02:48] [Server thread/ERROR]: Can't find any space for item in the inventory
[06:02:48] [Server thread/ERROR]: Can't find any space for item in the inventory
[06:02:48] [Server thread/ERROR]: Can't find any space for item in the inventory
[06:02:48] [Server thread/ERROR]: Can't find any space for item in the inventory
[06:02:48] [Server thread/ERROR]: Can't find any space for item in the inventory
[06:02:48] [Server thread/ERROR]: Can't find any space for item in the inventory
[06:02:48] [Server thread/ERROR]: Can't find any space for item in the inventory
[06:02:48] [Server thread/ERROR]: Can't find any space for item in the inventory
[06:02:48] [Server thread/ERROR]: Can't find any space for item in the inventory
[06:02:48] [Server thread/ERROR]: Can't find any space for item in the inventory
[06:02:48] [Server thread/ERROR]: Can't find any space for item in the inventory
[06:02:48] [Server thread/ERROR]: Can't find any space for item in the inventory
[06:02:48] [Server thread/ERROR]: Can't find any space for item in the inventory
[06:02:48] [Server thread/ERROR]: Can't find any space for item in the inventory
[06:02:48] [Server thread/ERROR]: Can't find any space for item in the inventory
[06:02:48] [Server thread/ERROR]: Can't find any space for item in the inventory
[06:02:48] [Server thread/ERROR]: Can't find any space for item in the inventory
[06:02:48] [Server thread/ERROR]: Can't find any space for item in the inventory
[06:02:48] [Server thread/ERROR]: Can't find any space for item in the inventory
[06:02:48] [Server thread/ERROR]: Can't find any space for item in the inventory
[06:02:48] [Server thread/ERROR]: Can't find any space for item in the inventory
[06:02:48] [Server thread/ERROR]: Can't find any space for item in the inventory
[06:02:48] [Server thread/ERROR]: Can't find any space for item in the inventory
[06:02:48] [Server thread/ERROR]: Can't find any space for item in the inventory
[06:02:48] [Server thread/ERROR]: Can't find any space for item in the inventory
[06:02:48] [Server thread/ERROR]: Can't find any space for item in the inventory
[06:02:48] [Server thread/ERROR]: Can't find any space for item in the inventory
[06:02:48] [Server thread/ERROR]: Can't find any space for item in the inventory
[06:02:48] [Server thread/ERROR]: Can't find any space for item in the inventory
[06:02:48] [Server thread/ERROR]: Can't find any space for item in the inventory
[06:02:48] [Server thread/ERROR]: Can't find any space for item in the inventory
[06:02:48] [Server thread/ERROR]: Can't find any space for item in the inventory
[06:02:48] [Server thread/ERROR]: Can't find any space for item in the inventory
[06:02:48] [Server thread/ERROR]: Can't find any space for item in the inventory
[06:02:48] [Server thread/ERROR]: Can't find any space for item in the inventory
[06:02:48] [Server thread/ERROR]: Can't find any space for item in the inventory
[06:02:48] [Server thread/ERROR]: Can't find any space for item in the inventory
[06:02:48] [Server thread/ERROR]: Can't find any space for item in the inventory
[06:02:48] [Server thread/ERROR]: Can't find any space for item in the inventory
[06:02:48] [Server thread/ERROR]: Can't find any space for item in the inventory
[06:02:48] [Server thread/ERROR]: Can't find any space for item in the inventory
[06:02:48] [Server thread/ERROR]: Can't find any space for item in the inventory
[06:02:48] [Server thread/ERROR]: Can't find any space for item in the inventory
[06:02:48] [Server thread/ERROR]: Can't find any space for item in the inventory
[06:02:48] [Server thread/ERROR]: Can't find any space for item in the inventory
[06:02:48] [Server thread/ERROR]: Can't find any space for item in the inventory
[06:02:48] [Server thread/ERROR]: Can't find any space for item in the inventory
[06:02:48] [Server thread/ERROR]: Can't find any space for item in the inventory
[06:02:48] [Server thread/ERROR]: Can't find any space for item in the inventory
[06:02:48] [Server thread/ERROR]: Can't find any space for item in the inventory
[06:02:48] [Server thread/ERROR]: Can't find any space for item in the inventory
[06:02:48] [Server thread/ERROR]: Can't find any space for item in the inventory
[06:02:48] [Server thread/ERROR]: Can't find any space for item in the inventory
[06:02:48] [Server thread/ERROR]: Can't find any space for item in the inventory
[06:02:48] [Server thread/ERROR]: Can't find any space for item in the inventory
[06:02:48] [Server thread/ERROR]: Can't find any space for item in the inventory
[06:02:48] [Server thread/ERROR]: Can't find any space for item in the inventory
[06:02:48] [Server thread/ERROR]: Can't find any space for item in the inventory
[06:02:48] [Server thread/ERROR]: Can't find any space for item in the inventory
[06:02:48] [Server thread/ERROR]: Can't find any space for item in the inventory
[06:02:48] [Server thread/ERROR]: Can't find any space for item in the inventory
[06:02:48] [Server thread/ERROR]: Can't find any space for item in the inventory
[06:02:48] [Server thread/ERROR]: Can't find any space for item in the inventory
[06:02:48] [Server thread/ERROR]: Can't find any space for item in the inventory
[06:02:48] [Server thread/ERROR]: Can't find any space for item in the inventory
[06:02:48] [Server thread/ERROR]: Can't find any space for item in the inventory
[06:02:48] [Server thread/ERROR]: Can't find any space for item in the inventory
[06:02:48] [Server thread/ERROR]: Can't find any space for item in the inventory
[06:02:48] [Server thread/ERROR]: Can't find any space for item in the inventory
[06:02:48] [Server thread/ERROR]: Can't find any space for item in the inventory
[06:02:48] [Server thread/ERROR]: Can't find any space for item in the inventory
[06:02:48] [Server thread/ERROR]: Can't find any space for item in the inventory
[06:02:48] [Server thread/ERROR]: Can't find any space for item in the inventory
[06:02:48] [Server thread/ERROR]: Can't find any space for item in the inventory
[06:02:48] [Server thread/ERROR]: Can't find any space for item in the inventory
[06:02:48] [Server thread/ERROR]: Can't find any space for item in the inventory
[06:02:48] [Server thread/ERROR]: Can't find any space for item in the inventory
[06:02:48] [Server thread/ERROR]: Can't find any space for item in the inventory
[06:02:48] [Server thread/ERROR]: Can't find any space for item in the inventory
[06:02:48] [Server thread/ERROR]: Can't find any space for item in the inventory
[06:02:48] [Server thread/ERROR]: Can't find any space for item in the inventory
[06:02:48] [Server thread/ERROR]: Can't find any space for item in the inventory
[06:02:48] [Server thread/ERROR]: Can't find any space for item in the inventory
[06:02:48] [Server thread/ERROR]: Can't find any space for item in the inventory
[06:02:48] [Server thread/ERROR]: Can't find any space for item in the inventory
[06:02:48] [Server thread/ERROR]: Can't find any space for item in the inventory
[06:02:48] [Server thread/ERROR]: Can't find any space for item in the inventory
[06:02:48] [Server thread/ERROR]: Can't find any space for item in the inventory
[06:02:48] [Server thread/ERROR]: Can't find any space for item in the inventory
[06:02:48] [Server thread/ERROR]: Can't find any space for item in the inventory
[06:12:21] [Server thread/INFO]: bruce8866 lost connection: Disconnected
[06:12:21] [Server thread/INFO]: bruce8866 left the game
[14:31:27] [User Authenticator #26/INFO]: UUID of player scrx1316 is d3fa8ae6-9188-3ea7-bbe3-ef2465d94d83
[14:31:27] [Server thread/INFO]: scrx1316[/25.57.24.164:11092] logged in with entity id 429809 at ([The World]-624.70942940453, 77.0, -109.51472795627133)
[14:33:44] [User Authenticator #27/INFO]: UUID of player Darkxelf_030 is c13e8cce-9234-3656-93a3-6b2b08dd8e94
[14:33:44] [Server thread/INFO]: Darkxelf_030[/25.51.86.185:62117] logged in with entity id 430505 at ([The World]680.1097489290378, 71.0, -2297.5692950342573)
[14:34:48] [Server thread/ERROR]: Input does not contain a key [type]: MapLike[{name:"minecraft:random_patch",config:{tries:10,yspread:3,xspread:7,need_water:0b,zspread:7,blacklist:[],project:0b,block_placer:{extra_size:2,min_size:1,type:"minecraft:column_placer"},state_provider:{state:{Properties:{age:"0"},Name:"minecraft:cactus"},type:"minecraft:simple_state_provider"},whitelist:[],can_replace:0b}}]
[14:34:48] [Server thread/ERROR]: Input does not contain a key [type]: MapLike[{name:"minecraft:block_pile",config:{state_provider:{state:{Properties:{axis:"y"},Name:"minecraft:hay_block"},type:"minecraft:simple_state_provider"}}}]
[14:34:48] [Server thread/ERROR]: Input does not contain a key [type]: MapLike[{name:"minecraft:random_patch",config:{tries:10,yspread:3,xspread:7,need_water:0b,zspread:7,blacklist:[],project:0b,block_placer:{extra_size:2,min_size:1,type:"minecraft:column_placer"},state_provider:{state:{Properties:{age:"0"},Name:"minecraft:cactus"},type:"minecraft:simple_state_provider"},whitelist:[],can_replace:0b}}]
[14:34:48] [Server thread/ERROR]: Input does not contain a key [type]: MapLike[{name:"minecraft:block_pile",config:{state_provider:{state:{Properties:{axis:"y"},Name:"minecraft:hay_block"},type:"minecraft:simple_state_provider"}}}]
[14:34:48] [Server thread/ERROR]: Input does not contain a key [type]: MapLike[{name:"minecraft:random_patch",config:{tries:10,yspread:3,xspread:7,need_water:0b,zspread:7,blacklist:[],project:0b,block_placer:{extra_size:2,min_size:1,type:"minecraft:column_placer"},state_provider:{state:{Properties:{age:"0"},Name:"minecraft:cactus"},type:"minecraft:simple_state_provider"},whitelist:[],can_replace:0b}}]
[14:35:09] [Server thread/ERROR]: Input does not contain a key [type]: MapLike[{name:"minecraft:acacia_tree",config:{height_rand_b:2,foliage_height:-1,trunk_height:0,base_height:5,trunk_top_offset_random:0,leaves_provider:{state:{Properties:{distance:"7",persistent:"false"},Name:"minecraft:acacia_leaves"},type:"minecraft:simple_state_provider"},trunk_height_random:0,trunk_provider:{state:{Properties:{axis:"y"},Name:"minecraft:acacia_log"},type:"minecraft:simple_state_provider"},decorators:[],foliage_height_random:0,height_rand_a:2,trunk_top_offset:0,max_water_depth:0,foliage_placer:{type:"minecraft:acacia_foliage_placer",radius:2,radius_random:0},ignore_vines:1b}}]
[14:35:09] [Server thread/ERROR]: Input does not contain a key [type]: MapLike[{name:"minecraft:block_pile",config:{state_provider:{state:{Properties:{axis:"y"},Name:"minecraft:hay_block"},type:"minecraft:simple_state_provider"}}}]
[14:35:09] [Server thread/ERROR]: Input does not contain a key [type]: MapLike[{name:"minecraft:acacia_tree",config:{height_rand_b:2,foliage_height:-1,trunk_height:0,base_height:5,trunk_top_offset_random:0,leaves_provider:{state:{Properties:{distance:"7",persistent:"false"},Name:"minecraft:acacia_leaves"},type:"minecraft:simple_state_provider"},trunk_height_random:0,trunk_provider:{state:{Properties:{axis:"y"},Name:"minecraft:acacia_log"},type:"minecraft:simple_state_provider"},decorators:[],foliage_height_random:0,height_rand_a:2,trunk_top_offset:0,max_water_depth:0,foliage_placer:{type:"minecraft:acacia_foliage_placer",radius:2,radius_random:0},ignore_vines:1b}}]
[14:35:09] [Server thread/ERROR]: Input does not contain a key [type]: MapLike[{name:"minecraft:block_pile",config:{state_provider:{state:{Properties:{axis:"y"},Name:"minecraft:hay_block"},type:"minecraft:simple_state_provider"}}}]
[14:35:09] [Server thread/ERROR]: Input does not contain a key [type]: MapLike[{name:"minecraft:block_pile",config:{state_provider:{state:{Properties:{axis:"y"},Name:"minecraft:hay_block"},type:"minecraft:simple_state_provider"}}}]
[14:35:09] [Server thread/ERROR]: Input does not contain a key [type]: MapLike[{name:"minecraft:acacia_tree",config:{height_rand_b:2,foliage_height:-1,trunk_height:0,base_height:5,trunk_top_offset_random:0,leaves_provider:{state:{Properties:{distance:"7",persistent:"false"},Name:"minecraft:acacia_leaves"},type:"minecraft:simple_state_provider"},trunk_height_random:0,trunk_provider:{state:{Properties:{axis:"y"},Name:"minecraft:acacia_log"},type:"minecraft:simple_state_provider"},decorators:[],foliage_height_random:0,height_rand_a:2,trunk_top_offset:0,max_water_depth:0,foliage_placer:{type:"minecraft:acacia_foliage_placer",radius:2,radius_random:0},ignore_vines:1b}}]
[14:35:09] [Server thread/ERROR]: Input does not contain a key [type]: MapLike[{name:"minecraft:acacia_tree",config:{height_rand_b:2,foliage_height:-1,trunk_height:0,base_height:5,trunk_top_offset_random:0,leaves_provider:{state:{Properties:{distance:"7",persistent:"false"},Name:"minecraft:acacia_leaves"},type:"minecraft:simple_state_provider"},trunk_height_random:0,trunk_provider:{state:{Properties:{axis:"y"},Name:"minecraft:acacia_log"},type:"minecraft:simple_state_provider"},decorators:[],foliage_height_random:0,height_rand_a:2,trunk_top_offset:0,max_water_depth:0,foliage_placer:{type:"minecraft:acacia_foliage_placer",radius:2,radius_random:0},ignore_vines:1b}}]
[14:35:09] [Server thread/ERROR]: Input does not contain a key [type]: MapLike[{name:"minecraft:acacia_tree",config:{height_rand_b:2,foliage_height:-1,trunk_height:0,base_height:5,trunk_top_offset_random:0,leaves_provider:{state:{Properties:{distance:"7",persistent:"false"},Name:"minecraft:acacia_leaves"},type:"minecraft:simple_state_provider"},trunk_height_random:0,trunk_provider:{state:{Properties:{axis:"y"},Name:"minecraft:acacia_log"},type:"minecraft:simple_state_provider"},decorators:[],foliage_height_random:0,height_rand_a:2,trunk_top_offset:0,max_water_depth:0,foliage_placer:{type:"minecraft:acacia_foliage_placer",radius:2,radius_random:0},ignore_vines:1b}}]
[14:35:32] [Server thread/ERROR]: Input does not contain a key [type]: MapLike[{name:"minecraft:random_patch",config:{tries:10,yspread:3,xspread:7,need_water:0b,zspread:7,blacklist:[],project:0b,block_placer:{extra_size:2,min_size:1,type:"minecraft:column_placer"},state_provider:{state:{Properties:{age:"0"},Name:"minecraft:cactus"},type:"minecraft:simple_state_provider"},whitelist:[],can_replace:0b}}]
[14:35:32] [Server thread/ERROR]: Input does not contain a key [type]: MapLike[{name:"minecraft:random_patch",config:{tries:10,yspread:3,xspread:7,need_water:0b,zspread:7,blacklist:[],project:0b,block_placer:{extra_size:2,min_size:1,type:"minecraft:column_placer"},state_provider:{state:{Properties:{age:"0"},Name:"minecraft:cactus"},type:"minecraft:simple_state_provider"},whitelist:[],can_replace:0b}}]
[14:35:32] [Server thread/ERROR]: Input does not contain a key [type]: MapLike[{name:"minecraft:block_pile",config:{state_provider:{state:{Properties:{axis:"y"},Name:"minecraft:hay_block"},type:"minecraft:simple_state_provider"}}}]
[14:35:32] [Server thread/ERROR]: Input does not contain a key [type]: MapLike[{name:"minecraft:random_patch",config:{tries:10,yspread:3,xspread:7,need_water:0b,zspread:7,blacklist:[],project:0b,block_placer:{extra_size:2,min_size:1,type:"minecraft:column_placer"},state_provider:{state:{Properties:{age:"0"},Name:"minecraft:cactus"},type:"minecraft:simple_state_provider"},whitelist:[],can_replace:0b}}]
[14:39:53] [Server thread/ERROR]: Input does not contain a key [type]: MapLike[{name:"minecraft:block_pile",config:{state_provider:{state:{Properties:{axis:"y"},Name:"minecraft:hay_block"},type:"minecraft:simple_state_provider"}}}]
[14:39:53] [Server thread/ERROR]: Input does not contain a key [type]: MapLike[{name:"minecraft:block_pile",config:{state_provider:{state:{Properties:{axis:"y"},Name:"minecraft:hay_block"},type:"minecraft:simple_state_provider"}}}]
[14:39:53] [Server thread/ERROR]: Input does not contain a key [type]: MapLike[{name:"minecraft:block_pile",config:{state_provider:{state:{Properties:{axis:"y"},Name:"minecraft:hay_block"},type:"minecraft:simple_state_provider"}}}]
[14:39:53] [Server thread/ERROR]: Input does not contain a key [type]: MapLike[{name:"minecraft:block_pile",config:{state_provider:{state:{Properties:{axis:"y"},Name:"minecraft:hay_block"},type:"minecraft:simple_state_provider"}}}]
[14:39:53] [Server thread/ERROR]: Input does not contain a key [type]: MapLike[{name:"minecraft:block_pile",config:{state_provider:{state:{Properties:{axis:"y"},Name:"minecraft:hay_block"},type:"minecraft:simple_state_provider"}}}]
[14:39:53] [Server thread/ERROR]: Input does not contain a key [type]: MapLike[{name:"minecraft:block_pile",config:{state_provider:{state:{Properties:{axis:"y"},Name:"minecraft:hay_block"},type:"minecraft:simple_state_provider"}}}]
[14:39:53] [Server thread/ERROR]: Input does not contain a key [type]: MapLike[{name:"minecraft:block_pile",config:{state_provider:{state:{Name:"minecraft:melon"},type:"minecraft:simple_state_provider"}}}]
[14:41:45] [Server thread/INFO]: Darkxelf_030 lost connection: Disconnected
[14:41:45] [Server thread/INFO]: Darkxelf_030 left the game
[15:32:16] [Server thread/INFO]: Villager EntityVillager['Mason'/426, l='ServerLevel[The World]', x=-257.50, y=70.06, z=-249.47] died, message: 'Mason was slain by Zombie'
[15:32:38] [Server thread/INFO]: Villager EntityVillager['Mason'/423, l='ServerLevel[The World]', x=-255.49, y=70.57, z=-244.50] died, message: 'Mason was slain by Zombie'
[15:32:40] [Server thread/INFO]: Villager EntityVillager['Villager'/250, l='ServerLevel[The World]', x=-257.29, y=70.00, z=-239.94] died, message: 'Villager was slain by Zombie'
[15:32:47] [Server thread/INFO]: Villager EntityVillager['Villager'/497, l='ServerLevel[The World]', x=-260.51, y=69.00, z=-244.24] died, message: 'Villager was slain by Zombie'
[15:45:54] [User Authenticator #28/INFO]: UUID of player OTARO is 70856b12-d4dc-3fc1-a2a2-b248ec62e0bd
[15:45:54] [Server thread/INFO]: OTARO[/25.90.226.250:11415] logged in with entity id 464162 at ([The World]-253.05752135343994, 77.0, -243.7784939054157)
[16:51:00] [User Authenticator #29/INFO]: UUID of player bruce8866 is e6306138-10b0-3f47-beee-72fd1ffe7eac
[16:51:00] [Server thread/INFO]: bruce8866[/192.168.1.151:7292] logged in with entity id 489041 at ([The World]-225.13945434686892, 63.5, -202.009326370865)
[17:04:40] [Server thread/INFO]: OTARO lost connection: Disconnected
[17:04:40] [Server thread/INFO]: OTARO left the game
[17:06:43] [User Authenticator #30/INFO]: UUID of player OTARO is 70856b12-d4dc-3fc1-a2a2-b248ec62e0bd
[17:06:43] [Server thread/INFO]: OTARO[/25.90.226.250:13957] logged in with entity id 502223 at ([The World]-725.3000000119209, 37.0, 1158.3875361457206)
[17:27:27] [Server thread/WARN]: bruce8866 moved too quickly! 798.876568279407,10.0,-1165.1944936410518
[17:27:27] [Server thread/WARN]: bruce8866 moved too quickly! 798.876568279407,10.0,-1165.1944936410518
[17:27:27] [Server thread/WARN]: bruce8866 moved too quickly! 798.876568279407,10.0,-1165.1944936410518
[17:58:35] [Server thread/INFO]: OTARO lost connection: Disconnected
[17:58:35] [Server thread/INFO]: OTARO left the game
[18:16:04] [User Authenticator #31/INFO]: UUID of player OTARO is 70856b12-d4dc-3fc1-a2a2-b248ec62e0bd
[18:16:05] [Server thread/INFO]: OTARO[/25.90.226.250:2875] logged in with entity id 535459 at ([The World_nether]-34.98918870788898, 121.0, -26.127458107419983)
[18:24:17] [Server thread/INFO]: OTARO lost connection: Disconnected
[18:24:17] [Server thread/INFO]: OTARO left the game
[18:41:14] [User Authenticator #32/INFO]: UUID of player OTARO is 70856b12-d4dc-3fc1-a2a2-b248ec62e0bd
[18:41:14] [Server thread/INFO]: OTARO[/25.90.226.250:12538] logged in with entity id 545860 at ([The World]-238.32213619744942, 68.0, -223.21715960479267)
[19:50:16] [Server thread/INFO]: OTARO lost connection: Disconnected
[19:50:16] [Server thread/INFO]: OTARO left the game
[20:34:04] [User Authenticator #33/INFO]: UUID of player OTARO is 70856b12-d4dc-3fc1-a2a2-b248ec62e0bd
[20:34:04] [Server thread/INFO]: OTARO[/25.90.226.250:1217] logged in with entity id 598720 at ([The World]-238.25238615510867, 64.0, -208.6557246331061)
[20:37:49] [Server thread/INFO]: scrx1316 tried to swim in lava to escape bruce8866
[20:54:53] [Server thread/INFO]: Villager EntityVillager['Librarian'/347, l='ServerLevel[The World]', x=-254.48, y=71.00, z=-244.51] died, message: 'Librarian suffocated in a wall'
[20:59:01] [Server thread/INFO]: Villager EntityVillager['Mason'/422, l='ServerLevel[The World]', x=-260.49, y=69.00, z=-241.11] died, message: 'Mason was slain by Zombie'
[20:59:10] [Server thread/INFO]: Villager EntityVillager['Mason'/421, l='ServerLevel[The World]', x=-260.51, y=69.00, z=-237.94] died, message: 'Mason was slain by Zombie'
[21:22:13] [Server thread/INFO]: bruce8866 issued server command: /tps
[21:31:57] [Server thread/FATAL]: Error executing task on Server
java.lang.NullPointerException: null
	at net.minecraft.server.v1_16_R3.ChunkMapDistance.b(ChunkMapDistance.java:244) ~[spigot-1.16.4.jar:git-Spigot-37d799b-3eb7236]
	at net.minecraft.server.v1_16_R3.PlayerChunkMap.movePlayer(PlayerChunkMap.java:956) ~[spigot-1.16.4.jar:git-Spigot-37d799b-3eb7236]
	at net.minecraft.server.v1_16_R3.ChunkProviderServer.movePlayer(ChunkProviderServer.java:482) ~[spigot-1.16.4.jar:git-Spigot-37d799b-3eb7236]
	at net.minecraft.server.v1_16_R3.PlayerConnection.a(PlayerConnection.java:522) ~[spigot-1.16.4.jar:git-Spigot-37d799b-3eb7236]
	at net.minecraft.server.v1_16_R3.PacketPlayInTeleportAccept.a(SourceFile:30) ~[spigot-1.16.4.jar:git-Spigot-37d799b-3eb7236]
	at net.minecraft.server.v1_16_R3.PacketPlayInTeleportAccept.a(SourceFile:8) ~[spigot-1.16.4.jar:git-Spigot-37d799b-3eb7236]
	at net.minecraft.server.v1_16_R3.PlayerConnectionUtils.lambda$0(PlayerConnectionUtils.java:19) ~[spigot-1.16.4.jar:git-Spigot-37d799b-3eb7236]
	at net.minecraft.server.v1_16_R3.TickTask.run(SourceFile:18) ~[spigot-1.16.4.jar:git-Spigot-37d799b-3eb7236]
	at net.minecraft.server.v1_16_R3.IAsyncTaskHandler.executeTask(SourceFile:144) ~[spigot-1.16.4.jar:git-Spigot-37d799b-3eb7236]
	at net.minecraft.server.v1_16_R3.IAsyncTaskHandlerReentrant.executeTask(SourceFile:23) ~[spigot-1.16.4.jar:git-Spigot-37d799b-3eb7236]
	at net.minecraft.server.v1_16_R3.IAsyncTaskHandler.executeNext(SourceFile:118) ~[spigot-1.16.4.jar:git-Spigot-37d799b-3eb7236]
	at net.minecraft.server.v1_16_R3.MinecraftServer.bb(MinecraftServer.java:941) ~[spigot-1.16.4.jar:git-Spigot-37d799b-3eb7236]
	at net.minecraft.server.v1_16_R3.MinecraftServer.executeNext(MinecraftServer.java:934) ~[spigot-1.16.4.jar:git-Spigot-37d799b-3eb7236]
	at net.minecraft.server.v1_16_R3.IAsyncTaskHandler.executeAll(SourceFile:103) ~[spigot-1.16.4.jar:git-Spigot-37d799b-3eb7236]
	at net.minecraft.server.v1_16_R3.MinecraftServer.sleepForTick(MinecraftServer.java:917) ~[spigot-1.16.4.jar:git-Spigot-37d799b-3eb7236]
	at net.minecraft.server.v1_16_R3.MinecraftServer.w(MinecraftServer.java:850) ~[spigot-1.16.4.jar:git-Spigot-37d799b-3eb7236]
	at net.minecraft.server.v1_16_R3.MinecraftServer.lambda$0(MinecraftServer.java:164) ~[spigot-1.16.4.jar:git-Spigot-37d799b-3eb7236]
	at java.lang.Thread.run(Unknown Source) [?:1.8.0_271]
[22:23:15] [Server thread/INFO]: scrx1316 lost connection: Disconnected
[22:23:15] [Server thread/INFO]: scrx1316 left the game
[22:31:40] [Server thread/WARN]: bruce8866 moved wrongly!
[22:41:44] [Server thread/WARN]: OTARO moved wrongly!
[22:49:03] [User Authenticator #34/INFO]: UUID of player scrx1316 is d3fa8ae6-9188-3ea7-bbe3-ef2465d94d83
[22:49:03] [Server thread/INFO]: scrx1316[/25.57.24.164:14458] logged in with entity id 654288 at ([The World]-217.89128424494658, 74.0, -201.944476681265)
[23:10:36] [Async Chat Thread - #8/INFO]: <bruce8866> 習尚
[23:10:49] [Async Chat Thread - #8/INFO]: <bruce8866> 習上韓下
[23:32:01] [Server thread/INFO]: Villager EntityVillager['Mason'/428, l='ServerLevel[The World]', x=-302.49, y=65.45, z=-220.50] died, message: 'Mason tried to swim in lava'
[23:41:59] [Server thread/INFO]: OTARO lost connection: Disconnected
[23:41:59] [Server thread/INFO]: OTARO left the game
[23:42:57] [User Authenticator #35/INFO]: UUID of player OTARO is 70856b12-d4dc-3fc1-a2a2-b248ec62e0bd
[23:42:57] [Server thread/INFO]: OTARO[/25.90.226.250:4449] logged in with entity id 681203 at ([The World]-720.920525949957, 37.0, 1127.2451039281564)
[23:43:07] [Server thread/INFO]: Villager EntityVillager['Cleric'/412046, l='ServerLevel[The World]', x=-302.75, y=68.00, z=-215.48] died, message: 'Cleric was slain by scrx1316 using [卍屁孩劍二世?]'
