[09:25:05] [Server thread/INFO]: [Textile Backup] Backup started by: Timer on: 31.01.2021_09-25-05
[09:25:05] [Server thread/INFO]: [Textile Backup] Saving server...
[09:25:06] [Server thread/INFO]: ThreadedAnvilChunkStorage (The World): All chunks are saved
[09:25:06] [Server thread/INFO]: ThreadedAnvilChunkStorage (DIM-1): All chunks are saved
[09:25:06] [Server thread/INFO]: ThreadedAnvilChunkStorage (DIM1): All chunks are saved
[09:25:06] [pool-3-thread-1/INFO]: [Textile Backup] Starting backup
[09:26:52] [pool-3-thread-1/INFO]: [Textile Backup] Deleting: 21.01.2021_00-12-22.zip
[09:26:52] [pool-3-thread-1/INFO]: [Textile Backup] Done!
[12:50:05] [Server thread/INFO]: LMY008117[/120.97.130.22:57297] logged in with entity id 18703 at (-251.1735225711339, 77.0, -243.15178349069552)
[12:50:05] [Server thread/INFO]: LMY008117 joined the game
[12:50:06] [Netty Server IO #1/WARN]: Player LMY008117 joined with another carpet version: 1.4.8+v200811
[12:57:05] [Server thread/WARN]: Can't keep up! Is the server overloaded? Running 2142ms or 42 ticks behind
[12:57:41] [Server thread/WARN]: Can't keep up! Is the server overloaded? Running 2105ms or 42 ticks behind
[12:58:10] [Server thread/WARN]: Can't keep up! Is the server overloaded? Running 2401ms or 48 ticks behind
[12:59:28] [Server thread/INFO]: LMY008117 has made the advancement [Remote Getaway]
[13:06:10] [Server thread/WARN]: Can't keep up! Is the server overloaded? Running 4062ms or 81 ticks behind
[13:42:30] [Server thread/WARN]: Can't keep up! Is the server overloaded? Running 4239ms or 84 ticks behind
[13:45:12] [Server thread/WARN]: Can't keep up! Is the server overloaded? Running 2841ms or 56 ticks behind
[13:46:32] [Server thread/WARN]: Can't keep up! Is the server overloaded? Running 2907ms or 58 ticks behind
[14:22:29] [Server thread/INFO]: LMY008117 has reached the goal [The Next Generation]
[14:23:53] [Server thread/INFO]: LMY008117 has made the advancement [Spooky Scary Skeleton]
[14:25:33] [Server thread/INFO]: LMY008117 has made the advancement [Fishy Business]
[14:26:09] [Server thread/INFO]: LMY008117 has made the advancement [Ol' Betsy]
[14:47:23] [Server thread/WARN]: Can't keep up! Is the server overloaded? Running 2100ms or 42 ticks behind
[14:47:50] [Server thread/INFO]: LMY008117 lost connection: Disconnected
[14:47:50] [Server thread/INFO]: LMY008117 left the game
[14:51:53] [Server thread/INFO]: LMY008117[/120.97.130.19:35736] logged in with entity id 32506 at (-643.4366269458385, 72.0, -3.4135929452883786)
[14:51:53] [Server thread/INFO]: LMY008117 joined the game
[14:51:54] [Netty Server IO #3/WARN]: Player LMY008117 joined with another carpet version: 1.4.8+v200811
[15:07:16] [Server thread/WARN]: Can't keep up! Is the server overloaded? Running 2070ms or 41 ticks behind
[15:07:38] [Server thread/WARN]: Mismatch in destroy block pos: class_2338{x=-690, y=83, z=-15} class_2338{x=-691, y=82, z=-15}
[15:09:45] [Server thread/WARN]: Mismatch in destroy block pos: class_2338{x=-707, y=94, z=-20} class_2338{x=-708, y=93, z=-20}
[15:35:20] [Server thread/WARN]: Can't keep up! Is the server overloaded? Running 2313ms or 46 ticks behind
[15:56:29] [Server thread/WARN]: Can't keep up! Is the server overloaded? Running 2099ms or 41 ticks behind
[15:57:17] [Server thread/WARN]: Can't keep up! Is the server overloaded? Running 2373ms or 47 ticks behind
[15:57:37] [Server thread/WARN]: Can't keep up! Is the server overloaded? Running 5467ms or 109 ticks behind
[15:57:54] [Server thread/INFO]: LMY008117 has made the advancement [A Terrible Fortress]
[15:59:27] [Server thread/INFO]: LMY008117 has made the advancement [Into Fire]
[16:00:58] [Server thread/INFO]: LMY008117 lost connection: Disconnected
[16:00:58] [Server thread/INFO]: LMY008117 left the game
[16:01:57] [Server thread/INFO]: LMY008117[/223.136.92.180:34968] logged in with entity id 45750 at (475.2635793770018, 69.0, -188.68092396025358)
[16:01:57] [Server thread/INFO]: LMY008117 joined the game
[16:01:58] [Netty Server IO #4/WARN]: Player LMY008117 joined with another carpet version: 1.4.8+v200811
[16:35:49] [Server thread/INFO]: LMY008117 has completed the challenge [Subspace Bubble]
[16:35:49] [Server thread/WARN]: Can't keep up! Is the server overloaded? Running 3811ms or 76 ticks behind
[16:47:52] [Server thread/INFO]: LMY008117 has made the advancement [Isn't It Iron Pick]
[16:50:22] [Server thread/INFO]: LMY008117 has made the advancement [Bring Home the Beacon]
[16:55:22] [Server thread/INFO]: LMY008117 has reached the goal [Beaconator]
[17:02:29] [Server thread/WARN]: Can't keep up! Is the server overloaded? Running 2825ms or 56 ticks behind
[17:04:47] [Server thread/INFO]: LMY008117 lost connection: Disconnected
[17:04:47] [Server thread/INFO]: LMY008117 left the game
[17:06:38] [Server thread/INFO]: Kaguratianyin[/111.251.23.94:52438] logged in with entity id 58419 at (-30.273778926666512, 67.0, -33.58093411226285)
[17:06:38] [Server thread/INFO]: Kaguratianyin joined the game
[17:12:54] [Server thread/INFO]: Kaguratianyin lost connection: Disconnected
[17:12:54] [Server thread/INFO]: Kaguratianyin left the game
